<?xml version="1.0" encoding="UTF-8"?>
<testsuite name="IrisDatasetTest" tests="1" skipped="0" failures="0" errors="0" timestamp="2025-01-17T19:38:49" hostname="LEOQIAN" time="173.658">
  <properties/>
  <testcase name="testDataset()" classname="IrisDatasetTest" time="173.658"/>
  <system-out><![CDATA[Train Accuracy: 33.333333333333336%		Avg Cost: 1.9095333333333333
32.039615565117664
Train Accuracy: 33.333333333333336%		Avg Cost: 1.9095333333333333
32.039615565117664
Train Accuracy: 33.333333333333336%		Avg Cost: 1.9095333333333333
32.039615565117664
Train Accuracy: 37.333333333333336%		Avg Cost: 1.6335333333333333
36.351842617469735
Train Accuracy: 33.333333333333336%		Avg Cost: 1.9095333333333333
32.039615565117664
Train Accuracy: 41.333333333333336%		Avg Cost: 1.8773333333333333
40.07362867295807
Train Accuracy: 33.333333333333336%		Avg Cost: 1.9095333333333333
32.039615565117664
Train Accuracy: 33.333333333333336%		Avg Cost: 1.9095333333333333
32.039615565117664
Train Accuracy: 33.333333333333336%		Avg Cost: 1.9095333333333333
32.039615565117664
Train Accuracy: 33.333333333333336%		Avg Cost: 1.9095333333333333
32.039615565117664
Train Accuracy: 33.333333333333336%		Avg Cost: 1.9095333333333333
32.039615565117664
Train Accuracy: 33.333333333333336%		Avg Cost: 1.9095333333333333
32.039615565117664
Train Accuracy: 33.333333333333336%		Avg Cost: 1.9095333333333333
32.039615565117664
Train Accuracy: 33.333333333333336%		Avg Cost: 1.9095333333333333
32.039615565117664
Train Accuracy: 33.333333333333336%		Avg Cost: 1.9095333333333333
32.039615565117664
Train Accuracy: 41.333333333333336%		Avg Cost: 1.9076
40.041641518449474
Train Accuracy: 33.333333333333336%		Avg Cost: 1.9095333333333333
32.039615565117664
Train Accuracy: 33.333333333333336%		Avg Cost: 1.9095333333333333
32.039615565117664
Train Accuracy: 33.333333333333336%		Avg Cost: 1.9095333333333333
32.039615565117664
Train Accuracy: 17.333333333333332%		Avg Cost: 1.9169333333333334
16.03187995953695
Train Accuracy: 39.333333333333336%		Avg Cost: 1.8384
38.11554207710863
Train Accuracy: 33.333333333333336%		Avg Cost: 1.9095333333333333
32.039615565117664
Train Accuracy: 33.333333333333336%		Avg Cost: 1.9095333333333333
32.039615565117664
Train Accuracy: 33.333333333333336%		Avg Cost: 1.9095333333333333
32.039615565117664
Train Accuracy: 41.333333333333336%		Avg Cost: 1.8925333333333334
40.05750069421228
Train Accuracy: 33.333333333333336%		Avg Cost: 1.9095333333333333
32.039615565117664
Train Accuracy: 33.333333333333336%		Avg Cost: 1.9095333333333333
32.039615565117664
Train Accuracy: 33.333333333333336%		Avg Cost: 1.9095333333333333
32.039615565117664
Train Accuracy: 66.66666666666667%		Avg Cost: 1.8705333333333334
65.41421947627794
Train Accuracy: 33.333333333333336%		Avg Cost: 1.9095333333333333
32.039615565117664
Train Accuracy: 60.0%		Avg Cost: 1.8423333333333334
58.77793423163397
Train Accuracy: 33.333333333333336%		Avg Cost: 1.9095333333333333
32.039615565117664
Train Accuracy: 62.0%		Avg Cost: 1.8297333333333334
60.791659526509534
Train Accuracy: 33.333333333333336%		Avg Cost: 1.9095333333333333
32.039615565117664
Train Accuracy: 66.66666666666667%		Avg Cost: 1.5342
65.81064852158056
Train Accuracy: 33.333333333333336%		Avg Cost: 1.9095333333333333
32.039615565117664
Train Accuracy: 33.333333333333336%		Avg Cost: 1.9095333333333333
32.039615565117664
Train Accuracy: 33.333333333333336%		Avg Cost: 1.9095333333333333
32.039615565117664
Train Accuracy: 33.333333333333336%		Avg Cost: 1.9095333333333333
32.039615565117664
Train Accuracy: 33.333333333333336%		Avg Cost: 1.9096
32.03954574124837
Train Accuracy: 33.333333333333336%		Avg Cost: 1.9095333333333333
32.039615565117664
Train Accuracy: 66.66666666666667%		Avg Cost: 1.6291333333333333
65.69057031451467
Train Accuracy: 66.66666666666667%		Avg Cost: 1.6829333333333334
65.6255900614271
Train Accuracy: 33.333333333333336%		Avg Cost: 1.9095333333333333
32.039615565117664
Train Accuracy: 33.333333333333336%		Avg Cost: 1.9095333333333333
32.039615565117664
Train Accuracy: 33.333333333333336%		Avg Cost: 1.9095333333333333
32.039615565117664
Train Accuracy: 33.333333333333336%		Avg Cost: 1.9095333333333333
32.039615565117664
Train Accuracy: 54.666666666666664%		Avg Cost: 1.8872
53.396478168444006
Train Accuracy: 33.333333333333336%		Avg Cost: 1.9095333333333333
32.039615565117664
Train Accuracy: 33.333333333333336%		Avg Cost: 1.9095333333333333
32.039615565117664
Generation score: 1831.6448419256062
Train Accuracy: 66.66666666666667%		Avg Cost: 1.5342
65.81064852158056
Train Accuracy: 33.333333333333336%		Avg Cost: 1.9095333333333333
32.039615565117664
Train Accuracy: 33.333333333333336%		Avg Cost: 1.9095333333333333
32.039615565117664
Train Accuracy: 33.333333333333336%		Avg Cost: 1.9095333333333333
32.039615565117664
Train Accuracy: 33.333333333333336%		Avg Cost: 1.9095333333333333
32.039615565117664
Train Accuracy: 41.333333333333336%		Avg Cost: 1.8925333333333334
40.05750069421228
Train Accuracy: 33.333333333333336%		Avg Cost: 1.9095333333333333
32.039615565117664
Train Accuracy: 33.333333333333336%		Avg Cost: 1.9095333333333333
32.039615565117664
Train Accuracy: 33.333333333333336%		Avg Cost: 1.9095333333333333
32.039615565117664
Train Accuracy: 56.0%		Avg Cost: 1.8998
54.71650276505211
Train Accuracy: 33.333333333333336%		Avg Cost: 1.9095333333333333
32.039615565117664
Train Accuracy: 39.333333333333336%		Avg Cost: 1.8384
38.11554207710863
Train Accuracy: 33.333333333333336%		Avg Cost: 1.9095333333333333
32.039615565117664
Train Accuracy: 62.0%		Avg Cost: 1.8297333333333334
60.791659526509534
Train Accuracy: 41.333333333333336%		Avg Cost: 1.8773333333333333
40.07362867295807
Train Accuracy: 41.333333333333336%		Avg Cost: 1.9076
40.041641518449474
Train Accuracy: 66.66666666666667%		Avg Cost: 1.5828666666666666
65.74819156848088
Train Accuracy: 33.333333333333336%		Avg Cost: 1.9095333333333333
32.039615565117664
Train Accuracy: 33.333333333333336%		Avg Cost: 1.9095333333333333
32.039615565117664
Train Accuracy: 33.333333333333336%		Avg Cost: 1.9095333333333333
32.039615565117664
Train Accuracy: 66.66666666666667%		Avg Cost: 1.6829333333333334
65.6255900614271
Train Accuracy: 33.333333333333336%		Avg Cost: 1.9095333333333333
32.039615565117664
Train Accuracy: 45.333333333333336%		Avg Cost: 1.8985333333333334
44.05117001682015
Train Accuracy: 33.333333333333336%		Avg Cost: 1.9095333333333333
32.039615565117664
Train Accuracy: 33.333333333333336%		Avg Cost: 1.9095333333333333
32.039615565117664
Train Accuracy: 36.666666666666664%		Avg Cost: 1.8523333333333334
35.43377445540732
Train Accuracy: 33.333333333333336%		Avg Cost: 1.9095333333333333
32.039615565117664
Train Accuracy: 33.333333333333336%		Avg Cost: 1.9095333333333333
32.039615565117664
Train Accuracy: 33.333333333333336%		Avg Cost: 1.9095333333333333
32.039615565117664
Train Accuracy: 33.333333333333336%		Avg Cost: 1.9095333333333333
32.039615565117664
Train Accuracy: 33.333333333333336%		Avg Cost: 1.9095333333333333
32.039615565117664
Train Accuracy: 33.333333333333336%		Avg Cost: 1.9095333333333333
32.039615565117664
Train Accuracy: 26.0%		Avg Cost: 1.9152666666666667
24.70028627107784
Train Accuracy: 33.333333333333336%		Avg Cost: 1.9095333333333333
32.039615565117664
Train Accuracy: 33.333333333333336%		Avg Cost: 1.9095333333333333
32.039615565117664
Train Accuracy: 66.66666666666667%		Avg Cost: 1.8727333333333334
65.4118685881909
Train Accuracy: 33.333333333333336%		Avg Cost: 1.9095333333333333
32.039615565117664
Train Accuracy: 66.66666666666667%		Avg Cost: 1.5342
65.81064852158056
Train Accuracy: 41.333333333333336%		Avg Cost: 1.9076
40.041641518449474
Train Accuracy: 66.66666666666667%		Avg Cost: 1.3571333333333333
66.05591740270127
Train Accuracy: 33.333333333333336%		Avg Cost: 1.9095333333333333
32.039615565117664
Train Accuracy: 33.333333333333336%		Avg Cost: 1.9095333333333333
32.039615565117664
Train Accuracy: 33.333333333333336%		Avg Cost: 1.9095333333333333
32.039615565117664
Train Accuracy: 54.666666666666664%		Avg Cost: 1.8872
53.396478168444006
Train Accuracy: 37.333333333333336%		Avg Cost: 1.6335333333333333
36.351842617469735
Train Accuracy: 66.66666666666667%		Avg Cost: 1.5342
65.81064852158056
Train Accuracy: 33.333333333333336%		Avg Cost: 1.9095333333333333
32.039615565117664
Train Accuracy: 33.333333333333336%		Avg Cost: 1.9095333333333333
32.039615565117664
Train Accuracy: 33.333333333333336%		Avg Cost: 1.9095333333333333
32.039615565117664
Train Accuracy: 33.333333333333336%		Avg Cost: 1.9095333333333333
32.039615565117664
Generation score: 1961.2732640061474
Train Accuracy: 33.333333333333336%		Avg Cost: 1.9095333333333333
32.039615565117664
Train Accuracy: 33.333333333333336%		Avg Cost: 1.9091333333333333
32.04003455953261
Train Accuracy: 41.333333333333336%		Avg Cost: 1.8925333333333334
40.05750069421228
Train Accuracy: 33.333333333333336%		Avg Cost: 1.9095333333333333
32.039615565117664
Train Accuracy: 41.333333333333336%		Avg Cost: 1.7867333333333333
40.17255533503072
Train Accuracy: 39.333333333333336%		Avg Cost: 1.8384
38.11554207710863
Train Accuracy: 65.33333333333333%		Avg Cost: 1.9014
64.04815241944775
Train Accuracy: 33.333333333333336%		Avg Cost: 1.9095333333333333
32.039615565117664
Train Accuracy: 33.333333333333336%		Avg Cost: 1.9095333333333333
32.039615565117664
Train Accuracy: 33.333333333333336%		Avg Cost: 1.9095333333333333
32.039615565117664
Train Accuracy: 41.333333333333336%		Avg Cost: 1.8773333333333333
40.07362867295807
Train Accuracy: 33.333333333333336%		Avg Cost: 1.9095333333333333
32.039615565117664
Train Accuracy: 33.333333333333336%		Avg Cost: 2.2352666666666665
31.72461226354732
Train Accuracy: 33.333333333333336%		Avg Cost: 1.9095333333333333
32.039615565117664
Train Accuracy: 33.333333333333336%		Avg Cost: 1.9095333333333333
32.039615565117664
Train Accuracy: 62.0%		Avg Cost: 1.8297333333333334
60.791659526509534
Train Accuracy: 56.0%		Avg Cost: 1.8998
54.71650276505211
Train Accuracy: 66.66666666666667%		Avg Cost: 1.3571333333333333
66.05591740270127
Train Accuracy: 33.333333333333336%		Avg Cost: 1.9095333333333333
32.039615565117664
Train Accuracy: 33.333333333333336%		Avg Cost: 1.9084
32.040802944013706
Train Accuracy: 33.333333333333336%		Avg Cost: 1.9095333333333333
32.039615565117664
Train Accuracy: 33.333333333333336%		Avg Cost: 1.9095333333333333
32.039615565117664
Train Accuracy: 33.333333333333336%		Avg Cost: 1.9095333333333333
32.039615565117664
Train Accuracy: 33.333333333333336%		Avg Cost: 1.9095333333333333
32.039615565117664
Train Accuracy: 33.333333333333336%		Avg Cost: 1.9092666666666667
32.039894884974274
Train Accuracy: 33.333333333333336%		Avg Cost: 1.9095333333333333
32.039615565117664
Train Accuracy: 66.66666666666667%		Avg Cost: 1.5147333333333333
65.83618785493336
Train Accuracy: 33.333333333333336%		Avg Cost: 1.9095333333333333
32.039615565117664
Train Accuracy: 33.333333333333336%		Avg Cost: 1.9470666666666667
32.000685400301194
Train Accuracy: 45.333333333333336%		Avg Cost: 1.8985333333333334
44.05117001682015
Train Accuracy: 33.333333333333336%		Avg Cost: 1.9095333333333333
32.039615565117664
Train Accuracy: 33.333333333333336%		Avg Cost: 1.9095333333333333
32.039615565117664
Train Accuracy: 33.333333333333336%		Avg Cost: 1.9095333333333333
32.039615565117664
Train Accuracy: 36.666666666666664%		Avg Cost: 1.8523333333333334
35.43377445540732
Train Accuracy: 33.333333333333336%		Avg Cost: 1.9095333333333333
32.039615565117664
Train Accuracy: 33.333333333333336%		Avg Cost: 1.9095333333333333
32.039615565117664
Train Accuracy: 33.333333333333336%		Avg Cost: 1.9095333333333333
32.039615565117664
Train Accuracy: 33.333333333333336%		Avg Cost: 1.9095333333333333
32.039615565117664
Train Accuracy: 33.333333333333336%		Avg Cost: 1.9095333333333333
32.039615565117664
Train Accuracy: 33.333333333333336%		Avg Cost: 1.9095333333333333
32.039615565117664
Train Accuracy: 33.333333333333336%		Avg Cost: 1.9095333333333333
32.039615565117664
Train Accuracy: 33.333333333333336%		Avg Cost: 1.9096
32.03954574124837
Train Accuracy: 33.333333333333336%		Avg Cost: 1.9095333333333333
32.039615565117664
Train Accuracy: 54.666666666666664%		Avg Cost: 1.8872
53.396478168444006
Train Accuracy: 33.333333333333336%		Avg Cost: 1.9095333333333333
32.039615565117664
Train Accuracy: 33.333333333333336%		Avg Cost: 1.9095333333333333
32.039615565117664
Train Accuracy: 33.333333333333336%		Avg Cost: 1.9095333333333333
32.039615565117664
Train Accuracy: 33.333333333333336%		Avg Cost: 1.9095333333333333
32.039615565117664
Train Accuracy: 66.0%		Avg Cost: 1.7998666666666667
64.82457482383116
Train Accuracy: 33.333333333333336%		Avg Cost: 2.046
31.901559998274465
Generation score: 1852.5492469578774
Train Accuracy: 33.333333333333336%		Avg Cost: 1.9084
32.040802944013706
Train Accuracy: 33.333333333333336%		Avg Cost: 1.9095333333333333
32.039615565117664
Train Accuracy: 41.333333333333336%		Avg Cost: 1.7867333333333333
40.17255533503072
Train Accuracy: 33.333333333333336%		Avg Cost: 1.9095333333333333
32.039615565117664
Train Accuracy: 33.333333333333336%		Avg Cost: 1.9095333333333333
32.039615565117664
Train Accuracy: 33.333333333333336%		Avg Cost: 1.9095333333333333
32.039615565117664
Train Accuracy: 33.333333333333336%		Avg Cost: 1.9092666666666667
32.039894884974274
Train Accuracy: 33.333333333333336%		Avg Cost: 1.9095333333333333
32.039615565117664
Train Accuracy: 33.333333333333336%		Avg Cost: 1.9095333333333333
32.039615565117664
Train Accuracy: 66.66666666666667%		Avg Cost: 1.5147333333333333
65.83618785493336
Train Accuracy: 33.333333333333336%		Avg Cost: 1.9091333333333333
32.04003455953261
Train Accuracy: 33.333333333333336%		Avg Cost: 1.9095333333333333
32.039615565117664
Train Accuracy: 33.333333333333336%		Avg Cost: 1.9095333333333333
32.039615565117664
Train Accuracy: 33.333333333333336%		Avg Cost: 1.9095333333333333
32.039615565117664
Train Accuracy: 33.333333333333336%		Avg Cost: 1.9095333333333333
32.039615565117664
Train Accuracy: 33.333333333333336%		Avg Cost: 1.9095333333333333
32.039615565117664
Train Accuracy: 33.333333333333336%		Avg Cost: 1.8872
32.06314483511068
Train Accuracy: 33.333333333333336%		Avg Cost: 1.9095333333333333
32.039615565117664
Train Accuracy: 33.333333333333336%		Avg Cost: 1.9096
32.03954574124837
Train Accuracy: 62.0%		Avg Cost: 1.8297333333333334
60.791659526509534
Train Accuracy: 33.333333333333336%		Avg Cost: 1.7858666666666667
32.17352568344215
Train Accuracy: 66.66666666666667%		Avg Cost: 1.3571333333333333
66.05591740270127
Train Accuracy: 33.333333333333336%		Avg Cost: 1.9095333333333333
32.039615565117664
Train Accuracy: 39.333333333333336%		Avg Cost: 1.8384
38.11554207710863
Train Accuracy: 41.333333333333336%		Avg Cost: 1.8773333333333333
40.07362867295807
Train Accuracy: 33.333333333333336%		Avg Cost: 1.9095333333333333
32.039615565117664
Train Accuracy: 64.66666666666667%		Avg Cost: 1.8891333333333333
63.39443032644323
Train Accuracy: 33.333333333333336%		Avg Cost: 2.2352666666666665
31.72461226354732
Train Accuracy: 33.333333333333336%		Avg Cost: 1.9095333333333333
32.039615565117664
Train Accuracy: 65.33333333333333%		Avg Cost: 1.9014
64.04815241944775
Train Accuracy: 33.333333333333336%		Avg Cost: 1.9095333333333333
32.039615565117664
Train Accuracy: 33.333333333333336%		Avg Cost: 1.9095333333333333
32.039615565117664
Train Accuracy: 33.333333333333336%		Avg Cost: 1.9095333333333333
32.039615565117664
Train Accuracy: 33.333333333333336%		Avg Cost: 1.9095333333333333
32.039615565117664
Train Accuracy: 33.333333333333336%		Avg Cost: 1.8776666666666666
32.0732735908444
Train Accuracy: 66.0%		Avg Cost: 1.7998666666666667
64.82457482383116
Train Accuracy: 33.333333333333336%		Avg Cost: 1.9095333333333333
32.039615565117664
Train Accuracy: 33.333333333333336%		Avg Cost: 1.9470666666666667
32.000685400301194
Train Accuracy: 33.333333333333336%		Avg Cost: 1.9095333333333333
32.039615565117664
Train Accuracy: 33.333333333333336%		Avg Cost: 1.9095333333333333
32.039615565117664
Train Accuracy: 43.333333333333336%		Avg Cost: 1.9042
42.045209387594426
Train Accuracy: 33.333333333333336%		Avg Cost: 1.9095333333333333
32.039615565117664
Train Accuracy: 59.333333333333336%		Avg Cost: 1.8114666666666666
58.14505967287965
Train Accuracy: 33.333333333333336%		Avg Cost: 1.9095333333333333
32.039615565117664
Train Accuracy: 52.666666666666664%		Avg Cost: 1.9070666666666667
51.375534096805666
Train Accuracy: 33.333333333333336%		Avg Cost: 1.9095333333333333
32.039615565117664
Train Accuracy: 33.333333333333336%		Avg Cost: 1.9095333333333333
32.039615565117664
Train Accuracy: 54.666666666666664%		Avg Cost: 1.8872
53.396478168444006
Train Accuracy: 33.333333333333336%		Avg Cost: 2.046
31.901559998274465
Train Accuracy: 33.333333333333336%		Avg Cost: 1.9095333333333333
32.039615565117664
Generation score: 1893.4416299241527
Train Accuracy: 33.333333333333336%		Avg Cost: 1.9095333333333333
32.039615565117664
Train Accuracy: 33.333333333333336%		Avg Cost: 1.9092666666666667
32.039894884974274
Train Accuracy: 33.333333333333336%		Avg Cost: 1.8856
32.06484118805377
Train Accuracy: 33.333333333333336%		Avg Cost: 1.7494
32.2147875893261
Train Accuracy: 29.333333333333332%		Avg Cost: 1.9464
28.00137030835898
Train Accuracy: 38.666666666666664%		Avg Cost: 1.8795333333333333
37.404619628510474
Train Accuracy: 64.66666666666667%		Avg Cost: 1.8891333333333333
63.39443032644323
Train Accuracy: 33.333333333333336%		Avg Cost: 1.9096
32.03954574124837
Train Accuracy: 66.66666666666667%		Avg Cost: 1.3572666666666666
66.05572091974601
Train Accuracy: 33.333333333333336%		Avg Cost: 1.7858666666666667
32.17352568344215
Train Accuracy: 33.333333333333336%		Avg Cost: 1.9095333333333333
32.039615565117664
Train Accuracy: 38.0%		Avg Cost: 1.8002666666666667
36.824130395845174
Train Accuracy: 33.333333333333336%		Avg Cost: 1.9095333333333333
32.039615565117664
Train Accuracy: 39.333333333333336%		Avg Cost: 1.9122666666666666
38.0367547834971
Train Accuracy: 66.0%		Avg Cost: 1.7998666666666667
64.82457482383116
Train Accuracy: 66.66666666666667%		Avg Cost: 1.5147333333333333
65.83618785493336
Train Accuracy: 33.333333333333336%		Avg Cost: 1.9095333333333333
32.039615565117664
Train Accuracy: 33.333333333333336%		Avg Cost: 1.9095333333333333
32.039615565117664
Train Accuracy: 33.333333333333336%		Avg Cost: 1.9095333333333333
32.039615565117664
Train Accuracy: 33.333333333333336%		Avg Cost: 1.9095333333333333
32.039615565117664
Train Accuracy: 65.33333333333333%		Avg Cost: 1.9014
64.04815241944775
Train Accuracy: 33.333333333333336%		Avg Cost: 1.9095333333333333
32.039615565117664
Train Accuracy: 33.333333333333336%		Avg Cost: 1.9095333333333333
32.039615565117664
Train Accuracy: 33.333333333333336%		Avg Cost: 1.9095333333333333
32.039615565117664
Train Accuracy: 33.333333333333336%		Avg Cost: 1.9095333333333333
32.039615565117664
Train Accuracy: 33.333333333333336%		Avg Cost: 1.9091333333333333
32.04003455953261
Train Accuracy: 59.333333333333336%		Avg Cost: 1.8114666666666666
58.14505967287965
Train Accuracy: 33.333333333333336%		Avg Cost: 1.9095333333333333
32.039615565117664
Train Accuracy: 43.333333333333336%		Avg Cost: 1.9042
42.045209387594426
Train Accuracy: 62.666666666666664%		Avg Cost: 1.8282
61.4600029141915
Train Accuracy: 66.66666666666667%		Avg Cost: 1.3571333333333333
66.05591740270127
Train Accuracy: 33.333333333333336%		Avg Cost: 1.9095333333333333
32.039615565117664
Train Accuracy: 33.333333333333336%		Avg Cost: 1.9095333333333333
32.039615565117664
Train Accuracy: 33.333333333333336%		Avg Cost: 1.9095333333333333
32.039615565117664
Train Accuracy: 33.333333333333336%		Avg Cost: 1.9095333333333333
32.039615565117664
Train Accuracy: 33.333333333333336%		Avg Cost: 1.9073333333333333
32.041921121413715
Train Accuracy: 33.333333333333336%		Avg Cost: 1.9095333333333333
32.039615565117664
Train Accuracy: 52.666666666666664%		Avg Cost: 1.8992
51.38380117692013
Train Accuracy: 33.333333333333336%		Avg Cost: 1.9095333333333333
32.039615565117664
Train Accuracy: 33.333333333333336%		Avg Cost: 1.9095333333333333
32.039615565117664
Train Accuracy: 33.333333333333336%		Avg Cost: 1.9095333333333333
32.039615565117664
Train Accuracy: 54.666666666666664%		Avg Cost: 1.8872
53.396478168444006
Train Accuracy: 33.333333333333336%		Avg Cost: 1.9095333333333333
32.039615565117664
Train Accuracy: 60.666666666666664%		Avg Cost: 1.6304666666666667
59.68893412184354
Train Accuracy: 33.333333333333336%		Avg Cost: 1.9095333333333333
32.039615565117664
Train Accuracy: 33.333333333333336%		Avg Cost: 1.9095333333333333
32.039615565117664
Train Accuracy: 33.333333333333336%		Avg Cost: 1.9095333333333333
32.039615565117664
Train Accuracy: 33.333333333333336%		Avg Cost: 1.9470666666666667
32.000685400301194
Train Accuracy: 33.333333333333336%		Avg Cost: 1.9095333333333333
32.039615565117664
Train Accuracy: 52.666666666666664%		Avg Cost: 1.9070666666666667
51.375534096805666
Generation score: 1965.582503698226
Train Accuracy: 33.333333333333336%		Avg Cost: 1.9095333333333333
32.039615565117664
Train Accuracy: 33.333333333333336%		Avg Cost: 1.9094666666666666
32.03968539142473
Train Accuracy: 33.333333333333336%		Avg Cost: 1.9006666666666667
32.04892392968859
Train Accuracy: 33.333333333333336%		Avg Cost: 1.9095333333333333
32.039615565117664
Train Accuracy: 52.666666666666664%		Avg Cost: 1.8992
51.38380117692013
Train Accuracy: 33.333333333333336%		Avg Cost: 1.9043333333333334
32.04506935118491
Train Accuracy: 33.333333333333336%		Avg Cost: 1.9095333333333333
32.039615565117664
Train Accuracy: 33.333333333333336%		Avg Cost: 1.8236666666666668
32.13163508050618
Train Accuracy: 33.333333333333336%		Avg Cost: 1.9095333333333333
32.039615565117664
Train Accuracy: 62.666666666666664%		Avg Cost: 1.8282
61.4600029141915
Train Accuracy: 64.66666666666667%		Avg Cost: 1.8891333333333333
63.39443032644323
Train Accuracy: 33.333333333333336%		Avg Cost: 1.9095333333333333
32.039615565117664
Train Accuracy: 33.333333333333336%		Avg Cost: 1.9095333333333333
32.039615565117664
Train Accuracy: 49.333333333333336%		Avg Cost: 1.9068
48.04248044463627
Train Accuracy: 37.333333333333336%		Avg Cost: 1.5208666666666666
36.49477263771628
Train Accuracy: 33.333333333333336%		Avg Cost: 1.9095333333333333
32.039615565117664
Train Accuracy: 66.66666666666667%		Avg Cost: 1.3572666666666666
66.05572091974601
Train Accuracy: 33.333333333333336%		Avg Cost: 1.9095333333333333
32.039615565117664
Train Accuracy: 33.333333333333336%		Avg Cost: 1.9095333333333333
32.039615565117664
Train Accuracy: 33.333333333333336%		Avg Cost: 1.9095333333333333
32.039615565117664
Train Accuracy: 33.333333333333336%		Avg Cost: 1.9095333333333333
32.039615565117664
Train Accuracy: 66.66666666666667%		Avg Cost: 1.7954
65.49621098998577
Train Accuracy: 33.333333333333336%		Avg Cost: 1.9095333333333333
32.039615565117664
Train Accuracy: 33.333333333333336%		Avg Cost: 1.9095333333333333
32.039615565117664
Train Accuracy: 38.0%		Avg Cost: 1.8002666666666667
36.824130395845174
Train Accuracy: 33.333333333333336%		Avg Cost: 1.7858666666666667
32.17352568344215
Train Accuracy: 62.0%		Avg Cost: 1.7720666666666667
60.855707052504854
Train Accuracy: 33.333333333333336%		Avg Cost: 1.9095333333333333
32.039615565117664
Train Accuracy: 33.333333333333336%		Avg Cost: 1.9095333333333333
32.039615565117664
Train Accuracy: 33.333333333333336%		Avg Cost: 1.9095333333333333
32.039615565117664
Train Accuracy: 38.666666666666664%		Avg Cost: 1.8795333333333333
37.404619628510474
Train Accuracy: 33.333333333333336%		Avg Cost: 1.9095333333333333
32.039615565117664
Train Accuracy: 43.333333333333336%		Avg Cost: 1.9042
42.045209387594426
Train Accuracy: 33.333333333333336%		Avg Cost: 1.9095333333333333
32.039615565117664
Train Accuracy: 33.333333333333336%		Avg Cost: 1.9470666666666667
32.000685400301194
Train Accuracy: 33.333333333333336%		Avg Cost: 1.8503333333333334
32.10260172725351
Train Accuracy: 33.333333333333336%		Avg Cost: 1.9095333333333333
32.039615565117664
Train Accuracy: 33.333333333333336%		Avg Cost: 1.8856
32.06484118805377
Train Accuracy: 33.333333333333336%		Avg Cost: 1.9095333333333333
32.039615565117664
Train Accuracy: 65.33333333333333%		Avg Cost: 1.9014
64.04815241944775
Train Accuracy: 33.333333333333336%		Avg Cost: 1.9095333333333333
32.039615565117664
Train Accuracy: 33.333333333333336%		Avg Cost: 1.9095333333333333
32.039615565117664
Train Accuracy: 33.333333333333336%		Avg Cost: 1.9095333333333333
32.039615565117664
Train Accuracy: 47.333333333333336%		Avg Cost: 1.9061333333333332
46.043179818703614
Train Accuracy: 33.333333333333336%		Avg Cost: 1.9095333333333333
32.039615565117664
Train Accuracy: 33.333333333333336%		Avg Cost: 1.9092
32.039964721034124
Train Accuracy: 66.66666666666667%		Avg Cost: 1.3170666666666666
66.11585258351434
Train Accuracy: 65.33333333333333%		Avg Cost: 1.9081333333333332
64.04108242976038
Train Accuracy: 33.333333333333336%		Avg Cost: 1.9095333333333333
32.039615565117664
Train Accuracy: 66.66666666666667%		Avg Cost: 1.3571333333333333
66.05591740270127
Generation score: 1965.3985921290514
Train Accuracy: 38.0%		Avg Cost: 1.8002666666666667
36.824130395845174
Train Accuracy: 33.333333333333336%		Avg Cost: 1.9095333333333333
32.039615565117664
Train Accuracy: 33.333333333333336%		Avg Cost: 1.9095333333333333
32.039615565117664
Train Accuracy: 33.333333333333336%		Avg Cost: 1.8503333333333334
32.10260172725351
Train Accuracy: 43.333333333333336%		Avg Cost: 1.9042
42.045209387594426
Train Accuracy: 33.333333333333336%		Avg Cost: 1.9006666666666667
32.04892392968859
Train Accuracy: 33.333333333333336%		Avg Cost: 1.9095333333333333
32.039615565117664
Train Accuracy: 33.333333333333336%		Avg Cost: 1.9095333333333333
32.039615565117664
Train Accuracy: 33.333333333333336%		Avg Cost: 1.9095333333333333
32.039615565117664
Train Accuracy: 33.333333333333336%		Avg Cost: 1.8856
32.06484118805377
Train Accuracy: 66.66666666666667%		Avg Cost: 1.772
65.5224489623009
Train Accuracy: 33.333333333333336%		Avg Cost: 1.9094666666666666
32.03968539142473
Train Accuracy: 33.333333333333336%		Avg Cost: 1.9095333333333333
32.039615565117664
Train Accuracy: 33.333333333333336%		Avg Cost: 1.9095333333333333
32.039615565117664
Train Accuracy: 33.333333333333336%		Avg Cost: 1.9092666666666667
32.039894884974274
Train Accuracy: 52.666666666666664%		Avg Cost: 1.899
51.384011803006366
Train Accuracy: 33.333333333333336%		Avg Cost: 1.9095333333333333
32.039615565117664
Train Accuracy: 33.333333333333336%		Avg Cost: 1.9095333333333333
32.039615565117664
Train Accuracy: 33.333333333333336%		Avg Cost: 1.946
32.00178136580571
Train Accuracy: 33.333333333333336%		Avg Cost: 1.9095333333333333
32.039615565117664
Train Accuracy: 33.333333333333336%		Avg Cost: 1.9095333333333333
32.039615565117664
Train Accuracy: 33.333333333333336%		Avg Cost: 1.8236666666666668
32.13163508050618
Train Accuracy: 33.333333333333336%		Avg Cost: 1.9095333333333333
32.039615565117664
Train Accuracy: 33.333333333333336%		Avg Cost: 1.9095333333333333
32.039615565117664
Train Accuracy: 33.333333333333336%		Avg Cost: 1.7858666666666667
32.17352568344215
Train Accuracy: 49.333333333333336%		Avg Cost: 1.9068
48.04248044463627
Train Accuracy: 33.333333333333336%		Avg Cost: 1.9095333333333333
32.039615565117664
Train Accuracy: 66.66666666666667%		Avg Cost: 1.7954
65.49621098998577
Train Accuracy: 47.333333333333336%		Avg Cost: 1.9061333333333332
46.043179818703614
Train Accuracy: 33.333333333333336%		Avg Cost: 1.9095333333333333
32.039615565117664
Train Accuracy: 38.666666666666664%		Avg Cost: 1.8795333333333333
37.404619628510474
Train Accuracy: 33.333333333333336%		Avg Cost: 1.9008666666666667
32.04871348828756
Train Accuracy: 66.66666666666667%		Avg Cost: 1.3170666666666666
66.11585258351434
Train Accuracy: 66.66666666666667%		Avg Cost: 1.5252666666666668
65.82232815034561
Train Accuracy: 66.66666666666667%		Avg Cost: 1.3552666666666666
66.05867019279324
Train Accuracy: 33.333333333333336%		Avg Cost: 1.9095333333333333
32.039615565117664
Train Accuracy: 33.333333333333336%		Avg Cost: 1.9095333333333333
32.039615565117664
Train Accuracy: 52.666666666666664%		Avg Cost: 1.8992
51.38380117692013
Train Accuracy: 33.333333333333336%		Avg Cost: 1.9968666666666666
31.95017476255777
Train Accuracy: 64.66666666666667%		Avg Cost: 1.8891333333333333
63.39443032644323
Train Accuracy: 33.333333333333336%		Avg Cost: 1.9095333333333333
32.039615565117664
Train Accuracy: 65.33333333333333%		Avg Cost: 1.9014
64.04815241944775
Train Accuracy: 78.0%		Avg Cost: 1.708
76.92935380926724
Train Accuracy: 33.333333333333336%		Avg Cost: 1.9095333333333333
32.039615565117664
Train Accuracy: 33.333333333333336%		Avg Cost: 1.9095333333333333
32.039615565117664
Train Accuracy: 33.333333333333336%		Avg Cost: 1.9121333333333332
32.036894238923715
Train Accuracy: 33.333333333333336%		Avg Cost: 1.9095333333333333
32.039615565117664
Train Accuracy: 62.666666666666664%		Avg Cost: 1.8282
61.4600029141915
Train Accuracy: 33.333333333333336%		Avg Cost: 1.9095333333333333
32.039615565117664
Train Accuracy: 33.333333333333336%		Avg Cost: 1.9095333333333333
32.039615565117664
Generation score: 1997.52471274213
Train Accuracy: 33.333333333333336%		Avg Cost: 1.9095333333333333
32.039615565117664
Train Accuracy: 33.333333333333336%		Avg Cost: 1.9008666666666667
32.04871348828756
Train Accuracy: 45.333333333333336%		Avg Cost: 1.5504
44.4563074090246
Train Accuracy: 33.333333333333336%		Avg Cost: 1.9095333333333333
32.039615565117664
Train Accuracy: 33.333333333333336%		Avg Cost: 1.9095333333333333
32.039615565117664
Train Accuracy: 33.333333333333336%		Avg Cost: 1.9095333333333333
32.039615565117664
Train Accuracy: 52.666666666666664%		Avg Cost: 1.899
51.384011803006366
Train Accuracy: 40.0%		Avg Cost: 1.8981333333333332
38.718258105788635
Train Accuracy: 33.333333333333336%		Avg Cost: 1.9095333333333333
32.039615565117664
Train Accuracy: 33.333333333333336%		Avg Cost: 1.9095333333333333
32.039615565117664
Train Accuracy: 33.333333333333336%		Avg Cost: 1.9095333333333333
32.039615565117664
Train Accuracy: 25.333333333333332%		Avg Cost: 1.904
24.045419460594985
Train Accuracy: 65.33333333333333%		Avg Cost: 1.9088
64.0403837886103
Train Accuracy: 33.333333333333336%		Avg Cost: 1.8871333333333333
32.06321548776458
Train Accuracy: 66.66666666666667%		Avg Cost: 1.7954
65.49621098998577
Train Accuracy: 33.333333333333336%		Avg Cost: 1.9086
32.0405933553313
Train Accuracy: 33.333333333333336%		Avg Cost: 1.9422
32.0056906309771
Train Accuracy: 33.333333333333336%		Avg Cost: 1.9095333333333333
32.039615565117664
Train Accuracy: 66.66666666666667%		Avg Cost: 1.361
66.05022721932801
Train Accuracy: 33.333333333333336%		Avg Cost: 1.9095333333333333
32.039615565117664
Train Accuracy: 56.666666666666664%		Avg Cost: 1.926
55.355776039914794
Train Accuracy: 33.333333333333336%		Avg Cost: 1.9095333333333333
32.039615565117664
Train Accuracy: 78.0%		Avg Cost: 1.708
76.92935380926724
Train Accuracy: 33.333333333333336%		Avg Cost: 1.9095333333333333
32.039615565117664
Train Accuracy: 33.333333333333336%		Avg Cost: 1.9467333333333334
32.0010278250114
Train Accuracy: 33.333333333333336%		Avg Cost: 1.9095333333333333
32.039615565117664
Train Accuracy: 33.333333333333336%		Avg Cost: 1.9095333333333333
32.039615565117664
Train Accuracy: 33.333333333333336%		Avg Cost: 1.8856
32.06484118805377
Train Accuracy: 33.333333333333336%		Avg Cost: 1.9095333333333333
32.039615565117664
Train Accuracy: 33.333333333333336%		Avg Cost: 1.9095333333333333
32.039615565117664
Train Accuracy: 33.333333333333336%		Avg Cost: 1.7928
32.165776046324176
Train Accuracy: 54.666666666666664%		Avg Cost: 1.9091333333333333
53.373367892865936
Train Accuracy: 38.0%		Avg Cost: 1.8002666666666667
Train Accuracy: 62.666666666666664%		Avg Cost: 1.828
36.824130395845174
61.460221720602746
Train Accuracy: 33.333333333333336%		Avg Cost: 1.9095333333333333
32.039615565117664
Train Accuracy: 33.333333333333336%		Avg Cost: 1.9095333333333333
32.039615565117664
Train Accuracy: 64.66666666666667%		Avg Cost: 1.8891333333333333
63.39443032644323
Train Accuracy: 66.66666666666667%		Avg Cost: 1.772
65.5224489623009
Train Accuracy: 33.333333333333336%		Avg Cost: 1.911
32.03808000281706
Train Accuracy: 33.333333333333336%		Avg Cost: 1.9095333333333333
32.039615565117664
Train Accuracy: 65.33333333333333%		Avg Cost: 1.9014
64.04815241944775
Train Accuracy: 66.66666666666667%		Avg Cost: 1.3175333333333332
66.1151440635545
Train Accuracy: 33.333333333333336%		Avg Cost: 1.8518
32.101017055269715
Train Accuracy: 33.333333333333336%		Avg Cost: 1.9095333333333333
32.039615565117664
Train Accuracy: 33.333333333333336%		Avg Cost: 1.9095333333333333
32.039615565117664
Train Accuracy: 33.333333333333336%		Avg Cost: 1.9095333333333333
32.039615565117664
Train Accuracy: 33.333333333333336%		Avg Cost: 1.9156
32.0332715543607
Train Accuracy: 49.333333333333336%		Avg Cost: 1.9068
48.04248044463627
Train Accuracy: 56.0%		Avg Cost: 1.9088
54.70705045527697
Train Accuracy: 66.66666666666667%		Avg Cost: 1.5252666666666668
65.82232815034561
Generation score: 2059.1798569585076
Train Accuracy: 33.333333333333336%		Avg Cost: 1.9095333333333333
32.039615565117664
Train Accuracy: 33.333333333333336%		Avg Cost: 1.86
32.092180357883116
Train Accuracy: 33.333333333333336%		Avg Cost: 1.9089333333333334
32.040244089661485
Train Accuracy: 33.333333333333336%		Avg Cost: 1.8518
32.101017055269715
Train Accuracy: 66.66666666666667%		Avg Cost: 1.772
65.5224489623009
Train Accuracy: 33.333333333333336%		Avg Cost: 1.7620666666666667
32.200358608151554
Train Accuracy: 33.333333333333336%		Avg Cost: 1.9095333333333333
32.039615565117664
Train Accuracy: 62.666666666666664%		Avg Cost: 1.828
61.460221720602746
Train Accuracy: 33.333333333333336%		Avg Cost: 1.9095333333333333
32.039615565117664
Train Accuracy: 33.333333333333336%		Avg Cost: 1.9095333333333333
32.039615565117664
Train Accuracy: 33.333333333333336%		Avg Cost: 1.9095333333333333
32.039615565117664
Train Accuracy: 52.666666666666664%		Avg Cost: 1.899
51.384011803006366
Train Accuracy: 33.333333333333336%		Avg Cost: 1.9095333333333333
32.039615565117664
Train Accuracy: 66.0%		Avg Cost: 1.8876
64.72938763825981
Train Accuracy: 33.333333333333336%		Avg Cost: 1.9138
32.03515174460728
Train Accuracy: 66.66666666666667%		Avg Cost: 1.7954
65.49621098998577
Train Accuracy: 33.333333333333336%		Avg Cost: 1.9095333333333333
32.039615565117664
Train Accuracy: 65.33333333333333%		Avg Cost: 1.9014
64.04815241944775
Train Accuracy: 33.333333333333336%		Avg Cost: 1.8871333333333333
32.06321548776458
Train Accuracy: 33.333333333333336%		Avg Cost: 1.9095333333333333
32.039615565117664
Train Accuracy: 33.333333333333336%		Avg Cost: 1.9095333333333333
32.039615565117664
Train Accuracy: 33.333333333333336%		Avg Cost: 1.9095333333333333
32.039615565117664
Train Accuracy: 65.33333333333333%		Avg Cost: 1.6983333333333333
64.27403857732017
Train Accuracy: 36.666666666666664%		Avg Cost: 1.9084666666666668
35.37406641201246
Train Accuracy: 56.0%		Avg Cost: 1.9088
54.70705045527697
Train Accuracy: 33.333333333333336%		Avg Cost: 1.9095333333333333
Train Accuracy: 49.333333333333336%		Avg Cost: 1.9092666666666667
32.039615565117664
48.039894884974274
Train Accuracy: 66.66666666666667%		Avg Cost: 1.5254666666666667
65.82206591831358
Train Accuracy: 33.333333333333336%		Avg Cost: 1.9095333333333333
32.039615565117664
Train Accuracy: 40.0%		Avg Cost: 1.8981333333333332
38.718258105788635
Train Accuracy: 45.333333333333336%		Avg Cost: 1.5504
44.4563074090246
Train Accuracy: 33.333333333333336%		Avg Cost: 1.9095333333333333
32.039615565117664
Train Accuracy: 44.666666666666664%		Avg Cost: 1.8134666666666666
43.47618606884996
Train Accuracy: 66.66666666666667%		Avg Cost: 1.3175333333333332
66.1151440635545
Train Accuracy: 65.33333333333333%		Avg Cost: 1.9088
64.0403837886103
Train Accuracy: 33.333333333333336%		Avg Cost: 1.9095333333333333
32.039615565117664
Train Accuracy: 56.666666666666664%		Avg Cost: 1.926
55.355776039914794
Train Accuracy: 33.333333333333336%		Avg Cost: 1.9398666666666666
32.00809484895136
Train Accuracy: 33.333333333333336%		Avg Cost: 1.8743333333333334
32.076827252049426
Train Accuracy: 66.66666666666667%		Avg Cost: 1.361
66.05022721932801
Train Accuracy: 33.333333333333336%		Avg Cost: 1.9467333333333334
32.0010278250114
Train Accuracy: 33.333333333333336%		Avg Cost: 1.9095333333333333
32.039615565117664
Train Accuracy: 33.333333333333336%		Avg Cost: 1.9095333333333333
32.039615565117664
Train Accuracy: 33.333333333333336%		Avg Cost: 1.9089333333333334
32.040244089661485
Train Accuracy: 33.333333333333336%		Avg Cost: 1.9156
32.0332715543607
Train Accuracy: 33.333333333333336%		Avg Cost: 1.9095333333333333
32.039615565117664
Train Accuracy: 60.0%		Avg Cost: 1.8539333333333334
58.765380983582475
Train Accuracy: 33.333333333333336%		Avg Cost: 1.9095333333333333
32.039615565117664
Train Accuracy: 54.666666666666664%		Avg Cost: 1.9091333333333333
53.373367892865936
Train Accuracy: 56.666666666666664%		Avg Cost: 1.8935333333333333
55.38977752208884
Generation score: 2116.003071960598
Train Accuracy: 33.333333333333336%		Avg Cost: 1.9082
32.04101255466212
Train Accuracy: 33.333333333333336%		Avg Cost: 1.9095333333333333
32.039615565117664
Train Accuracy: 47.333333333333336%		Avg Cost: 1.9032
46.04625997332011
Train Accuracy: 33.333333333333336%		Avg Cost: 1.9095333333333333
32.039615565117664
Train Accuracy: 56.666666666666664%		Avg Cost: 1.926
55.355776039914794
Train Accuracy: 33.333333333333336%		Avg Cost: 1.9095333333333333
32.039615565117664
Train Accuracy: 33.333333333333336%		Avg Cost: 1.9095333333333333
32.039615565117664
Train Accuracy: 36.666666666666664%		Avg Cost: 1.9084666666666668
35.37406641201246
Train Accuracy: 33.333333333333336%		Avg Cost: 1.9095333333333333
32.039615565117664
Train Accuracy: 62.666666666666664%		Avg Cost: 1.828
61.460221720602746
Train Accuracy: 60.0%		Avg Cost: 1.8539333333333334
58.765380983582475
Train Accuracy: 33.333333333333336%		Avg Cost: 1.9095333333333333
32.039615565117664
Train Accuracy: 33.333333333333336%		Avg Cost: 1.9094
32.039755220169745
Train Accuracy: 66.66666666666667%		Avg Cost: 1.7715333333333334
65.5229757434828
Train Accuracy: 33.333333333333336%		Avg Cost: 1.9089333333333334
32.040244089661485
Train Accuracy: 33.333333333333336%		Avg Cost: 1.8871333333333333
32.06321548776458
Train Accuracy: 33.333333333333336%		Avg Cost: 1.9467333333333334
32.0010278250114
Train Accuracy: 33.333333333333336%		Avg Cost: 1.9095333333333333
32.039615565117664
Train Accuracy: 33.333333333333336%		Avg Cost: 1.8744666666666667
32.076684984301465
Train Accuracy: 33.333333333333336%		Avg Cost: 1.9095333333333333
32.039615565117664
Train Accuracy: 33.333333333333336%		Avg Cost: 1.9095333333333333
32.039615565117664
Train Accuracy: 33.333333333333336%		Avg Cost: 1.8603333333333334
32.09182196705696
Train Accuracy: 66.66666666666667%		Avg Cost: 1.5434666666666668
65.79860472909283
Train Accuracy: 33.333333333333336%		Avg Cost: 1.9095333333333333
32.039615565117664
Train Accuracy: 56.666666666666664%		Avg Cost: 1.8935333333333333
55.38977752208884
Train Accuracy: 33.333333333333336%		Avg Cost: 1.9095333333333333
32.039615565117664
Train Accuracy: 66.66666666666667%		Avg Cost: 1.361
66.05022721932801
Train Accuracy: 65.33333333333333%		Avg Cost: 1.9014
64.04815241944775
Train Accuracy: 49.333333333333336%		Avg Cost: 1.9092666666666667
48.039894884974274
Train Accuracy: 66.66666666666667%		Avg Cost: 1.3175333333333332
66.1151440635545
Train Accuracy: 65.33333333333333%		Avg Cost: 1.6983333333333333
64.27403857732017
Train Accuracy: 42.666666666666664%		Avg Cost: 1.8390666666666666
41.44815027356443
Train Accuracy: 45.333333333333336%		Avg Cost: 1.5472
44.46043964189955
Train Accuracy: 33.333333333333336%		Avg Cost: 1.9095333333333333
32.039615565117664
Train Accuracy: 66.0%		Avg Cost: 1.8876
64.72938763825981
Train Accuracy: 33.333333333333336%		Avg Cost: 1.9134666666666666
32.035500122040276
Train Accuracy: 66.0%		Avg Cost: 1.9039333333333333
64.71215615649886
Train Accuracy: 33.333333333333336%		Avg Cost: 1.7515333333333334
32.212350143771715
Train Accuracy: 33.333333333333336%		Avg Cost: 1.86
32.092180357883116
Train Accuracy: 33.333333333333336%		Avg Cost: 1.9095333333333333
32.039615565117664
Train Accuracy: 56.0%		Avg Cost: 1.9088
54.70705045527697
Train Accuracy: 33.333333333333336%		Avg Cost: 1.9095333333333333
32.039615565117664
Train Accuracy: 33.333333333333336%		Avg Cost: 1.8518
32.101017055269715
Train Accuracy: 33.333333333333336%		Avg Cost: 1.9395333333333333
32.00843854471272
Train Accuracy: 66.66666666666667%		Avg Cost: 1.4682666666666666
65.89850153319048
Train Accuracy: 33.333333333333336%		Avg Cost: 1.9156
32.0332715543607
Train Accuracy: 33.333333333333336%		Avg Cost: 1.9095333333333333
32.039615565117664
Train Accuracy: 33.333333333333336%		Avg Cost: 1.9089333333333334
32.040244089661485
Train Accuracy: 66.66666666666667%		Avg Cost: 1.7954
65.49621098998577
Train Accuracy: 36.0%		Avg Cost: 1.9093333333333333
34.70649171801953
Generation score: 2117.869906168509
Train Accuracy: 66.66666666666667%		Avg Cost: 1.9025333333333334
65.38029400385433
Train Accuracy: 66.66666666666667%		Avg Cost: 1.4682666666666666
65.89850153319048
Train Accuracy: 66.66666666666667%		Avg Cost: 1.7715333333333334
65.5229757434828
Train Accuracy: 33.333333333333336%		Avg Cost: 1.9095333333333333
32.039615565117664
Train Accuracy: 33.333333333333336%		Avg Cost: 1.8518
32.101017055269715
Train Accuracy: 33.333333333333336%		Avg Cost: 1.9094
32.039755220169745
Train Accuracy: 47.333333333333336%		Avg Cost: 1.9070666666666667
46.04220076347234
Train Accuracy: 33.333333333333336%		Avg Cost: 1.86
32.092180357883116
Train Accuracy: 66.0%		Avg Cost: 1.9039333333333333
64.71215615649886
Train Accuracy: 33.333333333333336%		Avg Cost: 1.9156
32.0332715543607
Train Accuracy: 33.333333333333336%		Avg Cost: 1.8744666666666667
32.076684984301465
Train Accuracy: 33.333333333333336%		Avg Cost: 1.9095333333333333
32.039615565117664
Train Accuracy: 42.666666666666664%		Avg Cost: 1.8392666666666666
41.44793278375905
Train Accuracy: 33.333333333333336%		Avg Cost: 1.9094666666666666
32.03968539142473
Train Accuracy: 33.333333333333336%		Avg Cost: 1.9095333333333333
32.039615565117664
Train Accuracy: 50.0%		Avg Cost: 1.9093333333333333
48.70649171801953
Train Accuracy: 33.333333333333336%		Avg Cost: 1.9095333333333333
32.039615565117664
Train Accuracy: 36.666666666666664%		Avg Cost: 1.9084666666666668
35.37406641201246
Train Accuracy: 33.333333333333336%		Avg Cost: 1.7515333333333334
32.212350143771715
Train Accuracy: 33.333333333333336%		Avg Cost: 1.9095333333333333
32.039615565117664
Train Accuracy: 62.666666666666664%		Avg Cost: 1.828
61.460221720602746
Train Accuracy: 33.333333333333336%		Avg Cost: 1.9095333333333333
32.039615565117664
Train Accuracy: 33.333333333333336%		Avg Cost: 1.9095333333333333
32.039615565117664
Train Accuracy: 33.333333333333336%		Avg Cost: 1.9165333333333334
32.032297336325364
Train Accuracy: 62.666666666666664%		Avg Cost: 1.8366
61.450834594272095
Train Accuracy: 33.333333333333336%		Avg Cost: 1.9095333333333333
32.039615565117664
Train Accuracy: 45.333333333333336%		Avg Cost: 1.5472
44.46043964189955
Train Accuracy: 33.333333333333336%		Avg Cost: 1.9095333333333333
32.039615565117664
Train Accuracy: 33.333333333333336%		Avg Cost: 1.9089333333333334
32.040244089661485
Train Accuracy: 66.0%		Avg Cost: 1.8866666666666667
64.73037679290604
Train Accuracy: 66.66666666666667%		Avg Cost: 1.7954
65.49621098998577
Train Accuracy: 60.0%		Avg Cost: 1.8539333333333334
58.765380983582475
Train Accuracy: 33.333333333333336%		Avg Cost: 1.8603333333333334
32.09182196705696
Train Accuracy: 33.333333333333336%		Avg Cost: 1.9395333333333333
32.00843854471272
Train Accuracy: 28.0%		Avg Cost: 1.9118
26.70390958670495
Train Accuracy: 33.333333333333336%		Avg Cost: 1.8082666666666667
32.14859584589456
Train Accuracy: 33.333333333333336%		Avg Cost: 1.9095333333333333
32.039615565117664
Train Accuracy: 66.66666666666667%		Avg Cost: 1.3060666666666667
66.13262651465931
Train Accuracy: 56.0%		Avg Cost: 1.9088
54.70705045527697
Train Accuracy: 33.333333333333336%		Avg Cost: 1.9094
32.039755220169745
Train Accuracy: 33.333333333333336%		Avg Cost: 1.9095333333333333
32.039615565117664
Train Accuracy: 66.66666666666667%		Avg Cost: 1.3175333333333332
66.1151440635545
Train Accuracy: 49.333333333333336%		Avg Cost: 1.9092666666666667
48.039894884974274
Train Accuracy: 65.33333333333333%		Avg Cost: 1.9014
64.04815241944775
Train Accuracy: 33.333333333333336%		Avg Cost: 1.9467333333333334
32.0010278250114
Train Accuracy: 65.33333333333333%		Avg Cost: 1.6983333333333333
64.27403857732017
Train Accuracy: 33.333333333333336%		Avg Cost: 1.9095333333333333
32.039615565117664
Train Accuracy: 36.0%		Avg Cost: 1.9093333333333333
34.70649171801953
Train Accuracy: 33.333333333333336%		Avg Cost: 1.9095333333333333
32.039615565117664
Train Accuracy: 66.66666666666667%		Avg Cost: 1.6141333333333334
65.70907031281222
Generation score: 2145.3565902528508
Train Accuracy: 23.333333333333332%		Avg Cost: 1.8999333333333333
22.049695737658315
Train Accuracy: 32.666666666666664%		Avg Cost: 1.9108666666666667
31.371552884015365
Train Accuracy: 48.0%		Avg Cost: 1.9021333333333332
46.714047873372834
Train Accuracy: 33.333333333333336%		Avg Cost: 1.8082666666666667
32.14859584589456
Train Accuracy: 66.66666666666667%		Avg Cost: 1.0725333333333333
66.52661976393038
Train Accuracy: 33.333333333333336%		Avg Cost: 1.9467333333333334
32.0010278250114
Train Accuracy: 68.66666666666667%		Avg Cost: 1.2073333333333334
68.28983852508044
Train Accuracy: 42.0%		Avg Cost: 1.9081333333333332
40.70774909642705
Train Accuracy: 66.66666666666667%		Avg Cost: 1.6809333333333334
65.62796827725293
Train Accuracy: 33.333333333333336%		Avg Cost: 1.9022
32.04731111120104
Train Accuracy: 33.333333333333336%		Avg Cost: 1.9095333333333333
32.039615565117664
Train Accuracy: 66.66666666666667%		Avg Cost: 1.9025333333333334
65.38029400385433
Train Accuracy: 62.666666666666664%		Avg Cost: 1.828
61.460221720602746
Train Accuracy: 33.333333333333336%		Avg Cost: 1.8744666666666667
32.076684984301465
Train Accuracy: 33.333333333333336%		Avg Cost: 1.7515333333333334
32.212350143771715
Train Accuracy: 45.333333333333336%		Avg Cost: 1.5472
44.46043964189955
Train Accuracy: 66.0%		Avg Cost: 1.9039333333333333
64.71215615649886
Train Accuracy: 33.333333333333336%		Avg Cost: 1.9095333333333333
32.039615565117664
Train Accuracy: 33.333333333333336%		Avg Cost: 1.8186
32.13719938471399
Train Accuracy: 33.333333333333336%		Avg Cost: 1.9095333333333333
32.039615565117664
Train Accuracy: 33.333333333333336%		Avg Cost: 1.9095333333333333
32.039615565117664
Train Accuracy: 33.333333333333336%		Avg Cost: 1.9095333333333333
32.039615565117664
Train Accuracy: 33.333333333333336%		Avg Cost: 1.9095333333333333
32.039615565117664
Train Accuracy: 66.0%		Avg Cost: 1.8866666666666667
64.73037679290604
Train Accuracy: 33.333333333333336%		Avg Cost: 1.9094666666666666
32.03968539142473
Train Accuracy: 33.333333333333336%		Avg Cost: 1.9095333333333333
32.039615565117664
Train Accuracy: 33.333333333333336%		Avg Cost: 1.9395333333333333
32.00843854471272
Train Accuracy: 66.66666666666667%		Avg Cost: 1.4602666666666666
65.9094285317789
Train Accuracy: 48.666666666666664%		Avg Cost: 1.9100666666666666
47.372390375739926
Train Accuracy: 33.333333333333336%		Avg Cost: 1.9095333333333333
32.039615565117664
Train Accuracy: 33.333333333333336%		Avg Cost: 1.9095333333333333
32.039615565117664
Train Accuracy: 62.666666666666664%		Avg Cost: 1.8366
61.450834594272095
Train Accuracy: 29.333333333333332%		Avg Cost: 1.9104666666666668
28.03863825270729
Train Accuracy: 70.0%		Avg Cost: 1.2416666666666667
69.56709087367318
Train Accuracy: 66.66666666666667%		Avg Cost: 1.3060666666666667
66.13262651465931
Train Accuracy: 66.66666666666667%		Avg Cost: 1.6141333333333334
65.70907031281222
Train Accuracy: 33.333333333333336%		Avg Cost: 1.9095333333333333
32.039615565117664
Train Accuracy: 49.333333333333336%		Avg Cost: 1.9092666666666667
48.039894884974274
Train Accuracy: 65.33333333333333%		Avg Cost: 1.9014
64.04815241944775
Train Accuracy: 33.333333333333336%		Avg Cost: 1.9095333333333333
32.039615565117664
Train Accuracy: 66.66666666666667%		Avg Cost: 1.3428666666666667
66.07705340187852
Train Accuracy: 33.333333333333336%		Avg Cost: 1.9094
32.039755220169745
Train Accuracy: 33.333333333333336%		Avg Cost: 1.9095333333333333
32.039615565117664
Train Accuracy: 33.333333333333336%		Avg Cost: 1.9095333333333333
32.039615565117664
Train Accuracy: 62.0%		Avg Cost: 1.901
60.71523987298742
Train Accuracy: 33.333333333333336%		Avg Cost: 1.8518666666666668
32.100945054549705
Train Accuracy: 60.0%		Avg Cost: 1.8539333333333334
58.765380983582475
Train Accuracy: 46.666666666666664%		Avg Cost: 1.9085333333333334
45.37399654911838
Train Accuracy: 65.33333333333333%		Avg Cost: 1.6983333333333333
64.27403857732017
Train Accuracy: 42.666666666666664%		Avg Cost: 1.8438
41.44300934790195
Generation score: 2232.2748018186335
Train Accuracy: 70.0%		Avg Cost: 1.2416666666666667
69.56709087367318
Train Accuracy: 33.333333333333336%		Avg Cost: 1.9094666666666666
32.03968539142473
Train Accuracy: 66.66666666666667%		Avg Cost: 1.2463333333333333
66.22625485201294
Train Accuracy: 66.66666666666667%		Avg Cost: 1.8858666666666666
65.39789169596062
Train Accuracy: 68.66666666666667%		Avg Cost: 1.2078666666666666
68.2889552303769
Train Accuracy: 32.666666666666664%		Avg Cost: 1.911
31.371413336150393
Train Accuracy: 33.333333333333336%		Avg Cost: 1.8744666666666667
32.076684984301465
Train Accuracy: 66.66666666666667%		Avg Cost: 1.9035333333333333
65.37924305008963
Train Accuracy: 33.333333333333336%		Avg Cost: 1.9095333333333333
32.039615565117664
Train Accuracy: 72.0%		Avg Cost: 1.0396666666666667
71.92219970208488
Train Accuracy: 42.0%		Avg Cost: 1.9081333333333332
40.70774909642705
Train Accuracy: 33.333333333333336%		Avg Cost: 1.9095333333333333
32.039615565117664
Train Accuracy: 23.333333333333332%		Avg Cost: 1.8999333333333333
22.049695737658315
Train Accuracy: 66.0%		Avg Cost: 1.9039333333333333
64.71215615649886
Train Accuracy: 33.333333333333336%		Avg Cost: 1.9095333333333333
32.039615565117664
Train Accuracy: 33.333333333333336%		Avg Cost: 1.9323333333333332
32.015876825954365
Train Accuracy: 48.666666666666664%		Avg Cost: 1.9100666666666666
47.372390375739926
Train Accuracy: 66.66666666666667%		Avg Cost: 1.3428666666666667
66.07705340187852
Train Accuracy: 33.333333333333336%		Avg Cost: 1.9467333333333334
32.0010278250114
Train Accuracy: 33.333333333333336%		Avg Cost: 1.9095333333333333
32.039615565117664
Train Accuracy: 62.0%		Avg Cost: 1.901
60.71523987298742
Train Accuracy: 45.333333333333336%		Avg Cost: 1.5472
44.46043964189955
Train Accuracy: 33.333333333333336%		Avg Cost: 1.9095333333333333
32.039615565117664
Train Accuracy: 42.666666666666664%		Avg Cost: 1.8438
41.44300934790195
Train Accuracy: 33.333333333333336%		Avg Cost: 1.9095333333333333
32.039615565117664
Train Accuracy: 33.333333333333336%		Avg Cost: 1.9095333333333333
32.039615565117664
Train Accuracy: 33.333333333333336%		Avg Cost: 1.9095333333333333
32.039615565117664
Train Accuracy: 49.333333333333336%		Avg Cost: 1.9092666666666667
48.039894884974274
Train Accuracy: 46.666666666666664%		Avg Cost: 1.9085333333333334
45.37399654911838
Train Accuracy: 33.333333333333336%		Avg Cost: 1.7515333333333334
32.212350143771715
Train Accuracy: 33.333333333333336%		Avg Cost: 1.9095333333333333
32.039615565117664
Train Accuracy: 66.0%		Avg Cost: 1.4204666666666668
65.29802908775797
Train Accuracy: 33.333333333333336%		Avg Cost: 1.9095333333333333
32.039615565117664
Train Accuracy: 66.66666666666667%		Avg Cost: 1.6141333333333334
65.70907031281222
Train Accuracy: 36.0%		Avg Cost: 1.9040666666666666
34.7120161004764
Train Accuracy: 33.333333333333336%		Avg Cost: 1.8186
32.13719938471399
Train Accuracy: 66.66666666666667%		Avg Cost: 1.7872
65.50536636800108
Train Accuracy: 33.333333333333336%		Avg Cost: 1.8945333333333334
32.05538824110599
Train Accuracy: 33.333333333333336%		Avg Cost: 1.8680666666666668
32.08352527740625
Train Accuracy: 33.333333333333336%		Avg Cost: 1.9095333333333333
32.039615565117664
Train Accuracy: 65.33333333333333%		Avg Cost: 1.6983333333333333
64.27403857732017
Train Accuracy: 33.333333333333336%		Avg Cost: 1.9022
32.04731111120104
Train Accuracy: 33.333333333333336%		Avg Cost: 1.9095333333333333
32.039615565117664
Train Accuracy: 33.333333333333336%		Avg Cost: 1.9095333333333333
32.039615565117664
Train Accuracy: 60.0%		Avg Cost: 1.8636666666666666
58.7549082532472
Train Accuracy: 59.333333333333336%		Avg Cost: 1.8754666666666666
58.07561829864621
Train Accuracy: 33.333333333333336%		Avg Cost: 1.9395333333333333
32.00843854471272
Train Accuracy: 62.666666666666664%		Avg Cost: 1.8354
61.452141783861116
Train Accuracy: 33.333333333333336%		Avg Cost: 1.7031333333333334
32.26839394968561
Train Accuracy: 33.333333333333336%		Avg Cost: 1.9095333333333333
32.039615565117664
Generation score: 2194.3863621784913
Train Accuracy: 71.33333333333333%		Avg Cost: 1.0521333333333334
71.23169363534006
Train Accuracy: 28.0%		Avg Cost: 1.9174
26.698059796678482
Train Accuracy: 40.0%		Avg Cost: 1.9090666666666667
38.70677106713654
Train Accuracy: 66.66666666666667%		Avg Cost: 1.9035333333333333
65.37924305008963
Train Accuracy: 62.0%		Avg Cost: 1.901
60.71523987298742
Train Accuracy: 32.666666666666664%		Avg Cost: 1.911
31.371413336150393
Train Accuracy: 33.333333333333336%		Avg Cost: 1.8098666666666667
32.14682697785473
Train Accuracy: 33.333333333333336%		Avg Cost: 1.8186
32.13719938471399
Train Accuracy: 60.0%		Avg Cost: 1.8636666666666666
58.7549082532472
Train Accuracy: 59.333333333333336%		Avg Cost: 1.4556
58.5824969598216
Train Accuracy: 33.333333333333336%		Avg Cost: 1.8945333333333334
32.05538824110599
Train Accuracy: 70.0%		Avg Cost: 1.2416666666666667
69.56709087367318
Train Accuracy: 66.66666666666667%		Avg Cost: 1.8858666666666666
65.39789169596062
Train Accuracy: 33.333333333333336%		Avg Cost: 1.9095333333333333
32.039615565117664
Train Accuracy: 33.333333333333336%		Avg Cost: 1.9095333333333333
32.039615565117664
Train Accuracy: 68.66666666666667%		Avg Cost: 1.2078666666666666
68.2889552303769
Train Accuracy: 33.333333333333336%		Avg Cost: 1.8680666666666668
32.08352527740625
Train Accuracy: 65.33333333333333%		Avg Cost: 1.6983333333333333
64.27403857732017
Train Accuracy: 33.333333333333336%		Avg Cost: 1.9095333333333333
32.039615565117664
Train Accuracy: 62.666666666666664%		Avg Cost: 1.8354
61.452141783861116
Train Accuracy: 33.333333333333336%		Avg Cost: 1.9323333333333332
32.015876825954365
Train Accuracy: 46.666666666666664%		Avg Cost: 1.9085333333333334
45.37399654911838
Train Accuracy: 33.333333333333336%		Avg Cost: 1.8744666666666667
32.076684984301465
Train Accuracy: 33.333333333333336%		Avg Cost: 1.9095333333333333
32.039615565117664
Train Accuracy: 66.0%		Avg Cost: 1.9039333333333333
64.71215615649886
Train Accuracy: 48.666666666666664%		Avg Cost: 1.9100666666666666
47.372390375739926
Train Accuracy: 36.0%		Avg Cost: 1.9040666666666666
34.7120161004764
Train Accuracy: 33.333333333333336%		Avg Cost: 1.9467333333333334
32.0010278250114
Train Accuracy: 33.333333333333336%		Avg Cost: 1.9395333333333333
32.00843854471272
Train Accuracy: 66.66666666666667%		Avg Cost: 1.6732
65.63719074549486
Train Accuracy: 66.66666666666667%		Avg Cost: 1.2452
66.22807434749603
Train Accuracy: 33.333333333333336%		Avg Cost: 1.9095333333333333
32.039615565117664
Train Accuracy: 33.333333333333336%		Avg Cost: 1.9095333333333333
32.039615565117664
Train Accuracy: 42.666666666666664%		Avg Cost: 1.8438
41.44300934790195
Train Accuracy: 60.0%		Avg Cost: 1.2916666666666667
59.4881332517256
Train Accuracy: 33.333333333333336%		Avg Cost: 1.9094666666666666
32.03968539142473
Train Accuracy: 33.333333333333336%		Avg Cost: 1.9095333333333333
32.039615565117664
Train Accuracy: 56.666666666666664%		Avg Cost: 1.8937333333333333
55.389566287953215
Train Accuracy: 33.333333333333336%		Avg Cost: 1.9095333333333333
32.039615565117664
Train Accuracy: 33.333333333333336%		Avg Cost: 1.9022
32.04731111120104
Train Accuracy: 66.66666666666667%		Avg Cost: 1.3428666666666667
66.07705340187852
Train Accuracy: 32.666666666666664%		Avg Cost: 1.9097333333333333
31.372739434155736
Train Accuracy: 66.66666666666667%		Avg Cost: 1.7875333333333334
65.50499337980507
Train Accuracy: 33.333333333333336%		Avg Cost: 1.9095333333333333
32.039615565117664
Train Accuracy: 33.333333333333336%		Avg Cost: 1.7031333333333334
32.26839394968561
Train Accuracy: 33.333333333333336%		Avg Cost: 1.9095333333333333
32.039615565117664
Train Accuracy: 33.333333333333336%		Avg Cost: 1.7614
32.20111543855489
Train Accuracy: 23.333333333333332%		Avg Cost: 1.8999333333333333
22.049695737658315
Train Accuracy: 33.333333333333336%		Avg Cost: 1.9095333333333333
32.039615565117664
Train Accuracy: 33.333333333333336%		Avg Cost: 1.9095333333333333
32.039615565117664
Generation score: 2175.337819981885
Train Accuracy: 33.333333333333336%		Avg Cost: 1.9095333333333333
32.039615565117664
Train Accuracy: 66.66666666666667%		Avg Cost: 1.5513333333333332
65.7884371142427
Train Accuracy: 33.333333333333336%		Avg Cost: 1.9095333333333333
32.039615565117664
Train Accuracy: 33.333333333333336%		Avg Cost: 1.9095333333333333
32.039615565117664
Train Accuracy: 33.333333333333336%		Avg Cost: 1.9095333333333333
32.039615565117664
Train Accuracy: 33.333333333333336%		Avg Cost: 1.9098666666666666
32.03926647014549
Train Accuracy: 71.33333333333333%		Avg Cost: 1.0521333333333334
71.23169363534006
Train Accuracy: 33.333333333333336%		Avg Cost: 1.9086666666666667
32.04052349731771
Train Accuracy: 66.0%		Avg Cost: 1.9039333333333333
64.71215615649886
Train Accuracy: 33.333333333333336%		Avg Cost: 1.9266666666666667
32.02175054530098
Train Accuracy: 70.0%		Avg Cost: 1.2416666666666667
69.56709087367318
Train Accuracy: 66.66666666666667%		Avg Cost: 1.8858666666666666
65.39789169596062
Train Accuracy: 66.66666666666667%		Avg Cost: 1.2746
66.18140185887056
Train Accuracy: 71.33333333333333%		Avg Cost: 1.0521333333333334
71.23169363534006
Train Accuracy: 58.666666666666664%		Avg Cost: 1.8930666666666667
57.390270488516805
Train Accuracy: 33.333333333333336%		Avg Cost: 1.9095333333333333
32.039615565117664
Train Accuracy: 33.333333333333336%		Avg Cost: 1.9095333333333333
32.039615565117664
Train Accuracy: 60.0%		Avg Cost: 1.2916666666666667
59.4881332517256
Train Accuracy: 33.333333333333336%		Avg Cost: 1.9095333333333333
32.039615565117664
Train Accuracy: 66.66666666666667%		Avg Cost: 1.3428666666666667
66.07705340187852
Train Accuracy: 54.0%		Avg Cost: 1.8924666666666667
52.724237814423645
Train Accuracy: 33.333333333333336%		Avg Cost: 1.834
32.12033458566479
Train Accuracy: 36.0%		Avg Cost: 1.9040666666666666
34.7120161004764
Train Accuracy: 66.66666666666667%		Avg Cost: 1.8668
65.41821519647962
Train Accuracy: 46.666666666666664%		Avg Cost: 1.9085333333333334
45.37399654911838
Train Accuracy: 33.333333333333336%		Avg Cost: 1.9094666666666666
32.03968539142473
Train Accuracy: 66.66666666666667%		Avg Cost: 1.6728
65.63766892840209
Train Accuracy: 33.333333333333336%		Avg Cost: 1.9096
32.03954574124837
Train Accuracy: 33.333333333333336%		Avg Cost: 1.9323333333333332
32.015876825954365
Train Accuracy: 33.333333333333336%		Avg Cost: 1.9095333333333333
32.039615565117664
Train Accuracy: 66.66666666666667%		Avg Cost: 1.7875333333333334
65.50499337980507
Train Accuracy: 33.333333333333336%		Avg Cost: 1.7598
32.20293300087469
Train Accuracy: 33.333333333333336%		Avg Cost: 1.9096666666666666
32.039475919816674
Train Accuracy: 62.0%		Avg Cost: 1.4469333333333334
61.26110725149116
Train Accuracy: 62.0%		Avg Cost: 1.901
60.71523987298742
Train Accuracy: 33.333333333333336%		Avg Cost: 1.8744666666666667
32.076684984301465
Train Accuracy: 33.333333333333336%		Avg Cost: 1.9095333333333333
32.039615565117664
Train Accuracy: 30.0%		Avg Cost: 1.8682666666666667
28.74997783041405
Train Accuracy: 68.66666666666667%		Avg Cost: 1.2078666666666666
68.2889552303769
Train Accuracy: 33.333333333333336%		Avg Cost: 1.8680666666666668
32.08352527740625
Train Accuracy: 40.0%		Avg Cost: 1.9090666666666667
38.70677106713654
Train Accuracy: 62.666666666666664%		Avg Cost: 1.8354
61.452141783861116
Train Accuracy: 66.66666666666667%		Avg Cost: 1.9035333333333333
65.37924305008963
Train Accuracy: 33.333333333333336%		Avg Cost: 1.9098
32.0393362842654
Train Accuracy: 33.333333333333336%		Avg Cost: 1.9467333333333334
32.0010278250114
Train Accuracy: 33.333333333333336%		Avg Cost: 1.8945333333333334
32.05538824110599
Train Accuracy: 65.33333333333333%		Avg Cost: 1.6983333333333333
64.27403857732017
Train Accuracy: 32.666666666666664%		Avg Cost: 1.9097333333333333
31.372739434155736
Train Accuracy: 49.333333333333336%		Avg Cost: 1.9066
48.04269023117865
Train Accuracy: 33.333333333333336%		Avg Cost: 1.9094666666666666
32.03968539142473
Generation score: 2283.891434477086
Train Accuracy: 33.333333333333336%		Avg Cost: 1.9095333333333333
32.039615565117664
Train Accuracy: 68.66666666666667%		Avg Cost: 1.2078666666666666
68.2889552303769
Train Accuracy: 40.0%		Avg Cost: 1.9090666666666667
38.70677106713654
Train Accuracy: 66.66666666666667%		Avg Cost: 1.9059333333333333
65.37672301195565
Train Accuracy: 33.333333333333336%		Avg Cost: 1.9094666666666666
32.03968539142473
Train Accuracy: 33.333333333333336%		Avg Cost: 1.9095333333333333
32.039615565117664
Train Accuracy: 30.0%		Avg Cost: 1.8682666666666667
28.74997783041405
Train Accuracy: 40.0%		Avg Cost: 1.9089333333333334
38.70691075632815
Train Accuracy: 33.333333333333336%		Avg Cost: 1.9096
32.03954574124837
Train Accuracy: 33.333333333333336%		Avg Cost: 1.9095333333333333
32.039615565117664
Train Accuracy: 59.333333333333336%		Avg Cost: 1.8219333333333334
58.13353691665271
Train Accuracy: 33.333333333333336%		Avg Cost: 1.8744666666666667
32.076684984301465
Train Accuracy: 33.333333333333336%		Avg Cost: 1.7929333333333333
32.1656273087344
Train Accuracy: 33.333333333333336%		Avg Cost: 1.9098
32.0393362842654
Train Accuracy: 54.0%		Avg Cost: 1.8989333333333334
52.71741534996466
Train Accuracy: 33.333333333333336%		Avg Cost: 1.9321333333333333
32.01608384029029
Train Accuracy: 62.666666666666664%		Avg Cost: 1.8354
61.452141783861116
Train Accuracy: 33.333333333333336%		Avg Cost: 1.9095333333333333
32.039615565117664
Train Accuracy: 33.333333333333336%		Avg Cost: 1.9099333333333333
32.0391966584625
Train Accuracy: 66.66666666666667%		Avg Cost: 1.9058666666666666
65.37679297015562
Train Accuracy: 66.66666666666667%		Avg Cost: 1.7875333333333334
65.50499337980507
Train Accuracy: 33.333333333333336%		Avg Cost: 1.9095333333333333
32.039615565117664
Train Accuracy: 62.0%		Avg Cost: 1.4469333333333334
61.26110725149116
Train Accuracy: 75.33333333333333%		Avg Cost: 1.2282666666666666
74.92212541050098
Train Accuracy: 33.333333333333336%		Avg Cost: 1.9095333333333333
32.039615565117664
Train Accuracy: 33.333333333333336%		Avg Cost: 1.9095333333333333
32.039615565117664
Train Accuracy: 72.66666666666667%		Avg Cost: 1.0496
72.5698483882513
Train Accuracy: 62.0%		Avg Cost: 1.901
60.71523987298742
Train Accuracy: 33.333333333333336%		Avg Cost: 1.9094666666666666
32.03968539142473
Train Accuracy: 33.333333333333336%		Avg Cost: 1.9095333333333333
32.039615565117664
Train Accuracy: 49.333333333333336%		Avg Cost: 1.9066
48.04269023117865
Train Accuracy: 71.33333333333333%		Avg Cost: 1.0521333333333334
71.23169363534006
Train Accuracy: 33.333333333333336%		Avg Cost: 1.9448666666666667
32.00294648757675
Train Accuracy: 66.0%		Avg Cost: 1.9039333333333333
64.71215615649886
Train Accuracy: 33.333333333333336%		Avg Cost: 1.7598
32.20293300087469
Train Accuracy: 33.333333333333336%		Avg Cost: 1.9098
32.0393362842654
Train Accuracy: 60.0%		Avg Cost: 1.2916666666666667
59.4881332517256
Train Accuracy: 33.333333333333336%		Avg Cost: 1.9266666666666667
32.02175054530098
Train Accuracy: 33.333333333333336%		Avg Cost: 1.8533333333333333
32.09936169414458
Train Accuracy: 66.66666666666667%		Avg Cost: 1.6728
65.63766892840209
Train Accuracy: 33.333333333333336%		Avg Cost: 1.9096666666666666
32.039475919816674
Train Accuracy: 66.66666666666667%		Avg Cost: 1.2944
66.15057213202249
Train Accuracy: 66.66666666666667%		Avg Cost: 1.5513333333333332
65.7884371142427
Train Accuracy: 65.33333333333333%		Avg Cost: 1.6983333333333333
64.27403857732017
Train Accuracy: 33.333333333333336%		Avg Cost: 1.9095333333333333
32.039615565117664
Train Accuracy: 51.333333333333336%		Avg Cost: 1.8935333333333333
50.05644418875551
Train Accuracy: 33.333333333333336%		Avg Cost: 1.8945333333333334
32.05538824110599
Train Accuracy: 33.333333333333336%		Avg Cost: 1.9095333333333333
32.039615565117664
Train Accuracy: 66.66666666666667%		Avg Cost: 1.8668
65.41821519647962
Train Accuracy: 66.66666666666667%		Avg Cost: 1.3428666666666667
66.07705340187852
Generation score: 2300.672835458139
Train Accuracy: 33.333333333333336%		Avg Cost: 1.9095333333333333
32.039615565117664
Train Accuracy: 30.0%		Avg Cost: 1.8682666666666667
28.74997783041405
Train Accuracy: 62.0%		Avg Cost: 1.9009333333333334
60.71531001274088
Train Accuracy: 66.66666666666667%		Avg Cost: 1.3428666666666667
66.07705340187852
Train Accuracy: 59.333333333333336%		Avg Cost: 1.8219333333333334
58.13353691665271
Train Accuracy: 33.333333333333336%		Avg Cost: 1.9096
32.03954574124837
Train Accuracy: 33.333333333333336%		Avg Cost: 1.9058666666666666
32.04345963682229
Train Accuracy: 33.333333333333336%		Avg Cost: 1.8744666666666667
32.076684984301465
Train Accuracy: 33.333333333333336%		Avg Cost: 1.9095333333333333
32.039615565117664
Train Accuracy: 68.66666666666667%		Avg Cost: 1.2078666666666666
68.2889552303769
Train Accuracy: 23.333333333333332%		Avg Cost: 1.9592666666666667
21.988192826191103
Train Accuracy: 33.333333333333336%		Avg Cost: 1.8945333333333334
32.05538824110599
Train Accuracy: 51.333333333333336%		Avg Cost: 1.8935333333333333
50.05644418875551
Train Accuracy: 66.66666666666667%		Avg Cost: 1.9059333333333333
65.37672301195565
Train Accuracy: 66.66666666666667%		Avg Cost: 1.1122666666666667
66.45386671620169
Train Accuracy: 33.333333333333336%		Avg Cost: 1.9321333333333333
32.01608384029029
Train Accuracy: 71.33333333333333%		Avg Cost: 1.0521333333333334
71.23169363534006
Train Accuracy: 33.333333333333336%		Avg Cost: 1.9094666666666666
32.03968539142473
Train Accuracy: 33.333333333333336%		Avg Cost: 1.9095333333333333
32.039615565117664
Train Accuracy: 33.333333333333336%		Avg Cost: 1.9095333333333333
32.039615565117664
Train Accuracy: 33.333333333333336%		Avg Cost: 1.9099333333333333
32.0391966584625
Train Accuracy: 33.333333333333336%		Avg Cost: 1.9095333333333333
32.039615565117664
Train Accuracy: 40.0%		Avg Cost: 1.9089333333333334
38.70691075632815
Train Accuracy: 66.66666666666667%		Avg Cost: 1.6006666666666667
65.72582624840477
Train Accuracy: 65.33333333333333%		Avg Cost: 1.9089333333333334
64.04024408966147
Train Accuracy: 62.0%		Avg Cost: 1.4469333333333334
61.26110725149116
Train Accuracy: 33.333333333333336%		Avg Cost: 1.9095333333333333
32.039615565117664
Train Accuracy: 33.333333333333336%		Avg Cost: 1.9095333333333333
32.039615565117664
Train Accuracy: 65.33333333333333%		Avg Cost: 1.6983333333333333
64.27403857732017
Train Accuracy: 33.333333333333336%		Avg Cost: 1.9098
32.0393362842654
Train Accuracy: 33.333333333333336%		Avg Cost: 1.7598
32.20293300087469
Train Accuracy: 66.0%		Avg Cost: 1.9039333333333333
64.71215615649886
Train Accuracy: 65.33333333333333%		Avg Cost: 1.9092
64.03996472103412
Train Accuracy: 33.333333333333336%		Avg Cost: 1.9098
32.0393362842654
Train Accuracy: 66.66666666666667%		Avg Cost: 1.3620666666666668
66.04866035835575
Train Accuracy: 33.333333333333336%		Avg Cost: 1.7929333333333333
32.1656273087344
Train Accuracy: 40.0%		Avg Cost: 1.9090666666666667
38.70677106713654
Train Accuracy: 54.0%		Avg Cost: 1.8989333333333334
Train Accuracy: 33.333333333333336%		Avg Cost: 1.9095333333333333
52.71741534996466
32.039615565117664
Train Accuracy: 33.333333333333336%		Avg Cost: 1.9095333333333333
Train Accuracy: 66.66666666666667%		Avg Cost: 1.6727333333333334
32.039615565117664
65.63774863666985
Train Accuracy: 66.66666666666667%		Avg Cost: 1.0748
66.52239747114827
Train Accuracy: 62.666666666666664%		Avg Cost: 1.8378666666666668
Train Accuracy: 49.333333333333336%		Avg Cost: 1.9066
61.44945570929994
48.04269023117865
Train Accuracy: 31.333333333333332%		Avg Cost: 2.0024
29.944640411062476
Train Accuracy: 33.333333333333336%		Avg Cost: 1.8533333333333333
32.09936169414458
Train Accuracy: 60.0%		Avg Cost: 1.2916666666666667
59.4881332517256
Train Accuracy: 66.66666666666667%		Avg Cost: 1.8668
65.41821519647962
Train Accuracy: 33.333333333333336%		Avg Cost: 1.9266666666666667
32.02175054530098
Train Accuracy: 33.333333333333336%		Avg Cost: 1.9096666666666666
32.039475919816674
Generation score: 2271.082534871384
Train Accuracy: 33.333333333333336%		Avg Cost: 1.9092666666666667
32.039894884974274
Train Accuracy: 68.66666666666667%		Avg Cost: 1.2084
68.28807232560591
Train Accuracy: 33.333333333333336%		Avg Cost: 1.7598
32.20293300087469
Train Accuracy: 33.333333333333336%		Avg Cost: 1.8815333333333333
32.06915923882237
Train Accuracy: 65.33333333333333%		Avg Cost: 1.9089333333333334
64.04024408966147
Train Accuracy: 33.333333333333336%		Avg Cost: 1.9095333333333333
32.039615565117664
Train Accuracy: 16.666666666666668%		Avg Cost: 1.9865333333333333
15.293884514540792
Train Accuracy: 33.333333333333336%		Avg Cost: 1.9095333333333333
32.039615565117664
Train Accuracy: 64.0%		Avg Cost: 1.376
63.3616385209777
Train Accuracy: 62.0%		Avg Cost: 1.9034
60.71271647868779
Train Accuracy: 33.333333333333336%		Avg Cost: 1.8626
32.08938661112249
Train Accuracy: 14.0%		Avg Cost: 1.9336
12.681232899185728
Train Accuracy: 31.333333333333332%		Avg Cost: 2.0024
29.944640411062476
Train Accuracy: 66.66666666666667%		Avg Cost: 1.909
65.37350757717945
Train Accuracy: 66.66666666666667%		Avg Cost: 1.8668
65.41821519647962
Train Accuracy: 51.333333333333336%		Avg Cost: 1.8935333333333333
50.05644418875551
Train Accuracy: 29.333333333333332%		Avg Cost: 1.9891333333333334
27.957935267360895
Train Accuracy: 33.333333333333336%		Avg Cost: 1.9096666666666666
32.039475919816674
Train Accuracy: 60.0%		Avg Cost: 1.2916666666666667
59.4881332517256
Train Accuracy: 32.666666666666664%		Avg Cost: 1.9090666666666667
31.373437733803208
Train Accuracy: 66.66666666666667%		Avg Cost: 1.1122666666666667
66.45386671620169
Train Accuracy: 33.333333333333336%		Avg Cost: 1.9321333333333333
32.01608384029029
Train Accuracy: 33.333333333333336%		Avg Cost: 1.9095333333333333
32.039615565117664
Train Accuracy: 66.66666666666667%		Avg Cost: 1.6727333333333334
65.63774863666985
Train Accuracy: 66.66666666666667%		Avg Cost: 1.9059333333333333
65.37672301195565
Train Accuracy: 33.333333333333336%		Avg Cost: 1.8886
32.06166170563967
Train Accuracy: 33.333333333333336%		Avg Cost: 1.9095333333333333
32.039615565117664
Train Accuracy: 62.0%		Avg Cost: 1.9009333333333334
60.71531001274088
Train Accuracy: 33.333333333333336%		Avg Cost: 1.9099333333333333
32.0391966584625
Train Accuracy: 33.333333333333336%		Avg Cost: 1.8744666666666667
32.076684984301465
Train Accuracy: 62.666666666666664%		Avg Cost: 1.8378666666666668
61.44945570929994
Train Accuracy: 33.333333333333336%		Avg Cost: 1.9013333333333333
32.048222544445565
Train Accuracy: 33.333333333333336%		Avg Cost: 1.8533333333333333
32.09936169414458
Train Accuracy: 66.0%		Avg Cost: 1.0802666666666667
65.84558415152352
Train Accuracy: 30.0%		Avg Cost: 1.8682666666666667
28.74997783041405
Train Accuracy: 33.333333333333336%		Avg Cost: 1.9098
32.0393362842654
Train Accuracy: 73.33333333333333%		Avg Cost: 1.0441333333333334
73.24695894288025
Train Accuracy: 60.0%		Avg Cost: 1.9086
58.70726002199797
Train Accuracy: 33.333333333333336%		Avg Cost: 1.9098
32.0393362842654
Train Accuracy: 59.333333333333336%		Avg Cost: 1.8219333333333334
58.13353691665271
Train Accuracy: 49.333333333333336%		Avg Cost: 1.9066
48.04269023117865
Train Accuracy: 33.333333333333336%		Avg Cost: 1.9095333333333333
32.039615565117664
Train Accuracy: 33.333333333333336%		Avg Cost: 1.9095333333333333
32.039615565117664
Train Accuracy: 66.66666666666667%		Avg Cost: 1.6006666666666667
65.72582624840477
Train Accuracy: 33.333333333333336%		Avg Cost: 1.8945333333333334
32.05538824110599
Train Accuracy: 65.33333333333333%		Avg Cost: 1.6983333333333333
64.27403857732017
Train Accuracy: 33.333333333333336%		Avg Cost: 1.9094666666666666
32.03968539142473
Train Accuracy: 33.333333333333336%		Avg Cost: 1.9095333333333333
32.039615565117664
Train Accuracy: 66.66666666666667%		Avg Cost: 1.3428666666666667
66.07705340187852
Train Accuracy: 66.66666666666667%		Avg Cost: 1.3620666666666668
66.04866035835575
Generation score: 2233.70790946228
Train Accuracy: 33.333333333333336%		Avg Cost: 1.8964666666666667
32.05334832182248
Train Accuracy: 33.333333333333336%		Avg Cost: 1.9095333333333333
32.039615565117664
Train Accuracy: 49.333333333333336%		Avg Cost: 1.6726666666666667
48.3044950147811
Train Accuracy: 33.333333333333336%		Avg Cost: 1.7698666666666667
32.1915249049704
Train Accuracy: 66.66666666666667%		Avg Cost: 1.1122666666666667
66.45386671620169
Train Accuracy: 65.33333333333333%		Avg Cost: 1.9089333333333334
64.04024408966147
Train Accuracy: 57.333333333333336%		Avg Cost: 1.6346666666666667
56.350455513401734
Train Accuracy: 33.333333333333336%		Avg Cost: 1.9096666666666666
32.039475919816674
Train Accuracy: 65.33333333333333%		Avg Cost: 1.6983333333333333
64.27403857732017
Train Accuracy: 66.66666666666667%		Avg Cost: 1.898
65.38506526629119
Train Accuracy: 33.333333333333336%		Avg Cost: 1.9092666666666667
32.039894884974274
Train Accuracy: 66.0%		Avg Cost: 1.0802666666666667
65.84558415152352
Train Accuracy: 33.333333333333336%		Avg Cost: 1.9321333333333333
32.01608384029029
Train Accuracy: 33.333333333333336%		Avg Cost: 1.8945333333333334
32.05538824110599
Train Accuracy: 33.333333333333336%		Avg Cost: 1.9094666666666666
32.03968539142473
Train Accuracy: 33.333333333333336%		Avg Cost: 1.7598
32.20293300087469
Train Accuracy: 66.66666666666667%		Avg Cost: 1.8668
65.41821519647962
Train Accuracy: 60.0%		Avg Cost: 1.2916666666666667
59.4881332517256
Train Accuracy: 33.333333333333336%		Avg Cost: 1.9095333333333333
32.039615565117664
Train Accuracy: 61.333333333333336%		Avg Cost: 1.9141333333333332
60.034803427847145
Train Accuracy: 33.333333333333336%		Avg Cost: 1.8626
32.08938661112249
Train Accuracy: 33.333333333333336%		Avg Cost: 1.9095333333333333
32.039615565117664
Train Accuracy: 33.333333333333336%		Avg Cost: 1.8886
32.06166170563967
Train Accuracy: 68.66666666666667%		Avg Cost: 1.2084
68.28807232560591
Train Accuracy: 62.666666666666664%		Avg Cost: 1.8378666666666668
61.44945570929994
Train Accuracy: 33.333333333333336%		Avg Cost: 1.9095333333333333
32.039615565117664
Train Accuracy: 33.333333333333336%		Avg Cost: 1.9013333333333333
32.048222544445565
Train Accuracy: 62.0%		Avg Cost: 1.9009333333333334
60.71531001274088
Train Accuracy: 66.66666666666667%		Avg Cost: 1.5870666666666666
65.74289176937971
Train Accuracy: 33.333333333333336%		Avg Cost: 1.9096666666666666
32.039475919816674
Train Accuracy: 33.333333333333336%		Avg Cost: 1.9092666666666667
32.039894884974274
Train Accuracy: 33.333333333333336%		Avg Cost: 1.8533333333333333
32.09936169414458
Train Accuracy: 33.333333333333336%		Avg Cost: 1.9095333333333333
32.039615565117664
Train Accuracy: 43.333333333333336%		Avg Cost: 1.9074666666666666
42.04178131504548
Train Accuracy: 59.333333333333336%		Avg Cost: 1.8219333333333334
58.13353691665271
Train Accuracy: 33.333333333333336%		Avg Cost: 1.9166666666666667
32.03215820105104
Train Accuracy: 33.333333333333336%		Avg Cost: 1.8849333333333333
32.06554842664807
Train Accuracy: 33.333333333333336%		Avg Cost: 1.9098
32.0393362842654
Train Accuracy: 64.0%		Avg Cost: 1.3737333333333333
63.36493581115867
Train Accuracy: 66.66666666666667%		Avg Cost: 1.3450666666666666
66.07377951042596
Train Accuracy: 33.333333333333336%		Avg Cost: 1.9095333333333333
32.039615565117664
Train Accuracy: 33.333333333333336%		Avg Cost: 1.9093333333333333
32.039825051352864
Train Accuracy: 66.66666666666667%		Avg Cost: 1.3428666666666667
66.07705340187852
Train Accuracy: 62.0%		Avg Cost: 1.9009333333333334
60.71531001274088
Train Accuracy: 33.333333333333336%		Avg Cost: 1.9097333333333333
32.03940610082241
Train Accuracy: 66.66666666666667%		Avg Cost: 1.3620666666666668
66.04866035835575
Train Accuracy: 51.333333333333336%		Avg Cost: 1.8936666666666666
50.056303363519575
Train Accuracy: 33.333333333333336%		Avg Cost: 1.9099333333333333
32.0391966584625
Train Accuracy: 49.333333333333336%		Avg Cost: 1.9066
48.04269023117865
Train Accuracy: 66.66666666666667%		Avg Cost: 1.6727333333333334
65.63774863666985
Generation score: 2291.4919325586175
Train Accuracy: 66.66666666666667%		Avg Cost: 1.3862
66.01353428566318
Train Accuracy: 33.333333333333336%		Avg Cost: 1.9001333333333332
32.049485215035716
Train Accuracy: 65.33333333333333%		Avg Cost: 1.9089333333333334
64.04024408966147
Train Accuracy: 66.66666666666667%		Avg Cost: 1.3450666666666666
66.07377951042596
Train Accuracy: 66.66666666666667%		Avg Cost: 1.1122666666666667
66.45386671620169
Train Accuracy: 62.0%		Avg Cost: 1.9009333333333334
60.71531001274088
Train Accuracy: 66.66666666666667%		Avg Cost: 1.5870666666666666
65.74289176937971
Train Accuracy: 33.333333333333336%		Avg Cost: 1.9095333333333333
32.039615565117664
Train Accuracy: 66.66666666666667%		Avg Cost: 1.6727333333333334
65.63774863666985
Train Accuracy: 66.66666666666667%		Avg Cost: 1.3785333333333334
66.02462640254208
Train Accuracy: 66.66666666666667%		Avg Cost: 1.3620666666666668
66.04866035835575
Train Accuracy: 22.0%		Avg Cost: 1.9260666666666666
20.689040146339625
Train Accuracy: 66.66666666666667%		Avg Cost: 1.3450666666666666
66.07377951042596
Train Accuracy: 62.0%		Avg Cost: 1.9009333333333334
60.71531001274088
Train Accuracy: 33.333333333333336%		Avg Cost: 1.9094666666666666
32.03968539142473
Train Accuracy: 33.333333333333336%		Avg Cost: 1.9092666666666667
32.039894884974274
Train Accuracy: 61.333333333333336%		Avg Cost: 1.9141333333333332
60.034803427847145
Train Accuracy: 66.66666666666667%		Avg Cost: 1.8932666666666667
65.39005920231185
Train Accuracy: 33.333333333333336%		Avg Cost: 1.9220666666666666
32.026531341258476
Train Accuracy: 60.0%		Avg Cost: 1.2728
59.51756160391712
Train Accuracy: 56.666666666666664%		Avg Cost: 1.6196
55.70230825631493
Train Accuracy: 33.333333333333336%		Avg Cost: 1.7582
32.204752216463454
Train Accuracy: 64.0%		Avg Cost: 1.3737333333333333
63.36493581115867
Train Accuracy: 33.333333333333336%		Avg Cost: 1.9013333333333333
32.048222544445565
Train Accuracy: 49.333333333333336%		Avg Cost: 1.9066
48.04269023117865
Train Accuracy: 33.333333333333336%		Avg Cost: 1.9096
32.03954574124837
Train Accuracy: 33.333333333333336%		Avg Cost: 1.9066
32.04269023117865
Train Accuracy: 61.333333333333336%		Avg Cost: 1.7418666666666667
60.22341866308154
Train Accuracy: 66.66666666666667%		Avg Cost: 1.9094
65.37308855350308
Train Accuracy: 66.66666666666667%		Avg Cost: 1.8668
65.41821519647962
Train Accuracy: 37.333333333333336%		Avg Cost: 1.6902
36.28363960307684
Train Accuracy: 33.333333333333336%		Avg Cost: 1.8336
32.12077083825677
Train Accuracy: 33.333333333333336%		Avg Cost: 1.9095333333333333
32.039615565117664
Train Accuracy: 62.666666666666664%		Avg Cost: 1.8378666666666668
61.44945570929994
Train Accuracy: 43.333333333333336%		Avg Cost: 1.9074666666666666
42.04178131504548
Train Accuracy: 36.666666666666664%		Avg Cost: 1.9211333333333334
35.36083608732253
Train Accuracy: 68.66666666666667%		Avg Cost: 1.2084
68.28807232560591
Train Accuracy: 33.333333333333336%		Avg Cost: 1.8533333333333333
32.09936169414458
Train Accuracy: 66.66666666666667%		Avg Cost: 1.3428666666666667
66.07705340187852
Train Accuracy: 33.333333333333336%		Avg Cost: 1.9092666666666667
32.039894884974274
Train Accuracy: 66.66666666666667%		Avg Cost: 1.3620666666666668
66.04866035835575
Train Accuracy: 34.0%		Avg Cost: 1.7968666666666666
32.82791118537667
Train Accuracy: 33.333333333333336%		Avg Cost: 1.9540666666666666
31.993507991159273
Train Accuracy: 51.333333333333336%		Avg Cost: 1.8936666666666666
50.056303363519575
Train Accuracy: 65.33333333333333%		Avg Cost: 1.6983333333333333
64.27403857732017
Train Accuracy: 33.333333333333336%		Avg Cost: 1.9095333333333333
32.039615565117664
Train Accuracy: 59.333333333333336%		Avg Cost: 1.8219333333333334
58.13353691665271
Train Accuracy: 33.333333333333336%		Avg Cost: 1.8849333333333333
32.06554842664807
Train Accuracy: 33.333333333333336%		Avg Cost: 1.9076
32.041641518449474
Train Accuracy: 66.0%		Avg Cost: 1.0802666666666667
65.84558415152352
Generation score: 2468.953125006933
Train Accuracy: 66.66666666666667%		Avg Cost: 1.8932666666666667
65.39005920231185
Train Accuracy: 62.666666666666664%		Avg Cost: 1.8365333333333334
61.45090719350618
Train Accuracy: 66.66666666666667%		Avg Cost: 1.1066666666666667
66.46396167814609
Train Accuracy: 33.333333333333336%		Avg Cost: 1.9096666666666666
32.039475919816674
Train Accuracy: 33.333333333333336%		Avg Cost: 1.8700666666666668
32.08138517162351
Train Accuracy: 33.333333333333336%		Avg Cost: 1.7582
32.204752216463454
Train Accuracy: 66.66666666666667%		Avg Cost: 1.8940666666666666
65.38921428063055
Train Accuracy: 66.66666666666667%		Avg Cost: 1.9094
65.37308855350308
Train Accuracy: 66.66666666666667%		Avg Cost: 1.3450666666666666
66.07377951042596
Train Accuracy: 68.66666666666667%		Avg Cost: 1.2062
68.29171682259717
Train Accuracy: 33.333333333333336%		Avg Cost: 1.9095333333333333
32.039615565117664
Train Accuracy: 61.333333333333336%		Avg Cost: 1.7418666666666667
60.22341866308154
Train Accuracy: 66.66666666666667%		Avg Cost: 1.3620666666666668
66.04866035835575
Train Accuracy: 65.33333333333333%		Avg Cost: 1.8578666666666668
64.094475581202
Train Accuracy: 33.333333333333336%		Avg Cost: 1.8533333333333333
32.09936169414458
Train Accuracy: 34.0%		Avg Cost: 1.8864666666666667
32.730588818278605
Train Accuracy: 33.333333333333336%		Avg Cost: 1.9096
32.03954574124837
Train Accuracy: 51.333333333333336%		Avg Cost: 1.9094666666666666
50.03968539142473
Train Accuracy: 33.333333333333336%		Avg Cost: 1.9095333333333333
32.039615565117664
Train Accuracy: 33.333333333333336%		Avg Cost: 1.9092666666666667
32.039894884974274
Train Accuracy: 51.333333333333336%		Avg Cost: 1.8936666666666666
50.056303363519575
Train Accuracy: 66.66666666666667%		Avg Cost: 1.3450666666666666
66.07377951042596
Train Accuracy: 36.666666666666664%		Avg Cost: 1.926
35.355776039914794
Train Accuracy: 33.333333333333336%		Avg Cost: 1.9095333333333333
32.039615565117664
Train Accuracy: 33.333333333333336%		Avg Cost: 1.8336
32.12077083825677
Train Accuracy: 33.333333333333336%		Avg Cost: 1.9001333333333332
32.049485215035716
Train Accuracy: 62.0%		Avg Cost: 1.9009333333333334
60.71531001274088
Train Accuracy: 66.66666666666667%		Avg Cost: 1.3862
66.01353428566318
Train Accuracy: 43.333333333333336%		Avg Cost: 1.8908666666666667
42.05926277781378
Train Accuracy: 59.333333333333336%		Avg Cost: 1.8219333333333334
58.13353691665271
Train Accuracy: 48.666666666666664%		Avg Cost: 1.7376
47.561656965151705
Train Accuracy: 66.66666666666667%		Avg Cost: 1.3785333333333334
66.02462640254208
Train Accuracy: 40.0%		Avg Cost: 1.6274
39.02603270143916
Train Accuracy: 66.66666666666667%		Avg Cost: 1.5870666666666666
65.74289176937971
Train Accuracy: 62.0%		Avg Cost: 1.9009333333333334
60.71531001274088
Train Accuracy: 33.333333333333336%		Avg Cost: 1.9076
32.041641518449474
Train Accuracy: 33.333333333333336%		Avg Cost: 1.9092666666666667
32.039894884974274
Train Accuracy: 64.0%		Avg Cost: 1.3737333333333333
63.36493581115867
Train Accuracy: 50.666666666666664%		Avg Cost: 1.6825333333333334
49.62606547840964
Train Accuracy: 60.0%		Avg Cost: 1.272
59.51881907016414
Train Accuracy: 33.333333333333336%		Avg Cost: 1.9553333333333334
31.992211969559037
Train Accuracy: 33.333333333333336%		Avg Cost: 1.8944666666666667
32.05545862027376
Train Accuracy: 66.0%		Avg Cost: 1.9181333333333332
64.6972950181942
Train Accuracy: 66.66666666666667%		Avg Cost: 1.0775333333333332
66.51731771001575
Train Accuracy: 20.0%		Avg Cost: 1.927
18.68807122113554
Train Accuracy: 33.333333333333336%		Avg Cost: 1.9094
32.039755220169745
Train Accuracy: 56.666666666666664%		Avg Cost: 1.6196
55.70230825631493
Train Accuracy: 66.66666666666667%		Avg Cost: 1.3620666666666668
66.04866035835575
Train Accuracy: 66.66666666666667%		Avg Cost: 1.3428666666666667
66.07705340187852
Train Accuracy: 66.66666666666667%		Avg Cost: 1.814
65.47559796328078
Generation score: 2477.726181690699
Train Accuracy: 54.0%		Avg Cost: 1.8827333333333334
52.73455075667849
Train Accuracy: 66.66666666666667%		Avg Cost: 1.3450666666666666
66.07377951042596
Train Accuracy: 33.333333333333336%		Avg Cost: 1.9095333333333333
32.039615565117664
Train Accuracy: 66.66666666666667%		Avg Cost: 1.3862
66.01353428566318
Train Accuracy: 66.66666666666667%		Avg Cost: 1.3450666666666666
66.07377951042596
Train Accuracy: 65.33333333333333%		Avg Cost: 1.8578666666666668
64.094475581202
Train Accuracy: 66.66666666666667%		Avg Cost: 1.1066666666666667
66.46396167814609
Train Accuracy: 51.333333333333336%		Avg Cost: 1.9094666666666666
50.03968539142473
Train Accuracy: 64.0%		Avg Cost: 1.3737333333333333
63.36493581115867
Train Accuracy: 40.666666666666664%		Avg Cost: 1.6252
39.695404896403794
Train Accuracy: 66.66666666666667%		Avg Cost: 1.0775333333333332
66.51731771001575
Train Accuracy: 66.66666666666667%		Avg Cost: 1.3620666666666668
66.04866035835575
Train Accuracy: 66.66666666666667%		Avg Cost: 1.6626666666666667
65.64982118836731
Train Accuracy: 33.333333333333336%		Avg Cost: 1.9076
32.041641518449474
Train Accuracy: 56.0%		Avg Cost: 1.7340666666666666
54.899061351258915
Train Accuracy: 62.666666666666664%		Avg Cost: 1.8365333333333334
61.45090719350618
Train Accuracy: 66.66666666666667%		Avg Cost: 1.7277333333333333
65.57304599169566
Train Accuracy: 33.333333333333336%		Avg Cost: 1.9095333333333333
32.039615565117664
Train Accuracy: 36.666666666666664%		Avg Cost: 1.926
35.355776039914794
Train Accuracy: 33.333333333333336%		Avg Cost: 1.8530666666666666
32.099649484633595
Train Accuracy: 64.66666666666667%		Avg Cost: 1.6694
63.64173810579767
Train Accuracy: 33.333333333333336%		Avg Cost: 1.9095333333333333
32.039615565117664
Train Accuracy: 33.333333333333336%		Avg Cost: 1.9095333333333333
32.039615565117664
Train Accuracy: 61.333333333333336%		Avg Cost: 1.7418666666666667
60.22341866308154
Train Accuracy: 86.66666666666667%		Avg Cost: 1.262
86.20127113842862
Train Accuracy: 33.333333333333336%		Avg Cost: 1.9096
32.03954574124837
Train Accuracy: 33.333333333333336%		Avg Cost: 1.9096666666666666
32.039475919816674
Train Accuracy: 32.666666666666664%		Avg Cost: 1.9096
31.372879074581697
Train Accuracy: 66.66666666666667%		Avg Cost: 1.889
65.39457148962792
Train Accuracy: 61.333333333333336%		Avg Cost: 1.8658
60.08595350224389
Train Accuracy: 66.0%		Avg Cost: 1.89
64.7268463418569
Train Accuracy: 66.0%		Avg Cost: 1.9181333333333332
64.6972950181942
Train Accuracy: 68.66666666666667%		Avg Cost: 1.2063333333333333
68.29149575483969
Train Accuracy: 59.333333333333336%		Avg Cost: 1.8219333333333334
58.13353691665271
Train Accuracy: 33.333333333333336%		Avg Cost: 1.9094
32.039755220169745
Train Accuracy: 33.333333333333336%		Avg Cost: 1.9093333333333333
32.039825051352864
Train Accuracy: 33.333333333333336%		Avg Cost: 1.9006666666666667
32.04892392968859
Train Accuracy: 51.333333333333336%		Avg Cost: 1.8936666666666666
50.056303363519575
Train Accuracy: 66.66666666666667%		Avg Cost: 1.3620666666666668
66.04866035835575
Train Accuracy: 62.0%		Avg Cost: 1.9009333333333334
60.71531001274088
Train Accuracy: 33.333333333333336%		Avg Cost: 1.9093333333333333
32.039825051352864
Train Accuracy: 66.66666666666667%		Avg Cost: 1.814
65.47559796328078
Train Accuracy: 33.333333333333336%		Avg Cost: 1.8336
32.12077083825677
Train Accuracy: 40.666666666666664%		Avg Cost: 1.9245333333333334
39.35729963845103
Train Accuracy: 60.0%		Avg Cost: 1.272
59.51881907016414
Train Accuracy: 66.66666666666667%		Avg Cost: 1.3428666666666667
66.07705340187852
Train Accuracy: 64.0%		Avg Cost: 1.6778666666666666
62.964953709572576
Train Accuracy: 33.333333333333336%		Avg Cost: 1.8944666666666667
32.05545862027376
Train Accuracy: 33.333333333333336%		Avg Cost: 1.7582
32.204752216463454
Train Accuracy: 51.333333333333336%		Avg Cost: 1.8229333333333333
50.132439482791284
Generation score: 2574.09222611288
Train Accuracy: 54.0%		Avg Cost: 1.9084
52.70746961068037
Train Accuracy: 33.333333333333336%		Avg Cost: 1.9006666666666667
32.04892392968859
Train Accuracy: 66.0%		Avg Cost: 1.89
64.7268463418569
Train Accuracy: 54.0%		Avg Cost: 1.8827333333333334
52.73455075667849
Train Accuracy: 62.666666666666664%		Avg Cost: 1.8365333333333334
61.45090719350618
Train Accuracy: 66.66666666666667%		Avg Cost: 1.7116666666666667
65.59173155724184
Train Accuracy: 66.66666666666667%		Avg Cost: 1.3847333333333334
66.01565150268316
Train Accuracy: 47.333333333333336%		Avg Cost: 1.7934
46.16510681426171
Train Accuracy: 66.66666666666667%		Avg Cost: 1.6965333333333332
65.6094927599774
Train Accuracy: 60.666666666666664%		Avg Cost: 1.7446
59.553616060632706
Train Accuracy: 61.333333333333336%		Avg Cost: 1.8658
60.08595350224389
Train Accuracy: 68.66666666666667%		Avg Cost: 1.2063333333333333
68.29149575483969
Train Accuracy: 33.333333333333336%		Avg Cost: 1.9095333333333333
32.039615565117664
Train Accuracy: 62.666666666666664%		Avg Cost: 1.8365333333333334
61.45090719350618
Train Accuracy: 66.66666666666667%		Avg Cost: 1.3620666666666668
66.04866035835575
Train Accuracy: 64.0%		Avg Cost: 1.3737333333333333
63.36493581115867
Train Accuracy: 54.0%		Avg Cost: 1.8553333333333333
52.76387125112882
Train Accuracy: 66.66666666666667%		Avg Cost: 1.3450666666666666
66.07377951042596
Train Accuracy: 86.66666666666667%		Avg Cost: 1.262
86.20127113842862
Train Accuracy: 63.333333333333336%		Avg Cost: 1.8278
62.12710721762141
Train Accuracy: 59.333333333333336%		Avg Cost: 1.8219333333333334
58.13353691665271
Train Accuracy: 68.66666666666667%		Avg Cost: 1.2063333333333333
68.29149575483969
Train Accuracy: 56.0%		Avg Cost: 1.7340666666666666
54.899061351258915
Train Accuracy: 33.333333333333336%		Avg Cost: 1.8522
32.10058508982527
Train Accuracy: 40.666666666666664%		Avg Cost: 1.6252
39.695404896403794
Train Accuracy: 65.33333333333333%		Avg Cost: 1.8578666666666668
64.094475581202
Train Accuracy: 64.0%		Avg Cost: 1.6779333333333333
62.96487424516269
Train Accuracy: 66.66666666666667%		Avg Cost: 1.3862
66.01353428566318
Train Accuracy: 66.66666666666667%		Avg Cost: 1.814
65.47559796328078
Train Accuracy: 33.333333333333336%		Avg Cost: 1.7604666666666666
32.20217548249581
Train Accuracy: 36.666666666666664%		Avg Cost: 1.926
35.355776039914794
Train Accuracy: 64.0%		Avg Cost: 1.3737333333333333
63.36493581115867
Train Accuracy: 66.66666666666667%		Avg Cost: 1.3428666666666667
66.07705340187852
Train Accuracy: 56.666666666666664%		Avg Cost: 1.8260666666666667
55.46233808430391
Train Accuracy: 68.66666666666667%		Avg Cost: 1.2063333333333333
68.29149575483969
Train Accuracy: 40.666666666666664%		Avg Cost: 1.9245333333333334
39.35729963845103
Train Accuracy: 33.333333333333336%		Avg Cost: 1.9035333333333333
32.045909716756285
Train Accuracy: 66.66666666666667%		Avg Cost: 1.814
65.47559796328078
Train Accuracy: 66.66666666666667%		Avg Cost: 1.3528
66.06231362946221
Train Accuracy: 60.0%		Avg Cost: 1.272
59.51881907016414
Train Accuracy: 66.66666666666667%		Avg Cost: 1.3450666666666666
66.07377951042596
Train Accuracy: 66.66666666666667%		Avg Cost: 1.1066666666666667
66.46396167814609
Train Accuracy: 54.666666666666664%		Avg Cost: 1.6673333333333333
53.64421557909203
Train Accuracy: 33.333333333333336%		Avg Cost: 1.9095333333333333
32.039615565117664
Train Accuracy: 66.66666666666667%		Avg Cost: 1.0754
66.52128129587979
Train Accuracy: 33.333333333333336%		Avg Cost: 1.6279333333333332
32.35871069993149
Train Accuracy: 26.666666666666668%		Avg Cost: 1.9071333333333333
25.375464182625322
Train Accuracy: 51.333333333333336%		Avg Cost: 1.8229333333333333
50.132439482791284
Train Accuracy: 64.66666666666667%		Avg Cost: 1.6694
63.64173810579767
Train Accuracy: 66.66666666666667%		Avg Cost: 1.2248
66.261111535944
Generation score: 2802.446492142781
Train Accuracy: 10.666666666666666%		Avg Cost: 1.9113333333333333
9.37106450908053
Train Accuracy: 43.333333333333336%		Avg Cost: 1.9140666666666666
42.03487308634636
Train Accuracy: 67.33333333333333%		Avg Cost: 1.1045333333333334
67.13448748735118
Train Accuracy: 68.0%		Avg Cost: 1.7667333333333333
66.86173546594591
Train Accuracy: 54.0%		Avg Cost: 1.8553333333333333
52.76387125112882
Train Accuracy: 66.66666666666667%		Avg Cost: 1.3528
66.06231362946221
Train Accuracy: 33.333333333333336%		Avg Cost: 1.9095333333333333
32.039615565117664
Train Accuracy: 66.66666666666667%		Avg Cost: 1.8818
65.40220913548562
Train Accuracy: 60.666666666666664%		Avg Cost: 1.7446
59.553616060632706
Train Accuracy: 54.666666666666664%		Avg Cost: 1.7988
53.49242711483783
Train Accuracy: 62.666666666666664%		Avg Cost: 1.8366666666666667
61.45076199767324
Train Accuracy: 66.66666666666667%		Avg Cost: 1.814
65.47559796328078
Train Accuracy: 94.0%		Avg Cost: 0.8629333333333333
94.29483568157215
Train Accuracy: 66.66666666666667%		Avg Cost: 1.814
65.47559796328078
Train Accuracy: 54.0%		Avg Cost: 1.9084
52.70746961068037
Train Accuracy: 61.333333333333336%		Avg Cost: 1.8658
60.08595350224389
Train Accuracy: 40.666666666666664%		Avg Cost: 1.6252
39.695404896403794
Train Accuracy: 33.333333333333336%		Avg Cost: 1.9225333333333334
32.026045811768846
Train Accuracy: 54.666666666666664%		Avg Cost: 1.6673333333333333
53.64421557909203
Train Accuracy: 66.66666666666667%		Avg Cost: 1.3862
66.01353428566318
Train Accuracy: 66.66666666666667%		Avg Cost: 1.3847333333333334
66.01565150268316
Train Accuracy: 66.66666666666667%		Avg Cost: 1.3450666666666666
66.07377951042596
Train Accuracy: 33.333333333333336%		Avg Cost: 1.8522
32.10058508982527
Train Accuracy: 51.333333333333336%		Avg Cost: 1.8229333333333333
50.132439482791284
Train Accuracy: 33.333333333333336%		Avg Cost: 1.7604666666666666
32.20217548249581
Train Accuracy: 33.333333333333336%		Avg Cost: 1.9006666666666667
32.04892392968859
Train Accuracy: 16.666666666666668%		Avg Cost: 1.9065333333333334
15.376093498249777
Train Accuracy: 66.66666666666667%		Avg Cost: 1.3478666666666668
66.06962047540736
Train Accuracy: 64.0%		Avg Cost: 1.6779333333333333
62.96487424516269
Train Accuracy: 26.0%		Avg Cost: 1.9204
24.694933004650704
Train Accuracy: 62.666666666666664%		Avg Cost: 1.8365333333333334
61.45090719350618
Train Accuracy: 30.666666666666668%		Avg Cost: 1.9076
29.374974851782802
Train Accuracy: 68.66666666666667%		Avg Cost: 1.2063333333333333
68.29149575483969
Train Accuracy: 66.66666666666667%		Avg Cost: 1.0754
66.52128129587979
Train Accuracy: 68.66666666666667%		Avg Cost: 1.2063333333333333
68.29149575483969
Train Accuracy: 33.333333333333336%		Avg Cost: 1.8972
32.052575103290756
Train Accuracy: 68.66666666666667%		Avg Cost: 1.2063333333333333
68.29149575483969
Train Accuracy: 33.333333333333336%		Avg Cost: 1.6279333333333332
32.35871069993149
Train Accuracy: 56.666666666666664%		Avg Cost: 1.8260666666666667
55.46233808430391
Train Accuracy: 66.66666666666667%		Avg Cost: 1.6965333333333332
65.6094927599774
Train Accuracy: 64.0%		Avg Cost: 1.406
63.31850241322305
Train Accuracy: 64.0%		Avg Cost: 1.3737333333333333
63.36493581115867
Train Accuracy: 63.333333333333336%		Avg Cost: 1.8278
62.12710721762141
Train Accuracy: 60.0%		Avg Cost: 1.272
59.51881907016414
Train Accuracy: 33.333333333333336%		Avg Cost: 1.9035333333333333
32.045909716756285
Train Accuracy: 66.66666666666667%		Avg Cost: 1.3450666666666666
66.07377951042596
Train Accuracy: 66.66666666666667%		Avg Cost: 1.2248666666666668
66.2610026775959
Train Accuracy: 66.0%		Avg Cost: 1.89
64.7268463418569
Train Accuracy: 59.333333333333336%		Avg Cost: 1.8224666666666667
58.132951543656176
Train Accuracy: 66.66666666666667%		Avg Cost: 1.3620666666666668
66.04866035835575
Generation score: 2702.587988732434
Train Accuracy: 60.0%		Avg Cost: 1.272
59.51881907016414
Train Accuracy: 66.66666666666667%		Avg Cost: 1.1055333333333333
66.46601092040717
Train Accuracy: 64.0%		Avg Cost: 1.6779333333333333
62.96487424516269
Train Accuracy: 66.66666666666667%		Avg Cost: 1.3912666666666667
66.0062374603257
Train Accuracy: 68.66666666666667%		Avg Cost: 1.2124
68.28146293426364
Train Accuracy: 66.66666666666667%		Avg Cost: 1.2268666666666668
66.25773967926497
Train Accuracy: 33.333333333333336%		Avg Cost: 1.8613333333333333
32.090747179749414
Train Accuracy: 44.666666666666664%		Avg Cost: 1.8973333333333333
43.38576788354767
Train Accuracy: 43.333333333333336%		Avg Cost: 1.9152666666666667
42.03361960441118
Train Accuracy: 91.33333333333333%		Avg Cost: 0.8662
91.62061223373655
Train Accuracy: 59.333333333333336%		Avg Cost: 1.859
58.09325591585472
Train Accuracy: 62.666666666666664%		Avg Cost: 1.4024
61.99029655741689
Train Accuracy: 66.66666666666667%		Avg Cost: 1.814
65.47559796328078
Train Accuracy: 68.66666666666667%		Avg Cost: 1.2063333333333333
68.29149575483969
Train Accuracy: 64.0%		Avg Cost: 1.6722
62.97171975053236
Train Accuracy: 66.66666666666667%		Avg Cost: 1.2270666666666667
66.25741367203776
Train Accuracy: 66.66666666666667%		Avg Cost: 1.3450666666666666
66.07377951042596
Train Accuracy: 62.666666666666664%		Avg Cost: 1.8366666666666667
61.45076199767324
Train Accuracy: 68.66666666666667%		Avg Cost: 1.2066
68.29105369261762
Train Accuracy: 64.0%		Avg Cost: 1.4459333333333333
63.26248996304348
Train Accuracy: 66.66666666666667%		Avg Cost: 1.3450666666666666
66.07377951042596
Train Accuracy: 66.66666666666667%		Avg Cost: 1.5137333333333334
65.8375086553864
Train Accuracy: 37.333333333333336%		Avg Cost: 1.8892
36.061026415253686
Train Accuracy: 66.66666666666667%		Avg Cost: 1.8818
65.40220913548562
Train Accuracy: 62.666666666666664%		Avg Cost: 1.8365333333333334
61.45090719350618
Train Accuracy: 71.33333333333333%		Avg Cost: 1.5912666666666666
70.40427264377196
Train Accuracy: 88.66666666666667%		Avg Cost: 0.8726666666666667
88.93906990902748
Train Accuracy: 66.66666666666667%		Avg Cost: 1.3847333333333334
66.01565150268316
Train Accuracy: 63.333333333333336%		Avg Cost: 1.8278
62.12710721762141
Train Accuracy: 68.66666666666667%		Avg Cost: 1.266
68.19494201922271
Train Accuracy: 68.0%		Avg Cost: 1.7667333333333333
66.86173546594591
Train Accuracy: 66.66666666666667%		Avg Cost: 1.3528
66.06231362946221
Train Accuracy: 59.333333333333336%		Avg Cost: 1.823
58.13236634194028
Train Accuracy: 60.0%		Avg Cost: 1.272
59.51881907016414
Train Accuracy: 66.66666666666667%		Avg Cost: 1.6965333333333332
65.6094927599774
Train Accuracy: 51.333333333333336%		Avg Cost: 1.8229333333333333
50.132439482791284
Train Accuracy: 40.666666666666664%		Avg Cost: 1.6226
39.69860706470901
Train Accuracy: 66.66666666666667%		Avg Cost: 1.3478666666666668
66.06962047540736
Train Accuracy: 59.333333333333336%		Avg Cost: 1.7936
58.16488378666182
Train Accuracy: 54.0%		Avg Cost: 1.9084
52.70746961068037
Train Accuracy: 66.66666666666667%		Avg Cost: 1.814
65.47559796328078
Train Accuracy: 94.0%		Avg Cost: 0.8629333333333333
94.29483568157215
Train Accuracy: 66.66666666666667%		Avg Cost: 1.0765333333333333
66.5191746628897
Train Accuracy: 66.66666666666667%		Avg Cost: 1.0754
66.52128129587979
Train Accuracy: 64.0%		Avg Cost: 1.3682666666666667
63.372910536044984
Train Accuracy: 66.66666666666667%		Avg Cost: 1.3620666666666668
66.04866035835575
Train Accuracy: 33.333333333333336%		Avg Cost: 1.7604666666666666
32.20217548249581
Train Accuracy: 61.333333333333336%		Avg Cost: 1.8658
60.08595350224389
Train Accuracy: 33.333333333333336%		Avg Cost: 1.6170666666666667
32.37210571661783
Train Accuracy: 54.0%		Avg Cost: 1.8553333333333333
52.76387125112882
Generation score: 3073.904544329389
Train Accuracy: 66.66666666666667%		Avg Cost: 1.8818
65.40220913548562
Train Accuracy: 66.66666666666667%		Avg Cost: 1.2890666666666666
66.15882978206872
Train Accuracy: 54.0%		Avg Cost: 1.9084
52.70746961068037
Train Accuracy: 37.333333333333336%		Avg Cost: 1.8708666666666667
36.08052977010639
Train Accuracy: 59.333333333333336%		Avg Cost: 1.859
58.09325591585472
Train Accuracy: 66.66666666666667%		Avg Cost: 1.8573333333333333
65.42838313216777
Train Accuracy: 94.0%		Avg Cost: 0.8577333333333333
94.3069240562268
Train Accuracy: 66.0%		Avg Cost: 1.0760666666666667
65.85337516462214
Train Accuracy: 70.0%		Avg Cost: 1.2408
69.56848733423962
Train Accuracy: 66.66666666666667%		Avg Cost: 1.5137333333333334
65.8375086553864
Train Accuracy: 64.0%		Avg Cost: 1.6722
62.97171975053236
Train Accuracy: 60.0%		Avg Cost: 1.272
59.51881907016414
Train Accuracy: 66.66666666666667%		Avg Cost: 1.3450666666666666
66.07377951042596
Train Accuracy: 62.666666666666664%		Avg Cost: 1.8366666666666667
61.45076199767324
Train Accuracy: 66.66666666666667%		Avg Cost: 1.423
65.96113202845125
Train Accuracy: 68.66666666666667%		Avg Cost: 1.2063333333333333
68.29149575483969
Train Accuracy: 66.66666666666667%		Avg Cost: 1.3620666666666668
66.04866035835575
Train Accuracy: 91.33333333333333%		Avg Cost: 0.8662
91.62061223373655
Train Accuracy: 66.66666666666667%		Avg Cost: 1.1055333333333333
66.46601092040717
Train Accuracy: 64.0%		Avg Cost: 1.6784666666666668
62.964238643520666
Train Accuracy: 66.66666666666667%		Avg Cost: 1.3847333333333334
66.01565150268316
Train Accuracy: 61.333333333333336%		Avg Cost: 1.8658
60.08595350224389
Train Accuracy: 43.333333333333336%		Avg Cost: 1.9152666666666667
42.03361960441118
Train Accuracy: 66.66666666666667%		Avg Cost: 1.0754
66.52128129587979
Train Accuracy: 66.66666666666667%		Avg Cost: 1.814
65.47559796328078
Train Accuracy: 66.66666666666667%		Avg Cost: 1.0765333333333333
66.5191746628897
Train Accuracy: 59.333333333333336%		Avg Cost: 1.7936
58.16488378666182
Train Accuracy: 46.0%		Avg Cost: 1.9468
44.66762600204567
Train Accuracy: 40.666666666666664%		Avg Cost: 1.6226
39.69860706470901
Train Accuracy: 64.0%		Avg Cost: 1.3682666666666667
63.372910536044984
Train Accuracy: 68.66666666666667%		Avg Cost: 1.2668
68.19367859530198
Train Accuracy: 73.33333333333333%		Avg Cost: 1.5050666666666668
72.51565894531683
Train Accuracy: 33.333333333333336%		Avg Cost: 1.8613333333333333
32.090747179749414
Train Accuracy: 66.66666666666667%		Avg Cost: 1.3912666666666667
66.0062374603257
Train Accuracy: 33.333333333333336%		Avg Cost: 1.6170666666666667
32.37210571661783
Train Accuracy: 64.0%		Avg Cost: 1.4459333333333333
63.26248996304348
Train Accuracy: 66.66666666666667%		Avg Cost: 1.3286
66.09841515416866
Train Accuracy: 59.333333333333336%		Avg Cost: 1.823
58.13236634194028
Train Accuracy: 33.333333333333336%		Avg Cost: 1.7604666666666666
32.20217548249581
Train Accuracy: 56.0%		Avg Cost: 1.4914
55.20056944774488
Train Accuracy: 94.0%		Avg Cost: 0.8629333333333333
94.29483568157215
Train Accuracy: 71.33333333333333%		Avg Cost: 1.5912666666666666
70.40427264377196
Train Accuracy: 66.66666666666667%		Avg Cost: 1.2270666666666667
66.25741367203776
Train Accuracy: 66.66666666666667%		Avg Cost: 1.3478666666666668
66.06962047540736
Train Accuracy: 66.66666666666667%		Avg Cost: 1.2268666666666668
66.25773967926497
Train Accuracy: 37.333333333333336%		Avg Cost: 1.8892
36.061026415253686
Train Accuracy: 63.333333333333336%		Avg Cost: 1.8278
62.12710721762141
Train Accuracy: 62.666666666666664%		Avg Cost: 1.8365333333333334
61.45090719350618
Train Accuracy: 66.66666666666667%		Avg Cost: 1.7796666666666667
65.51381450496679
Train Accuracy: 68.66666666666667%		Avg Cost: 1.2124
68.28146293426364
Generation score: 3086.1521534501658
Train Accuracy: 64.0%		Avg Cost: 1.3682666666666667
63.372910536044984
Train Accuracy: 68.66666666666667%		Avg Cost: 1.2063333333333333
68.29149575483969
Train Accuracy: 73.33333333333333%		Avg Cost: 1.5051333333333334
72.51557035762607
Train Accuracy: 61.333333333333336%		Avg Cost: 1.8658
60.08595350224389
Train Accuracy: 64.0%		Avg Cost: 1.6784666666666668
62.964238643520666
Train Accuracy: 73.33333333333333%		Avg Cost: 1.6912
72.28245666106565
Train Accuracy: 70.0%		Avg Cost: 1.2089333333333334
69.62052314375669
Train Accuracy: 63.333333333333336%		Avg Cost: 1.8278
62.12710721762141
Train Accuracy: 66.66666666666667%		Avg Cost: 1.3847333333333334
66.01565150268316
Train Accuracy: 66.66666666666667%		Avg Cost: 1.3478666666666668
66.06962047540736
Train Accuracy: 58.0%		Avg Cost: 1.2448
57.56205025111602
Train Accuracy: 66.66666666666667%		Avg Cost: 1.2890666666666666
66.15882978206872
Train Accuracy: 94.0%		Avg Cost: 0.8577333333333333
94.3069240562268
Train Accuracy: 66.66666666666667%		Avg Cost: 1.3912666666666667
66.0062374603257
Train Accuracy: 66.66666666666667%		Avg Cost: 1.4375333333333333
65.94080930301403
Train Accuracy: 91.33333333333333%		Avg Cost: 0.8662
91.62061223373655
Train Accuracy: 68.66666666666667%		Avg Cost: 1.2668
68.19367859530198
Train Accuracy: 66.66666666666667%		Avg Cost: 1.0814666666666666
66.51003037757478
Train Accuracy: 66.66666666666667%		Avg Cost: 1.3620666666666668
66.04866035835575
Train Accuracy: 33.333333333333336%		Avg Cost: 1.9127333333333334
32.03626676606548
Train Accuracy: 59.333333333333336%		Avg Cost: 1.823
58.13236634194028
Train Accuracy: 66.66666666666667%		Avg Cost: 1.3450666666666666
66.07377951042596
Train Accuracy: 66.66666666666667%		Avg Cost: 1.1055333333333333
66.46601092040717
Train Accuracy: 66.0%		Avg Cost: 1.0760666666666667
65.85337516462214
Train Accuracy: 73.33333333333333%		Avg Cost: 1.5050666666666668
72.51565894531683
Train Accuracy: 64.0%		Avg Cost: 1.4452
63.263504559417306
Train Accuracy: 66.66666666666667%		Avg Cost: 1.4156
65.97155972768833
Train Accuracy: 66.66666666666667%		Avg Cost: 1.3284666666666667
66.0986158767702
Train Accuracy: 66.66666666666667%		Avg Cost: 1.2268666666666668
66.25773967926497
Train Accuracy: 66.66666666666667%		Avg Cost: 1.0832
66.50682742031492
Train Accuracy: 59.333333333333336%		Avg Cost: 1.859
58.09325591585472
Train Accuracy: 94.0%		Avg Cost: 0.8629333333333333
94.29483568157215
Train Accuracy: 59.333333333333336%		Avg Cost: 1.7936
58.16488378666182
Train Accuracy: 64.0%		Avg Cost: 1.3682666666666667
63.372910536044984
Train Accuracy: 66.66666666666667%		Avg Cost: 1.3811333333333333
66.02085783034359
Train Accuracy: 66.66666666666667%		Avg Cost: 1.8818
65.40220913548562
Train Accuracy: 52.0%		Avg Cost: 1.6816666666666666
50.960429269725076
Train Accuracy: 62.666666666666664%		Avg Cost: 1.8365333333333334
61.45090719350618
Train Accuracy: 64.0%		Avg Cost: 1.6674666666666667
62.97738898279432
Train Accuracy: 66.66666666666667%		Avg Cost: 1.2400666666666667
66.23633638344147
Train Accuracy: 66.66666666666667%		Avg Cost: 1.8573333333333333
65.42838313216777
Train Accuracy: 66.66666666666667%		Avg Cost: 1.8676
65.41735829843738
Train Accuracy: 62.666666666666664%		Avg Cost: 1.8366666666666667
61.45076199767324
Train Accuracy: 66.66666666666667%		Avg Cost: 1.4777333333333333
65.88564790216417
Train Accuracy: 66.0%		Avg Cost: 1.0760666666666667
65.85337516462214
Train Accuracy: 66.66666666666667%		Avg Cost: 1.8142666666666667
65.47530397533376
Train Accuracy: 68.66666666666667%		Avg Cost: 1.2126
68.28113303735569
Train Accuracy: 50.0%		Avg Cost: 1.7657333333333334
48.862867819194875
Train Accuracy: 56.0%		Avg Cost: 1.4914
55.20056944774488
Train Accuracy: 71.33333333333333%		Avg Cost: 1.5903333333333334
70.40544605760161
Generation score: 3274.1039266724893
Train Accuracy: 70.0%		Avg Cost: 1.2089333333333334
69.62052314375669
Train Accuracy: 68.66666666666667%		Avg Cost: 1.2063333333333333
68.29149575483969
Train Accuracy: 68.66666666666667%		Avg Cost: 1.2138666666666666
68.27904495298326
Train Accuracy: 66.66666666666667%		Avg Cost: 1.1055333333333333
66.46601092040717
Train Accuracy: 95.33333333333333%		Avg Cost: 0.6739333333333334
Agent has passed the test, score of 96.12258150319391

[0]Input Node (-7,none):	0.00,0.20
			Incoming indices - []
			Outgoing indices - [9, 14]
[1]Input Node (-6,none):	0.00,0.40
			Incoming indices - []
			Outgoing indices - []
[2]Input Node (-5,none):	0.00,0.60
			Incoming indices - []
			Outgoing indices - [0, 1, 3, 4, 7, 12]
[3]Input Node (-4,none):	0.00,0.80
			Incoming indices - []
			Outgoing indices - []
[4]Hidden Node (121,sigmoid):	0.13,0.20
			Incoming indices - [14]
			Outgoing indices - [15, 18]
[5]Hidden Node (7,square):	0.25,0.33
			Incoming indices - [4, 9, 15]
			Outgoing indices - [5, 6, 10, 16]
[6]Hidden Node (137,sigmoid):	0.38,0.33
			Incoming indices - [16]
			Outgoing indices - [17]
[7]Hidden Node (62,sin):	0.50,0.52
			Incoming indices - [12, 18]
			Outgoing indices - [13]
[8]Hidden Node (28,sigmoid):	0.63,0.25
			Incoming indices - [10]
			Outgoing indices - [11]
[9]Hidden Node (39,sigmoid):	0.75,0.75
			Incoming indices - [7, 13]
			Outgoing indices - [8]
[10]Hidden Node (6,tanh):	0.88,0.75
			Incoming indices - [1, 8]
			Outgoing indices - [2]
[11]Output Node (-3,reLU):	1.00,0.25
			Incoming indices - [3, 5, 11]
			Outgoing indices - []
[12]Output Node (-2,none):	1.00,0.50
			Incoming indices - [6, 17]
			Outgoing indices - []
[13]Output Node (-1,none):	1.00,0.75
			Incoming indices - [0, 2]
			Outgoing indices - []
[0]edge (12) from (0.00,0.60) to (1.00,0.75), or -5 -> -1
[1]edge (14) from (0.00,0.60) to (0.88,0.75), or -5 -> 6
[2]edge (15) from (0.88,0.75) to (1.00,0.75), or 6 -> -1
[3]edge (16) from (0.00,0.60) to (1.00,0.25), or -5 -> -3
[4]edge (17) from (0.00,0.60) to (0.25,0.33), or -5 -> 7
[5]edge (18) from (0.25,0.33) to (1.00,0.25), or 7 -> -3
[6]edge (51) from (0.25,0.33) to (1.00,0.50), or 7 -> -2
[7]edge (112) from (0.00,0.60) to (0.75,0.75), or -5 -> 39
[8]edge (113) from (0.75,0.75) to (0.88,0.75), or 39 -> 6
[9]edge (134) from (0.00,0.20) to (0.25,0.33), or -7 -> 7
[10]edge (171) from (0.25,0.33) to (0.63,0.25), or 7 -> 28
[11]edge (172) from (0.63,0.25) to (1.00,0.25), or 28 -> -3
[12]edge (183) from (0.00,0.60) to (0.50,0.52), or -5 -> 62
[13]edge (184) from (0.50,0.52) to (0.75,0.75), or 62 -> 39
[14]edge (356) from (0.00,0.20) to (0.13,0.20), or -7 -> 121
[15]edge (357) from (0.13,0.20) to (0.25,0.33), or 121 -> 7
[16]edge (401) from (0.25,0.33) to (0.38,0.33), or 7 -> 137
[17]edge (402) from (0.38,0.33) to (1.00,0.50), or 137 -> -2
[18]edge (403) from (0.13,0.20) to (0.50,0.52), or 121 -> 62






Infinity
Train Accuracy: 68.66666666666667%		Avg Cost: 1.2668
68.19367859530198
Train Accuracy: 34.0%		Avg Cost: 1.9038
32.71229622232986
Train Accuracy: 64.0%		Avg Cost: 1.6784666666666668
62.964238643520666
Train Accuracy: 64.0%		Avg Cost: 1.4452
63.263504559417306
Train Accuracy: 33.333333333333336%		Avg Cost: 1.8300666666666667
32.124628541208786
Train Accuracy: 66.66666666666667%		Avg Cost: 1.4777333333333333
65.88564790216417
Train Accuracy: 64.0%		Avg Cost: 1.3776
63.35931429061734
Train Accuracy: 83.33333333333333%		Avg Cost: 1.2432666666666667
82.89784868483913
Train Accuracy: 94.0%		Avg Cost: 0.8368
94.35634037134295
Train Accuracy: 66.66666666666667%		Avg Cost: 1.8092
65.48089714942357
Train Accuracy: 56.0%		Avg Cost: 1.4914
55.20056944774488
Train Accuracy: 66.66666666666667%		Avg Cost: 1.8676
65.41735829843738
Train Accuracy: 73.33333333333333%		Avg Cost: 1.5050666666666668
72.51565894531683
Train Accuracy: 66.66666666666667%		Avg Cost: 1.3944666666666667
66.00164261792753
Train Accuracy: 70.66666666666667%		Avg Cost: 1.4801333333333333
69.88240231905019
Train Accuracy: 66.66666666666667%		Avg Cost: 1.0692666666666666
66.53272055616061
Train Accuracy: 66.0%		Avg Cost: 1.0756666666666668
65.85411875119657
Train Accuracy: 33.333333333333336%		Avg Cost: 1.9126666666666667
32.03633647555121
Train Accuracy: 71.33333333333333%		Avg Cost: 1.5903333333333334
70.40544605760161
Train Accuracy: 72.66666666666667%		Avg Cost: 1.6928666666666667
71.61381997788858
Train Accuracy: 50.0%		Avg Cost: 1.7657333333333334
48.862867819194875
Train Accuracy: 59.333333333333336%		Avg Cost: 1.7936
58.16488378666182
Train Accuracy: 66.66666666666667%		Avg Cost: 1.2400666666666667
66.23633638344147
Train Accuracy: 66.66666666666667%		Avg Cost: 1.3284666666666667
66.0986158767702
Train Accuracy: 66.66666666666667%		Avg Cost: 1.8818
65.40220913548562
Train Accuracy: 58.0%		Avg Cost: 1.2448
57.56205025111602
Train Accuracy: 70.66666666666667%		Avg Cost: 1.3341333333333334
70.09010288161917
Train Accuracy: 66.66666666666667%		Avg Cost: 1.3450666666666666
66.07377951042596
Train Accuracy: 66.0%		Avg Cost: 1.0760666666666667
65.85337516462214
Train Accuracy: 66.66666666666667%		Avg Cost: 1.3933333333333333
66.00326875092956
Train Accuracy: 62.666666666666664%		Avg Cost: 1.8366666666666667
61.45076199767324
Train Accuracy: 73.33333333333333%		Avg Cost: 1.5051333333333334
72.51557035762607
Train Accuracy: 64.0%		Avg Cost: 1.3674666666666666
63.3740802407279
Train Accuracy: 66.66666666666667%		Avg Cost: 1.8573333333333333
65.42838313216777
Train Accuracy: 59.333333333333336%		Avg Cost: 1.823
58.13236634194028
Train Accuracy: 66.66666666666667%		Avg Cost: 1.3716666666666666
66.03461357574483
Train Accuracy: 66.66666666666667%		Avg Cost: 1.4326666666666668
65.94759164756225
Train Accuracy: 66.66666666666667%		Avg Cost: 1.2890666666666666
66.15882978206872
Train Accuracy: 94.0%		Avg Cost: 0.8629333333333333
94.29483568157215
Train Accuracy: 66.66666666666667%		Avg Cost: 1.3758
66.02859590644712
Train Accuracy: 59.333333333333336%		Avg Cost: 1.859
58.09325591585472
Train Accuracy: 62.666666666666664%		Avg Cost: 1.8365333333333334
61.45090719350618
Train Accuracy: 66.66666666666667%		Avg Cost: 1.3310666666666666
66.09470541504263
Train Accuracy: 66.66666666666667%		Avg Cost: 1.3478666666666668
66.06962047540736
Train Accuracy: 52.0%		Avg Cost: 1.6816666666666666
50.960429269725076
]]></system-out>
  <system-err><![CDATA[]]></system-err>
</testsuite>
