<?xml version="1.0" encoding="UTF-8"?>
<testsuite name="IrisDatasetTest" tests="1" skipped="0" failures="0" errors="0" timestamp="2025-04-12T03:56:52" hostname="LEOQIAN" time="174.716">
  <properties/>
  <testcase name="testDataset()" classname="IrisDatasetTest" time="174.716"/>
  <system-out><![CDATA[Train Accuracy: 33.333333333333336%		Avg Cost: 1.9095333333333333
32.039615565117664
Train Accuracy: 33.333333333333336%		Avg Cost: 1.9095333333333333
32.039615565117664
Train Accuracy: 33.333333333333336%		Avg Cost: 1.9095333333333333
32.039615565117664
Train Accuracy: 33.333333333333336%		Avg Cost: 1.9107333333333334
32.038359108284496
Train Accuracy: 33.333333333333336%		Avg Cost: 1.9095333333333333
32.039615565117664
Train Accuracy: 33.333333333333336%		Avg Cost: 1.9095333333333333
32.039615565117664
Train Accuracy: 33.333333333333336%		Avg Cost: 1.9095333333333333
32.039615565117664
Train Accuracy: 33.333333333333336%		Avg Cost: 1.9114
32.03766141763345
Train Accuracy: 33.333333333333336%		Avg Cost: 1.9095333333333333
32.039615565117664
Train Accuracy: 33.333333333333336%		Avg Cost: 1.9095333333333333
32.039615565117664
Train Accuracy: 33.333333333333336%		Avg Cost: 1.9095333333333333
32.039615565117664
Train Accuracy: 33.333333333333336%		Avg Cost: 1.9095333333333333
32.039615565117664
Train Accuracy: 33.333333333333336%		Avg Cost: 1.9095333333333333
32.039615565117664
Train Accuracy: 33.333333333333336%		Avg Cost: 1.9093333333333333
32.039825051352864
Train Accuracy: 33.333333333333336%		Avg Cost: 1.9095333333333333
32.039615565117664
Train Accuracy: 33.333333333333336%		Avg Cost: 1.9095333333333333
32.039615565117664
Train Accuracy: 33.333333333333336%		Avg Cost: 1.9095333333333333
32.039615565117664
Train Accuracy: 33.333333333333336%		Avg Cost: 1.9095333333333333
32.039615565117664
Train Accuracy: 33.333333333333336%		Avg Cost: 1.897
32.05278595142758
Train Accuracy: 56.666666666666664%		Avg Cost: 1.7949333333333333
55.49673090457415
Train Accuracy: 33.333333333333336%		Avg Cost: 1.9095333333333333
32.039615565117664
Train Accuracy: 33.333333333333336%		Avg Cost: 1.9095333333333333
32.039615565117664
Train Accuracy: 33.333333333333336%		Avg Cost: 1.9095333333333333
32.039615565117664
Train Accuracy: 33.333333333333336%		Avg Cost: 1.9095333333333333
32.039615565117664
Train Accuracy: 35.333333333333336%		Avg Cost: 1.9072
34.04206093755555
Train Accuracy: 33.333333333333336%		Avg Cost: 1.9708666666666668
31.97638657668103
Train Accuracy: 33.333333333333336%		Avg Cost: 1.9095333333333333
32.039615565117664
Train Accuracy: 56.0%		Avg Cost: 1.7828666666666666
54.843554888495916
Train Accuracy: 33.333333333333336%		Avg Cost: 1.9095333333333333
32.039615565117664
Train Accuracy: 62.0%		Avg Cost: 1.9838
60.62997160534049
Train Accuracy: 33.333333333333336%		Avg Cost: 1.9095333333333333
32.039615565117664
Train Accuracy: 33.333333333333336%		Avg Cost: 1.9095333333333333
32.039615565117664
Train Accuracy: 66.66666666666667%		Avg Cost: 1.655
65.65906464900861
Train Accuracy: 33.333333333333336%		Avg Cost: 1.9095333333333333
32.039615565117664
Train Accuracy: 33.333333333333336%		Avg Cost: 1.9713333333333334
31.975913067808985
Train Accuracy: 33.333333333333336%		Avg Cost: 1.9095333333333333
32.039615565117664
Train Accuracy: 33.333333333333336%		Avg Cost: 1.9095333333333333
32.039615565117664
Train Accuracy: 33.333333333333336%		Avg Cost: 1.9095333333333333
32.039615565117664
Train Accuracy: 33.333333333333336%		Avg Cost: 1.9095333333333333
32.039615565117664
Train Accuracy: 33.333333333333336%		Avg Cost: 1.9095333333333333
32.039615565117664
Train Accuracy: 66.0%		Avg Cost: 1.8282
64.79333624752483
Train Accuracy: 33.333333333333336%		Avg Cost: 1.9095333333333333
32.039615565117664
Train Accuracy: 33.333333333333336%		Avg Cost: 1.9095333333333333
32.039615565117664
Train Accuracy: 33.333333333333336%		Avg Cost: 1.9095333333333333
32.039615565117664
Train Accuracy: 33.333333333333336%		Avg Cost: 1.9095333333333333
32.039615565117664
Train Accuracy: 33.333333333333336%		Avg Cost: 1.9095333333333333
32.039615565117664
Train Accuracy: 33.333333333333336%		Avg Cost: 1.9095333333333333
32.039615565117664
Train Accuracy: 33.333333333333336%		Avg Cost: 1.9095333333333333
32.039615565117664
Train Accuracy: 33.333333333333336%		Avg Cost: 1.9095333333333333
32.039615565117664
Train Accuracy: 66.66666666666667%		Avg Cost: 1.5986666666666667
65.72832676967235
Generation score: 1778.779753084713
Train Accuracy: 33.333333333333336%		Avg Cost: 1.9095333333333333
32.039615565117664
Train Accuracy: 33.333333333333336%		Avg Cost: 1.9095333333333333
32.039615565117664
Train Accuracy: 61.333333333333336%		Avg Cost: 1.9836
59.96350658206765
Train Accuracy: 33.333333333333336%		Avg Cost: 1.9095333333333333
32.039615565117664
Train Accuracy: 33.333333333333336%		Avg Cost: 1.9095333333333333
32.039615565117664
Train Accuracy: 66.66666666666667%		Avg Cost: 1.655
65.65906464900861
Train Accuracy: 33.333333333333336%		Avg Cost: 1.9095333333333333
32.039615565117664
Train Accuracy: 33.333333333333336%		Avg Cost: 1.9095333333333333
32.039615565117664
Train Accuracy: 52.666666666666664%		Avg Cost: 1.9280666666666666
51.35363111919236
Train Accuracy: 64.0%		Avg Cost: 1.8645333333333334
62.753978403258174
Train Accuracy: 33.333333333333336%		Avg Cost: 1.9095333333333333
32.039615565117664
Train Accuracy: 56.666666666666664%		Avg Cost: 1.7949333333333333
55.49673090457415
Train Accuracy: 33.333333333333336%		Avg Cost: 1.9095333333333333
32.039615565117664
Train Accuracy: 33.333333333333336%		Avg Cost: 1.9095333333333333
32.039615565117664
Train Accuracy: 33.333333333333336%		Avg Cost: 1.9095333333333333
32.039615565117664
Train Accuracy: 33.333333333333336%		Avg Cost: 1.9095333333333333
32.039615565117664
Train Accuracy: 33.333333333333336%		Avg Cost: 1.9095333333333333
32.039615565117664
Train Accuracy: 33.333333333333336%		Avg Cost: 1.9095333333333333
32.039615565117664
Train Accuracy: 40.666666666666664%		Avg Cost: 1.8364666666666667
39.45097979537569
Train Accuracy: 33.333333333333336%		Avg Cost: 1.897
32.05278595142758
Train Accuracy: 66.66666666666667%		Avg Cost: 1.6412666666666667
65.67573006377677
Train Accuracy: 33.333333333333336%		Avg Cost: 1.9095333333333333
32.039615565117664
Train Accuracy: 33.333333333333336%		Avg Cost: 1.9095333333333333
32.039615565117664
Train Accuracy: 33.333333333333336%		Avg Cost: 1.9114
32.03766141763345
Train Accuracy: 33.333333333333336%		Avg Cost: 1.9095333333333333
32.039615565117664
Train Accuracy: 33.333333333333336%		Avg Cost: 1.9095333333333333
32.039615565117664
Train Accuracy: 33.333333333333336%		Avg Cost: 1.9095333333333333
32.039615565117664
Train Accuracy: 33.333333333333336%		Avg Cost: 1.904
32.045419460594985
Train Accuracy: 33.333333333333336%		Avg Cost: 1.9095333333333333
32.039615565117664
Train Accuracy: 33.333333333333336%		Avg Cost: 1.9095333333333333
32.039615565117664
Train Accuracy: 56.666666666666664%		Avg Cost: 1.8165333333333333
55.47280682103042
Train Accuracy: 33.333333333333336%		Avg Cost: 1.9095333333333333
32.039615565117664
Train Accuracy: 66.66666666666667%		Avg Cost: 1.3692666666666666
66.03811603322407
Train Accuracy: 33.333333333333336%		Avg Cost: 1.9095333333333333
32.039615565117664
Train Accuracy: 33.333333333333336%		Avg Cost: 1.9095333333333333
32.039615565117664
Train Accuracy: 33.333333333333336%		Avg Cost: 1.9114
32.03766141763345
Train Accuracy: 33.333333333333336%		Avg Cost: 1.9095333333333333
32.039615565117664
Train Accuracy: 33.333333333333336%		Avg Cost: 1.9095333333333333
32.039615565117664
Train Accuracy: 33.333333333333336%		Avg Cost: 1.9077333333333333
32.04150173162432
Train Accuracy: 33.333333333333336%		Avg Cost: 1.9095333333333333
32.039615565117664
Train Accuracy: 33.333333333333336%		Avg Cost: 1.9095333333333333
32.039615565117664
Train Accuracy: 33.333333333333336%		Avg Cost: 1.9095333333333333
32.039615565117664
Train Accuracy: 33.333333333333336%		Avg Cost: 1.9095333333333333
32.039615565117664
Train Accuracy: 33.333333333333336%		Avg Cost: 1.9095333333333333
32.039615565117664
Train Accuracy: 33.333333333333336%		Avg Cost: 1.9095333333333333
32.039615565117664
Train Accuracy: 35.333333333333336%		Avg Cost: 1.9072
34.04206093755555
Train Accuracy: 33.333333333333336%		Avg Cost: 1.9095333333333333
32.039615565117664
Train Accuracy: 40.666666666666664%		Avg Cost: 1.6880666666666666
39.61949888693736
Train Accuracy: 33.333333333333336%		Avg Cost: 1.897
32.05278595142758
Train Accuracy: 33.333333333333336%		Avg Cost: 1.9095333333333333
32.039615565117664
Generation score: 1845.1012337752243
Train Accuracy: 33.333333333333336%		Avg Cost: 1.9095333333333333
32.039615565117664
Train Accuracy: 33.333333333333336%		Avg Cost: 1.9095333333333333
32.039615565117664
Train Accuracy: 33.333333333333336%		Avg Cost: 1.9095333333333333
32.039615565117664
Train Accuracy: 66.66666666666667%		Avg Cost: 1.4929333333333332
65.86518093719508
Train Accuracy: 33.333333333333336%		Avg Cost: 1.8756666666666666
32.07540502976727
Train Accuracy: 33.333333333333336%		Avg Cost: 1.9095333333333333
32.039615565117664
Train Accuracy: 33.333333333333336%		Avg Cost: 1.9095333333333333
32.039615565117664
Train Accuracy: 33.333333333333336%		Avg Cost: 1.9095333333333333
32.039615565117664
Train Accuracy: 43.333333333333336%		Avg Cost: 1.8584666666666667
42.093829783367
Train Accuracy: 33.333333333333336%		Avg Cost: 1.9095333333333333
32.039615565117664
Train Accuracy: 33.333333333333336%		Avg Cost: 1.9114
32.03766141763345
Train Accuracy: 33.333333333333336%		Avg Cost: 1.9095333333333333
32.039615565117664
Train Accuracy: 66.66666666666667%		Avg Cost: 1.5136666666666667
65.83759673977126
Train Accuracy: 33.333333333333336%		Avg Cost: 1.9095333333333333
32.039615565117664
Train Accuracy: 52.666666666666664%		Avg Cost: 1.9280666666666666
51.35363111919236
Train Accuracy: 33.333333333333336%		Avg Cost: 1.9095333333333333
32.039615565117664
Train Accuracy: 33.333333333333336%		Avg Cost: 1.9203333333333332
32.02833576916906
Train Accuracy: 61.333333333333336%		Avg Cost: 1.9836
59.96350658206765
Train Accuracy: 33.333333333333336%		Avg Cost: 1.9095333333333333
32.039615565117664
Train Accuracy: 62.0%		Avg Cost: 1.8093333333333332
60.81408309339098
Train Accuracy: 56.666666666666664%		Avg Cost: 1.7949333333333333
55.49673090457415
Train Accuracy: 33.333333333333336%		Avg Cost: 1.9095333333333333
32.039615565117664
Train Accuracy: 66.66666666666667%		Avg Cost: 1.3692666666666666
66.03811603322407
Train Accuracy: 33.333333333333336%		Avg Cost: 1.9095333333333333
32.039615565117664
Train Accuracy: 66.66666666666667%		Avg Cost: 1.6412666666666667
65.67573006377677
Train Accuracy: 33.333333333333336%		Avg Cost: 1.9095333333333333
32.039615565117664
Train Accuracy: 33.333333333333336%		Avg Cost: 1.9095333333333333
32.039615565117664
Train Accuracy: 33.333333333333336%		Avg Cost: 1.904
32.045419460594985
Train Accuracy: 35.333333333333336%		Avg Cost: 1.9072
34.04206093755555
Train Accuracy: 33.333333333333336%		Avg Cost: 1.9095333333333333
32.039615565117664
Train Accuracy: 33.333333333333336%		Avg Cost: 1.9095333333333333
32.039615565117664
Train Accuracy: 33.333333333333336%		Avg Cost: 1.9095333333333333
32.039615565117664
Train Accuracy: 33.333333333333336%		Avg Cost: 1.897
32.05278595142758
Train Accuracy: 33.333333333333336%		Avg Cost: 1.9095333333333333
32.039615565117664
Train Accuracy: 33.333333333333336%		Avg Cost: 1.9096666666666666
32.039475919816674
Train Accuracy: 33.333333333333336%		Avg Cost: 1.9095333333333333
32.039615565117664
Train Accuracy: 33.333333333333336%		Avg Cost: 1.9095333333333333
32.039615565117664
Train Accuracy: 40.666666666666664%		Avg Cost: 1.735
39.56465183986902
Train Accuracy: 33.333333333333336%		Avg Cost: 1.9102
32.038917436096334
Train Accuracy: 64.0%		Avg Cost: 1.8645333333333334
62.753978403258174
Train Accuracy: 33.333333333333336%		Avg Cost: 1.9095333333333333
32.039615565117664
Train Accuracy: 33.333333333333336%		Avg Cost: 2.1078666666666668
31.841980578189762
Train Accuracy: 33.333333333333336%		Avg Cost: 1.9095333333333333
32.039615565117664
Train Accuracy: 33.333333333333336%		Avg Cost: 1.9095333333333333
32.039615565117664
Train Accuracy: 33.333333333333336%		Avg Cost: 1.9095333333333333
32.039615565117664
Train Accuracy: 33.333333333333336%		Avg Cost: 1.9095333333333333
32.039615565117664
Train Accuracy: 65.33333333333333%		Avg Cost: 1.9054666666666666
64.04387943741854
Train Accuracy: 33.333333333333336%		Avg Cost: 1.9095333333333333
32.039615565117664
Train Accuracy: 33.333333333333336%		Avg Cost: 1.897
32.05278595142758
Train Accuracy: 33.333333333333336%		Avg Cost: 1.9095333333333333
32.039615565117664
Generation score: 1918.8649792120768
Train Accuracy: 33.333333333333336%		Avg Cost: 1.9095333333333333
32.039615565117664
Train Accuracy: 33.333333333333336%		Avg Cost: 1.9095333333333333
32.039615565117664
Train Accuracy: 61.333333333333336%		Avg Cost: 1.9836
59.96350658206765
Train Accuracy: 33.333333333333336%		Avg Cost: 1.8684
32.0831684340417
Train Accuracy: 33.333333333333336%		Avg Cost: 1.9095333333333333
32.039615565117664
Train Accuracy: 33.333333333333336%		Avg Cost: 1.7648666666666666
32.19718304419997
Train Accuracy: 46.0%		Avg Cost: 1.9012666666666667
44.71495933856889
Train Accuracy: 66.66666666666667%		Avg Cost: 1.5202
65.82898285636706
Train Accuracy: 38.666666666666664%		Avg Cost: 1.8819333333333332
37.402067432212206
Train Accuracy: 33.333333333333336%		Avg Cost: 1.9095333333333333
32.039615565117664
Train Accuracy: 54.666666666666664%		Avg Cost: 1.9360666666666666
53.34534981962024
Train Accuracy: 33.333333333333336%		Avg Cost: 1.9095333333333333
32.039615565117664
Train Accuracy: 33.333333333333336%		Avg Cost: 1.904
32.045419460594985
Train Accuracy: 33.333333333333336%		Avg Cost: 1.9095333333333333
32.039615565117664
Train Accuracy: 33.333333333333336%		Avg Cost: 1.9095333333333333
32.039615565117664
Train Accuracy: 33.333333333333336%		Avg Cost: 1.9095333333333333
32.039615565117664
Train Accuracy: 33.333333333333336%		Avg Cost: 1.9096666666666666
32.039475919816674
Train Accuracy: 33.333333333333336%		Avg Cost: 1.9306666666666668
32.01760260050273
Train Accuracy: 33.333333333333336%		Avg Cost: 1.9095333333333333
32.039615565117664
Train Accuracy: 33.333333333333336%		Avg Cost: 1.9095333333333333
32.039615565117664
Train Accuracy: 66.66666666666667%		Avg Cost: 1.4929333333333332
65.86518093719508
Train Accuracy: 33.333333333333336%		Avg Cost: 1.9109333333333334
32.03814977553245
Train Accuracy: 63.333333333333336%		Avg Cost: 1.8617333333333332
62.09031742649775
Train Accuracy: 35.333333333333336%		Avg Cost: 1.9072
34.04206093755555
Train Accuracy: 33.333333333333336%		Avg Cost: 1.9096
32.03954574124837
Train Accuracy: 33.333333333333336%		Avg Cost: 1.9095333333333333
32.039615565117664
Train Accuracy: 33.333333333333336%		Avg Cost: 1.9095333333333333
32.039615565117664
Train Accuracy: 64.0%		Avg Cost: 1.8206
62.8016677658219
Train Accuracy: 31.333333333333332%		Avg Cost: 1.9165333333333334
30.03229733632536
Train Accuracy: 66.66666666666667%		Avg Cost: 1.6412666666666667
65.67573006377677
Train Accuracy: 33.333333333333336%		Avg Cost: 1.9095333333333333
32.039615565117664
Train Accuracy: 56.666666666666664%		Avg Cost: 1.7949333333333333
55.49673090457415
Train Accuracy: 73.33333333333333%		Avg Cost: 1.4036666666666666
72.65515761230996
Train Accuracy: 33.333333333333336%		Avg Cost: 1.9072666666666667
32.04199102826285
Train Accuracy: 66.66666666666667%		Avg Cost: 1.3692666666666666
66.03811603322407
Train Accuracy: 33.333333333333336%		Avg Cost: 1.9095333333333333
32.039615565117664
Train Accuracy: 33.333333333333336%		Avg Cost: 1.904
32.045419460594985
Train Accuracy: 33.333333333333336%		Avg Cost: 1.897
32.05278595142758
Train Accuracy: 64.0%		Avg Cost: 1.866
62.7524057951497
Train Accuracy: 33.333333333333336%		Avg Cost: 1.9095333333333333
32.039615565117664
Train Accuracy: 33.333333333333336%		Avg Cost: 1.9095333333333333
32.039615565117664
Train Accuracy: 33.333333333333336%		Avg Cost: 1.9092666666666667
32.039894884974274
Train Accuracy: 33.333333333333336%		Avg Cost: 1.9095333333333333
32.039615565117664
Train Accuracy: 33.333333333333336%		Avg Cost: 1.9095333333333333
32.039615565117664
Train Accuracy: 33.333333333333336%		Avg Cost: 1.9095333333333333
32.039615565117664
Train Accuracy: 33.333333333333336%		Avg Cost: 1.9095333333333333
32.039615565117664
Train Accuracy: 33.333333333333336%		Avg Cost: 1.9095333333333333
32.039615565117664
Train Accuracy: 33.333333333333336%		Avg Cost: 1.9095333333333333
32.039615565117664
Train Accuracy: 62.0%		Avg Cost: 1.8089333333333333
60.81452529407819
Train Accuracy: 33.333333333333336%		Avg Cost: 1.9095333333333333
32.039615565117664
Generation score: 1989.0708504342465
Train Accuracy: 33.333333333333336%		Avg Cost: 1.9095333333333333
32.039615565117664
Train Accuracy: 33.333333333333336%		Avg Cost: 1.9095333333333333
32.039615565117664
Train Accuracy: 33.333333333333336%		Avg Cost: 1.904
32.045419460594985
Train Accuracy: 34.0%		Avg Cost: 1.9002
32.716081712418976
Train Accuracy: 33.333333333333336%		Avg Cost: 1.9095333333333333
32.039615565117664
Train Accuracy: 33.333333333333336%		Avg Cost: 1.9095333333333333
32.039615565117664
Train Accuracy: 33.333333333333336%		Avg Cost: 1.9095333333333333
32.039615565117664
Train Accuracy: 66.66666666666667%		Avg Cost: 1.3692666666666666
66.03811603322407
Train Accuracy: 33.333333333333336%		Avg Cost: 1.8960666666666666
32.05377020341595
Train Accuracy: 33.333333333333336%		Avg Cost: 1.9095333333333333
32.039615565117664
Train Accuracy: 33.333333333333336%		Avg Cost: 1.9095333333333333
32.039615565117664
Train Accuracy: 33.333333333333336%		Avg Cost: 1.4253333333333333
32.62452192434396
Train Accuracy: 66.66666666666667%		Avg Cost: 1.4925333333333333
65.86571686681286
Train Accuracy: 64.0%		Avg Cost: 1.866
Train Accuracy: 33.333333333333336%		Avg Cost: 1.9095333333333333
62.7524057951497
32.039615565117664
Train Accuracy: 33.333333333333336%		Avg Cost: 1.9095333333333333
32.039615565117664
Train Accuracy: 66.66666666666667%		Avg Cost: 1.6412666666666667
65.67573006377677
Train Accuracy: 35.333333333333336%		Avg Cost: 1.9072
34.04206093755555
Train Accuracy: 46.0%		Avg Cost: 1.9012666666666667
44.71495933856889
Train Accuracy: 33.333333333333336%		Avg Cost: 1.904
32.045419460594985
Train Accuracy: 33.333333333333336%		Avg Cost: 1.9095333333333333
32.039615565117664
Train Accuracy: 33.333333333333336%		Avg Cost: 1.9093333333333333
32.039825051352864
Train Accuracy: 65.33333333333333%		Avg Cost: 1.9067333333333334
64.04255037103873
Train Accuracy: 33.333333333333336%		Avg Cost: 1.8845333333333334
32.06597288988054
Train Accuracy: 33.333333333333336%		Avg Cost: 1.9095333333333333
32.039615565117664
Train Accuracy: 33.333333333333336%		Avg Cost: 1.9095333333333333
32.039615565117664
Train Accuracy: 49.333333333333336%		Avg Cost: 1.9078666666666666
48.04136195456867
Train Accuracy: 54.666666666666664%		Avg Cost: 1.9360666666666666
53.34534981962024
Train Accuracy: 33.333333333333336%		Avg Cost: 1.9098666666666666
32.03926647014549
Train Accuracy: 33.333333333333336%		Avg Cost: 1.9095333333333333
32.039615565117664
Train Accuracy: 64.0%		Avg Cost: 1.8206
62.8016677658219
Train Accuracy: 63.333333333333336%		Avg Cost: 1.8617333333333332
62.09031742649775
Train Accuracy: 33.333333333333336%		Avg Cost: 1.9095333333333333
32.039615565117664
Train Accuracy: 33.333333333333336%		Avg Cost: 1.9102666666666666
32.03884763659539
Train Accuracy: 33.333333333333336%		Avg Cost: 1.9095333333333333
32.039615565117664
Train Accuracy: 61.333333333333336%		Avg Cost: 1.7839333333333334
60.17569200482974
Train Accuracy: 66.66666666666667%		Avg Cost: 1.5202
65.82898285636706
Train Accuracy: 33.333333333333336%		Avg Cost: 1.9095333333333333
32.039615565117664
Train Accuracy: 56.666666666666664%		Avg Cost: 1.7949333333333333
55.49673090457415
Train Accuracy: 45.333333333333336%		Avg Cost: 1.8592666666666666
44.09296904383501
Train Accuracy: 66.66666666666667%		Avg Cost: 1.2896666666666667
66.15789909256614
Train Accuracy: 73.33333333333333%		Avg Cost: 1.4036666666666666
72.65515761230996
Train Accuracy: 56.666666666666664%		Avg Cost: 1.7949333333333333
55.49673090457415
Train Accuracy: 33.333333333333336%		Avg Cost: 1.9095333333333333
32.039615565117664
Train Accuracy: 33.333333333333336%		Avg Cost: 1.9095333333333333
32.039615565117664
Train Accuracy: 66.66666666666667%		Avg Cost: 1.7185333333333332
65.58372423890592
Train Accuracy: 33.333333333333336%		Avg Cost: 1.897
32.05278595142758
Train Accuracy: 56.666666666666664%		Avg Cost: 1.7723333333333333
55.52207277495848
Train Accuracy: 33.333333333333336%		Avg Cost: 1.9095333333333333
32.039615565117664
Train Accuracy: 33.333333333333336%		Avg Cost: 1.9096
32.03954574124837
Generation score: 2132.9343480448106
Train Accuracy: 33.333333333333336%		Avg Cost: 1.9095333333333333
32.039615565117664
Train Accuracy: 33.333333333333336%		Avg Cost: 1.9095333333333333
32.039615565117664
Train Accuracy: 33.333333333333336%		Avg Cost: 1.9095333333333333
32.039615565117664
Train Accuracy: 33.333333333333336%		Avg Cost: 1.9095333333333333
32.039615565117664
Train Accuracy: 33.333333333333336%		Avg Cost: 1.9095333333333333
32.039615565117664
Train Accuracy: 33.333333333333336%		Avg Cost: 1.9093333333333333
32.039825051352864
Train Accuracy: 46.0%		Avg Cost: 1.9012666666666667
44.71495933856889
Train Accuracy: 33.333333333333336%		Avg Cost: 1.9095333333333333
32.039615565117664
Train Accuracy: 56.666666666666664%		Avg Cost: 1.7632
55.53240598671375
Train Accuracy: 54.666666666666664%		Avg Cost: 1.9360666666666666
53.34534981962024
Train Accuracy: 33.333333333333336%		Avg Cost: 1.9074
32.04185121700799
Train Accuracy: 33.333333333333336%		Avg Cost: 1.9095333333333333
32.039615565117664
Train Accuracy: 66.66666666666667%		Avg Cost: 1.5202
65.82898285636706
Train Accuracy: 33.333333333333336%		Avg Cost: 1.9095333333333333
32.039615565117664
Train Accuracy: 33.333333333333336%		Avg Cost: 1.9092
32.039964721034124
Train Accuracy: 66.66666666666667%		Avg Cost: 1.6412666666666667
65.67573006377677
Train Accuracy: 33.333333333333336%		Avg Cost: 1.6143333333333334
32.37548918382737
Train Accuracy: 33.333333333333336%		Avg Cost: 1.9095333333333333
32.039615565117664
Train Accuracy: 66.66666666666667%		Avg Cost: 1.4929333333333332
65.86518093719508
Train Accuracy: 48.666666666666664%		Avg Cost: 1.9054
47.377282746085584
Train Accuracy: 33.333333333333336%		Avg Cost: 1.9095333333333333
32.039615565117664
Train Accuracy: 64.0%		Avg Cost: 1.8206
62.8016677658219
Train Accuracy: 33.333333333333336%		Avg Cost: 1.904
32.045419460594985
Train Accuracy: 64.0%		Avg Cost: 1.866
62.7524057951497
Train Accuracy: 33.333333333333336%		Avg Cost: 1.9095333333333333
32.039615565117664
Train Accuracy: 33.333333333333336%		Avg Cost: 1.8960666666666666
32.05377020341595
Train Accuracy: 45.333333333333336%		Avg Cost: 1.8592666666666666
44.09296904383501
Train Accuracy: 33.333333333333336%		Avg Cost: 1.9095333333333333
32.039615565117664
Train Accuracy: 34.0%		Avg Cost: 1.9
32.71629222765521
Train Accuracy: 66.66666666666667%		Avg Cost: 1.4925333333333333
65.86571686681286
Train Accuracy: 56.666666666666664%		Avg Cost: 1.7949333333333333
55.49673090457415
Train Accuracy: 33.333333333333336%		Avg Cost: 1.9095333333333333
32.039615565117664
Train Accuracy: 56.666666666666664%		Avg Cost: 1.7790666666666666
55.514488902230624
Train Accuracy: 33.333333333333336%		Avg Cost: 1.9095333333333333
32.039615565117664
Train Accuracy: 50.0%		Avg Cost: 1.886
48.73108363157747
Train Accuracy: 33.333333333333336%		Avg Cost: 1.9095333333333333
32.039615565117664
Train Accuracy: 33.333333333333336%		Avg Cost: 1.9095333333333333
32.039615565117664
Train Accuracy: 63.333333333333336%		Avg Cost: 1.8617333333333332
62.09031742649775
Train Accuracy: 62.0%		Avg Cost: 1.8094666666666666
60.813935714886064
Train Accuracy: 33.333333333333336%		Avg Cost: 1.9095333333333333
32.039615565117664
Train Accuracy: 33.333333333333336%		Avg Cost: 1.9095333333333333
32.039615565117664
Train Accuracy: 33.333333333333336%		Avg Cost: 1.897
32.05278595142758
Train Accuracy: 46.666666666666664%		Avg Cost: 1.8567333333333333
45.429029324128294
Train Accuracy: 33.333333333333336%		Avg Cost: 1.9102666666666666
32.03884763659539
Train Accuracy: 66.66666666666667%		Avg Cost: 1.3692666666666666
66.03811603322407
Train Accuracy: 33.333333333333336%		Avg Cost: 1.9096
32.03954574124837
Train Accuracy: 66.66666666666667%		Avg Cost: 1.7185333333333332
65.58372423890592
Train Accuracy: 65.33333333333333%		Avg Cost: 1.9067333333333334
64.04255037103873
Train Accuracy: 33.333333333333336%		Avg Cost: 1.9095333333333333
32.039615565117664
Train Accuracy: 71.33333333333333%		Avg Cost: 1.427
70.62218465634393
Generation score: 2158.411299554749
Train Accuracy: 33.333333333333336%		Avg Cost: 1.9095333333333333
32.039615565117664
Train Accuracy: 33.333333333333336%		Avg Cost: 1.9095333333333333
32.039615565117664
Train Accuracy: 62.666666666666664%		Avg Cost: 1.9734666666666667
61.30708321564109
Train Accuracy: 33.333333333333336%		Avg Cost: 1.9095333333333333
32.039615565117664
Train Accuracy: 33.333333333333336%		Avg Cost: 1.9102666666666666
32.03884763659539
Train Accuracy: 66.66666666666667%		Avg Cost: 1.6412666666666667
65.67573006377677
Train Accuracy: 33.333333333333336%		Avg Cost: 1.9095333333333333
32.039615565117664
Train Accuracy: 64.0%		Avg Cost: 1.8206
62.8016677658219
Train Accuracy: 38.666666666666664%		Avg Cost: 1.8868
37.396902121810726
Train Accuracy: 33.333333333333336%		Avg Cost: 1.9095333333333333
32.039615565117664
Train Accuracy: 33.333333333333336%		Avg Cost: 1.9093333333333333
32.039825051352864
Train Accuracy: 66.66666666666667%		Avg Cost: 1.639
65.67849406714329
Train Accuracy: 65.33333333333333%		Avg Cost: 1.9067333333333334
64.04255037103873
Train Accuracy: 56.666666666666664%		Avg Cost: 1.7949333333333333
55.49673090457415
Train Accuracy: 56.0%		Avg Cost: 1.9050666666666667
54.71096599281624
Train Accuracy: 66.66666666666667%		Avg Cost: 1.0368
66.59438857343493
Train Accuracy: 62.0%		Avg Cost: 1.8094666666666666
60.813935714886064
Train Accuracy: 33.333333333333336%		Avg Cost: 1.9095333333333333
32.039615565117664
Train Accuracy: 33.333333333333336%		Avg Cost: 1.9095333333333333
32.039615565117664
Train Accuracy: 46.666666666666664%		Avg Cost: 1.8567333333333333
45.429029324128294
Train Accuracy: 33.333333333333336%		Avg Cost: 1.9074
32.04185121700799
Train Accuracy: 33.333333333333336%		Avg Cost: 1.904
32.045419460594985
Train Accuracy: 66.66666666666667%		Avg Cost: 1.4929333333333332
65.86518093719508
Train Accuracy: 71.33333333333333%		Avg Cost: 1.4259333333333333
70.62368019317111
Train Accuracy: 46.0%		Avg Cost: 1.9012666666666667
44.71495933856889
Train Accuracy: 34.0%		Avg Cost: 1.9
32.71629222765521
Train Accuracy: 33.333333333333336%		Avg Cost: 1.9095333333333333
32.039615565117664
Train Accuracy: 62.666666666666664%		Avg Cost: 1.8946666666666667
61.388580823533175
Train Accuracy: 33.333333333333336%		Avg Cost: 1.9097333333333333
32.03940610082241
Train Accuracy: 50.0%		Avg Cost: 1.886
48.73108363157747
Train Accuracy: 33.333333333333336%		Avg Cost: 1.9095333333333333
32.039615565117664
Train Accuracy: 33.333333333333336%		Avg Cost: 1.9092
32.039964721034124
Train Accuracy: 33.333333333333336%		Avg Cost: 1.9095333333333333
32.039615565117664
Train Accuracy: 66.66666666666667%		Avg Cost: 1.5202
65.82898285636706
Train Accuracy: 33.333333333333336%		Avg Cost: 1.9095333333333333
32.039615565117664
Train Accuracy: 66.66666666666667%		Avg Cost: 1.7185333333333332
65.58372423890592
Train Accuracy: 33.333333333333336%		Avg Cost: 1.9099333333333333
32.0391966584625
Train Accuracy: 66.66666666666667%		Avg Cost: 1.4808
65.88150170211237
Train Accuracy: 64.0%		Avg Cost: 1.866
62.7524057951497
Train Accuracy: 33.333333333333336%		Avg Cost: 1.9095333333333333
32.039615565117664
Train Accuracy: 33.333333333333336%		Avg Cost: 1.9095333333333333
32.039615565117664
Train Accuracy: 33.333333333333336%		Avg Cost: 1.9095333333333333
32.039615565117664
Train Accuracy: 33.333333333333336%		Avg Cost: 1.9095333333333333
32.039615565117664
Train Accuracy: 63.333333333333336%		Avg Cost: 1.8617333333333332
62.09031742649775
Train Accuracy: 43.333333333333336%		Avg Cost: 1.8856666666666666
42.06477047794752
Train Accuracy: 33.333333333333336%		Avg Cost: 1.9095333333333333
32.039615565117664
Train Accuracy: 66.66666666666667%		Avg Cost: 1.3692666666666666
66.03811603322407
Train Accuracy: 66.0%		Avg Cost: 1.6456
65.00378988128678
Train Accuracy: 33.333333333333336%		Avg Cost: 1.8770666666666667
32.07391278404599
Train Accuracy: 33.333333333333336%		Avg Cost: 1.9095333333333333
32.039615565117664
Generation score: 2260.2627519151806
Train Accuracy: 66.66666666666667%		Avg Cost: 1.0976666666666666
66.48029323721444
Train Accuracy: 33.333333333333336%		Avg Cost: 1.9095333333333333
32.039615565117664
Train Accuracy: 33.333333333333336%		Avg Cost: 1.9095333333333333
32.039615565117664
Train Accuracy: 33.333333333333336%		Avg Cost: 1.9095333333333333
32.039615565117664
Train Accuracy: 33.333333333333336%		Avg Cost: 1.9095333333333333
32.039615565117664
Train Accuracy: 66.66666666666667%		Avg Cost: 1.639
65.67849406714329
Train Accuracy: 33.333333333333336%		Avg Cost: 1.9093333333333333
32.039825051352864
Train Accuracy: 33.333333333333336%		Avg Cost: 1.903
32.04647015670531
Train Accuracy: 66.66666666666667%		Avg Cost: 1.7185333333333332
65.58372423890592
Train Accuracy: 33.333333333333336%		Avg Cost: 1.9095333333333333
32.039615565117664
Train Accuracy: 59.333333333333336%		Avg Cost: 1.7434666666666667
58.22158239669394
Train Accuracy: 52.666666666666664%		Avg Cost: 1.9924
51.28798678223268
Train Accuracy: 33.333333333333336%		Avg Cost: 1.9245333333333334
32.0239663051177
Train Accuracy: 33.333333333333336%		Avg Cost: 1.9095333333333333
32.039615565117664
Train Accuracy: 33.333333333333336%		Avg Cost: 1.904
32.045419460594985
Train Accuracy: 33.333333333333336%		Avg Cost: 1.9102666666666666
32.03884763659539
Train Accuracy: 33.333333333333336%		Avg Cost: 1.9095333333333333
32.039615565117664
Train Accuracy: 33.333333333333336%		Avg Cost: 1.9068666666666667
32.042410520678565
Train Accuracy: 64.0%		Avg Cost: 1.8206
62.8016677658219
Train Accuracy: 62.666666666666664%		Avg Cost: 1.8946666666666667
61.388580823533175
Train Accuracy: 43.333333333333336%		Avg Cost: 1.8856666666666666
42.06477047794752
Train Accuracy: 63.333333333333336%		Avg Cost: 1.8617333333333332
62.09031742649775
Train Accuracy: 33.333333333333336%		Avg Cost: 1.9095333333333333
32.039615565117664
Train Accuracy: 33.333333333333336%		Avg Cost: 1.9095333333333333
32.039615565117664
Train Accuracy: 33.333333333333336%		Avg Cost: 1.9099333333333333
32.0391966584625
Train Accuracy: 70.0%		Avg Cost: 1.4293333333333333
69.28558372979921
Train Accuracy: 34.0%		Avg Cost: 1.9014666666666666
32.71474896357527
Train Accuracy: 46.666666666666664%		Avg Cost: 1.8588666666666667
45.4267327006298
Train Accuracy: 66.66666666666667%		Avg Cost: 1.6412666666666667
65.67573006377677
Train Accuracy: 33.333333333333336%		Avg Cost: 1.9095333333333333
32.039615565117664
Train Accuracy: 33.333333333333336%		Avg Cost: 1.9095333333333333
32.039615565117664
Train Accuracy: 56.666666666666664%		Avg Cost: 1.7966666666666666
55.494800474161075
Train Accuracy: 36.666666666666664%		Avg Cost: 1.886
35.397750298244134
Train Accuracy: 33.333333333333336%		Avg Cost: 1.9092
32.039964721034124
Train Accuracy: 33.333333333333336%		Avg Cost: 1.9080666666666666
32.04115230730001
Train Accuracy: 33.333333333333336%		Avg Cost: 1.9095333333333333
32.039615565117664
Train Accuracy: 46.0%		Avg Cost: 1.9012666666666667
44.71495933856889
Train Accuracy: 33.333333333333336%		Avg Cost: 1.9074
32.04185121700799
Train Accuracy: 66.66666666666667%		Avg Cost: 1.4808
65.88150170211237
Train Accuracy: 33.333333333333336%		Avg Cost: 1.9095333333333333
32.039615565117664
Train Accuracy: 66.0%		Avg Cost: 1.9092
64.7066313877008
Train Accuracy: 33.333333333333336%		Avg Cost: 1.8770666666666667
32.07391278404599
Train Accuracy: 66.0%		Avg Cost: 1.6456
65.00378988128678
Train Accuracy: 66.66666666666667%		Avg Cost: 1.5198666666666667
65.82942144324191
Train Accuracy: 66.66666666666667%		Avg Cost: 1.4894666666666667
65.86983043857377
Train Accuracy: 65.33333333333333%		Avg Cost: 1.9067333333333334
64.04255037103873
Train Accuracy: 66.66666666666667%		Avg Cost: 1.3692666666666666
66.03811603322407
Train Accuracy: 64.0%		Avg Cost: 1.866
62.7524057951497
Train Accuracy: 33.333333333333336%		Avg Cost: 1.9097333333333333
32.03940610082241
Train Accuracy: 66.66666666666667%		Avg Cost: 1.7112666666666667
65.59219899258208
Generation score: 2271.051594095903
Train Accuracy: 33.333333333333336%		Avg Cost: 1.9095333333333333
32.039615565117664
Train Accuracy: 33.333333333333336%		Avg Cost: 1.9092
32.039964721034124
Train Accuracy: 64.0%		Avg Cost: 1.866
62.7524057951497
Train Accuracy: 46.0%		Avg Cost: 1.9012666666666667
44.71495933856889
Train Accuracy: 36.666666666666664%		Avg Cost: 1.886
35.397750298244134
Train Accuracy: 33.333333333333336%		Avg Cost: 1.9095333333333333
32.039615565117664
Train Accuracy: 66.66666666666667%		Avg Cost: 1.5514
65.78835116851741
Train Accuracy: 61.333333333333336%		Avg Cost: 1.8100666666666667
60.14660597930941
Train Accuracy: 33.333333333333336%		Avg Cost: 1.9095333333333333
32.039615565117664
Train Accuracy: 34.0%		Avg Cost: 1.9014666666666666
32.71474896357527
Train Accuracy: 33.333333333333336%		Avg Cost: 1.9072666666666667
32.04199102826285
Train Accuracy: 35.333333333333336%		Avg Cost: 1.9090666666666667
34.04010440046988
Train Accuracy: 66.66666666666667%		Avg Cost: 1.4808
Train Accuracy: 33.333333333333336%		Avg Cost: 1.9095333333333333
65.88150170211237
32.039615565117664
Train Accuracy: 33.333333333333336%		Avg Cost: 1.9099333333333333
32.0391966584625
Train Accuracy: 66.66666666666667%		Avg Cost: 1.7020666666666666
65.60298026868975
Train Accuracy: 64.0%		Avg Cost: 1.8663333333333334
62.75204855660271
Train Accuracy: 33.333333333333336%		Avg Cost: 1.9102666666666666
32.03884763659539
Train Accuracy: 56.666666666666664%		Avg Cost: 1.844
55.44279241639786
Train Accuracy: 33.333333333333336%		Avg Cost: 1.9095333333333333
32.039615565117664
Train Accuracy: 33.333333333333336%		Avg Cost: 1.91
32.03912684921626
Train Accuracy: 66.66666666666667%		Avg Cost: 1.0976666666666666
66.48029323721444
Train Accuracy: 58.0%		Avg Cost: 1.8996
56.71671332461434
Train Accuracy: 33.333333333333336%		Avg Cost: 1.9095333333333333
32.039615565117664
Train Accuracy: 52.666666666666664%		Avg Cost: 1.9924
51.28798678223268
Train Accuracy: 33.333333333333336%		Avg Cost: 1.9095333333333333
32.039615565117664
Train Accuracy: 33.333333333333336%		Avg Cost: 1.9089333333333334
32.040244089661485
Train Accuracy: 66.66666666666667%		Avg Cost: 1.1872666666666667
66.32335917388336
Train Accuracy: 66.66666666666667%		Avg Cost: 1.7185333333333332
65.58372423890592
Train Accuracy: 56.666666666666664%		Avg Cost: 1.7966666666666666
55.494800474161075
Train Accuracy: 33.333333333333336%		Avg Cost: 1.9095333333333333
32.039615565117664
Train Accuracy: 66.66666666666667%		Avg Cost: 1.4894666666666667
65.86983043857377
Train Accuracy: 33.333333333333336%		Avg Cost: 1.9095333333333333
32.039615565117664
Train Accuracy: 33.333333333333336%		Avg Cost: 1.9095333333333333
32.039615565117664
Train Accuracy: 21.333333333333332%		Avg Cost: 1.9184666666666668
20.030280821595642
Train Accuracy: 66.66666666666667%		Avg Cost: 1.639
65.67849406714329
Train Accuracy: 33.333333333333336%		Avg Cost: 1.9095333333333333
32.039615565117664
Train Accuracy: 65.33333333333333%		Avg Cost: 1.9067333333333334
64.04255037103873
Train Accuracy: 33.333333333333336%		Avg Cost: 1.9068666666666667
32.042410520678565
Train Accuracy: 33.333333333333336%		Avg Cost: 1.9097333333333333
32.03940610082241
Train Accuracy: 33.333333333333336%		Avg Cost: 1.9095333333333333
32.039615565117664
Train Accuracy: 38.666666666666664%		Avg Cost: 1.8675333333333333
37.41742969258663
Train Accuracy: 66.0%		Avg Cost: 1.6456
65.00378988128678
Train Accuracy: 33.333333333333336%		Avg Cost: 1.9095333333333333
32.039615565117664
Train Accuracy: 33.333333333333336%		Avg Cost: 1.9095333333333333
32.039615565117664
Train Accuracy: 70.0%		Avg Cost: 1.4293333333333333
69.28558372979921
Train Accuracy: 66.66666666666667%		Avg Cost: 1.1822
66.33191244785041
Train Accuracy: 66.66666666666667%		Avg Cost: 1.4808
65.88150170211237
Train Accuracy: 59.333333333333336%		Avg Cost: 1.7434666666666667
58.22158239669394
Train Accuracy: 62.666666666666664%		Avg Cost: 1.8946666666666667
61.388580823533175
Generation score: 2291.1484680072444
Train Accuracy: 33.333333333333336%		Avg Cost: 1.8977333333333333
32.052012950240886
Train Accuracy: 33.333333333333336%		Avg Cost: 1.91
32.03912684921626
Train Accuracy: 52.0%		Avg Cost: 1.9996
50.614105678885444
Train Accuracy: 66.66666666666667%		Avg Cost: 1.6735333333333333
65.63679234705526
Train Accuracy: 66.66666666666667%		Avg Cost: 1.4814
65.88069149347257
Train Accuracy: 66.66666666666667%		Avg Cost: 1.639
65.67849406714329
Train Accuracy: 66.66666666666667%		Avg Cost: 1.0976666666666666
66.48029323721444
Train Accuracy: 66.66666666666667%		Avg Cost: 1.7228
65.57876491827103
Train Accuracy: 46.0%		Avg Cost: 1.9012666666666667
44.71495933856889
Train Accuracy: 56.666666666666664%		Avg Cost: 1.8427333333333333
55.444166713480925
Train Accuracy: 41.333333333333336%		Avg Cost: 1.9008666666666667
40.04871348828756
Train Accuracy: 66.0%		Avg Cost: 1.8222
64.79991087540476
Train Accuracy: 41.333333333333336%		Avg Cost: 1.8992
40.0504678435868
Train Accuracy: 33.333333333333336%		Avg Cost: 1.9095333333333333
32.039615565117664
Train Accuracy: 34.0%		Avg Cost: 1.9014666666666666
32.71474896357527
Train Accuracy: 66.66666666666667%		Avg Cost: 1.1946666666666668
66.31093225377752
Train Accuracy: 33.333333333333336%		Avg Cost: 1.9095333333333333
32.039615565117664
Train Accuracy: 33.333333333333336%		Avg Cost: 1.9099333333333333
32.0391966584625
Train Accuracy: 33.333333333333336%		Avg Cost: 1.9102666666666666
32.03884763659539
Train Accuracy: 66.0%		Avg Cost: 1.6522
64.99578453370746
Train Accuracy: 33.333333333333336%		Avg Cost: 1.9095333333333333
32.039615565117664
Train Accuracy: 66.66666666666667%		Avg Cost: 1.4808
65.88150170211237
Train Accuracy: 33.333333333333336%		Avg Cost: 1.9056
32.04373949409554
Train Accuracy: 36.666666666666664%		Avg Cost: 1.886
35.397750298244134
Train Accuracy: 56.666666666666664%		Avg Cost: 1.8059333333333334
55.48451158602056
Train Accuracy: 33.333333333333336%		Avg Cost: 1.905
32.04436931617601
Train Accuracy: 66.66666666666667%		Avg Cost: 1.7020666666666666
65.60298026868975
Train Accuracy: 33.333333333333336%		Avg Cost: 1.9095333333333333
32.039615565117664
Train Accuracy: 33.333333333333336%		Avg Cost: 1.9059333333333333
32.04338967862231
Train Accuracy: 33.333333333333336%		Avg Cost: 1.9095333333333333
32.039615565117664
Train Accuracy: 33.333333333333336%		Avg Cost: 1.9095333333333333
32.039615565117664
Train Accuracy: 70.0%		Avg Cost: 1.4293333333333333
69.28558372979921
Train Accuracy: 34.0%		Avg Cost: 1.8496666666666666
32.76998911464869
Train Accuracy: 66.66666666666667%		Avg Cost: 1.1142
66.45039334945751
Train Accuracy: 33.333333333333336%		Avg Cost: 1.9095333333333333
32.039615565117664
Train Accuracy: 31.333333333333332%		Avg Cost: 1.9162666666666666
30.032575635915318
Train Accuracy: 35.333333333333336%		Avg Cost: 1.9090666666666667
34.04010440046988
Train Accuracy: 56.0%		Avg Cost: 1.7473333333333334
54.88381836753379
Train Accuracy: 33.333333333333336%		Avg Cost: 1.9095333333333333
32.039615565117664
Train Accuracy: 33.333333333333336%		Avg Cost: 1.8881333333333334
32.06215595993602
Train Accuracy: 33.333333333333336%		Avg Cost: 1.9089333333333334
32.040244089661485
Train Accuracy: 65.33333333333333%		Avg Cost: 1.9067333333333334
64.04255037103873
Train Accuracy: 64.0%		Avg Cost: 1.866
Train Accuracy: 33.333333333333336%		Avg Cost: 1.9095333333333333
62.7524057951497
32.039615565117664
Train Accuracy: 66.66666666666667%		Avg Cost: 1.4894666666666667
65.86983043857377
Train Accuracy: 48.666666666666664%		Avg Cost: 1.6011333333333333
47.72524324300783
Train Accuracy: 30.0%		Avg Cost: 1.8271333333333333
28.794503491767344
Train Accuracy: 61.333333333333336%		Avg Cost: 1.8100666666666667
60.14660597930941
Train Accuracy: 33.333333333333336%		Avg Cost: 1.9095333333333333
32.039615565117664
Train Accuracy: 56.666666666666664%		Avg Cost: 1.7966666666666666
55.494800474161075
Generation score: 2292.403212282514
Train Accuracy: 33.333333333333336%		Avg Cost: 1.9056
32.04373949409554
Train Accuracy: 41.333333333333336%		Avg Cost: 1.8992
40.0504678435868
Train Accuracy: 34.0%		Avg Cost: 1.9014
32.71481908611442
Train Accuracy: 66.66666666666667%		Avg Cost: 1.1071333333333333
66.46311848242186
Train Accuracy: 46.0%		Avg Cost: 1.9018
44.71439838775358
Train Accuracy: 33.333333333333336%		Avg Cost: 1.9095333333333333
32.039615565117664
Train Accuracy: 33.333333333333336%		Avg Cost: 1.9095333333333333
32.039615565117664
Train Accuracy: 32.0%		Avg Cost: 1.9040666666666666
30.7120161004764
Train Accuracy: 66.0%		Avg Cost: 1.6189333333333333
65.03646500766804
Train Accuracy: 66.66666666666667%		Avg Cost: 1.1946666666666668
66.31093225377752
Train Accuracy: 64.66666666666667%		Avg Cost: 1.8558
63.430034926792786
Train Accuracy: 61.333333333333336%		Avg Cost: 1.8100666666666667
60.14660597930941
Train Accuracy: 34.0%		Avg Cost: 1.8493333333333333
32.77034957243105
Train Accuracy: 66.66666666666667%		Avg Cost: 1.4814
65.88069149347257
Train Accuracy: 58.666666666666664%		Avg Cost: 1.8381333333333334
57.449165538824275
Train Accuracy: 33.333333333333336%		Avg Cost: 1.9089333333333334
32.040244089661485
Train Accuracy: 66.66666666666667%		Avg Cost: 1.4858
65.87475997119553
Train Accuracy: 33.333333333333336%		Avg Cost: 1.9150666666666667
32.033828463518496
Train Accuracy: 67.33333333333333%		Avg Cost: 1.2896666666666667
66.8245657592328
Train Accuracy: 33.333333333333336%		Avg Cost: 1.9095333333333333
32.039615565117664
Train Accuracy: 33.333333333333336%		Avg Cost: 1.8881333333333334
32.06215595993602
Train Accuracy: 66.66666666666667%		Avg Cost: 1.6735333333333333
65.63679234705526
Train Accuracy: 33.333333333333336%		Avg Cost: 1.9102666666666666
32.03884763659539
Train Accuracy: 33.333333333333336%		Avg Cost: 1.8976
32.052153473690794
Train Accuracy: 33.333333333333336%		Avg Cost: 1.9099333333333333
32.0391966584625
Train Accuracy: 41.333333333333336%		Avg Cost: 1.9008666666666667
40.04871348828756
Train Accuracy: 33.333333333333336%		Avg Cost: 1.9095333333333333
32.039615565117664
Train Accuracy: 40.0%		Avg Cost: 1.8989333333333334
38.71741534996466
Train Accuracy: 33.333333333333336%		Avg Cost: 1.9101333333333332
32.03898723803334
Train Accuracy: 48.666666666666664%		Avg Cost: 1.6011333333333333
47.72524324300783
Train Accuracy: 56.666666666666664%		Avg Cost: 1.8059333333333334
55.48451158602056
Train Accuracy: 33.333333333333336%		Avg Cost: 1.9095333333333333
32.039615565117664
Train Accuracy: 33.333333333333336%		Avg Cost: 1.9095333333333333
32.039615565117664
Train Accuracy: 33.333333333333336%		Avg Cost: 1.9095333333333333
32.039615565117664
Train Accuracy: 66.66666666666667%		Avg Cost: 1.7228
65.57876491827103
Train Accuracy: 27.333333333333332%		Avg Cost: 1.8962666666666668
26.05355925149521
Train Accuracy: 65.33333333333333%		Avg Cost: 1.9067333333333334
64.04255037103873
Train Accuracy: 54.0%		Avg Cost: 2.0063333333333335
52.607382312204955
Train Accuracy: 33.333333333333336%		Avg Cost: 1.9059333333333333
32.04338967862231
Train Accuracy: 33.333333333333336%		Avg Cost: 1.9095333333333333
32.039615565117664
Train Accuracy: 56.0%		Avg Cost: 1.7473333333333334
54.88381836753379
Train Accuracy: 56.666666666666664%		Avg Cost: 1.7966666666666666
55.494800474161075
Train Accuracy: 58.0%		Avg Cost: 1.6937333333333333
56.946129669001884
Train Accuracy: 33.333333333333336%		Avg Cost: 1.9095333333333333
32.039615565117664
Train Accuracy: 66.66666666666667%		Avg Cost: 1.7020666666666666
65.60298026868975
Train Accuracy: 66.66666666666667%		Avg Cost: 1.639
65.67849406714329
Train Accuracy: 66.66666666666667%		Avg Cost: 1.7014
65.60376378354738
Train Accuracy: 33.333333333333336%		Avg Cost: 1.9098
32.0393362842654
Train Accuracy: 70.0%		Avg Cost: 1.4293333333333333
69.28558372979921
Train Accuracy: 33.333333333333336%		Avg Cost: 1.9095333333333333
32.039615565117664
Generation score: 2288.596928258338
Train Accuracy: 33.333333333333336%		Avg Cost: 1.9095333333333333
32.039615565117664
Train Accuracy: 42.0%		Avg Cost: 1.6291333333333333
41.023903647847995
Train Accuracy: 33.333333333333336%		Avg Cost: 1.9095333333333333
32.039615565117664
Train Accuracy: 66.66666666666667%		Avg Cost: 1.4970666666666668
65.85965139075194
Train Accuracy: 56.666666666666664%		Avg Cost: 1.8059333333333334
55.48451158602056
Train Accuracy: 33.333333333333336%		Avg Cost: 1.9085333333333334
32.04066321578505
Train Accuracy: 33.333333333333336%		Avg Cost: 1.9097333333333333
32.03940610082241
Train Accuracy: 66.66666666666667%		Avg Cost: 1.7228
65.57876491827103
Train Accuracy: 33.333333333333336%		Avg Cost: 1.9062666666666668
32.043039924323814
Train Accuracy: 33.333333333333336%		Avg Cost: 1.9095333333333333
32.039615565117664
Train Accuracy: 36.666666666666664%		Avg Cost: 1.9072
35.375394270888876
Train Accuracy: 66.66666666666667%		Avg Cost: 1.6735333333333333
65.63679234705526
Train Accuracy: 33.333333333333336%		Avg Cost: 1.9095333333333333
32.039615565117664
Train Accuracy: 33.333333333333336%		Avg Cost: 1.9095333333333333
32.039615565117664
Train Accuracy: 40.0%		Avg Cost: 1.8989333333333334
38.71741534996466
Train Accuracy: 45.333333333333336%		Avg Cost: 1.9047333333333334
44.04464930077731
Train Accuracy: 61.333333333333336%		Avg Cost: 1.8100666666666667
60.14660597930941
Train Accuracy: 33.333333333333336%		Avg Cost: 1.9095333333333333
32.039615565117664
Train Accuracy: 33.333333333333336%		Avg Cost: 1.9114
32.03766141763345
Train Accuracy: 33.333333333333336%		Avg Cost: 1.9063333333333334
32.0429699808032
Train Accuracy: 27.333333333333332%		Avg Cost: 2.2648
25.698360423702226
Train Accuracy: 33.333333333333336%		Avg Cost: 1.8976
32.052153473690794
Train Accuracy: 33.333333333333336%		Avg Cost: 1.915
32.03389808806811
Train Accuracy: 33.333333333333336%		Avg Cost: 1.9099333333333333
32.0391966584625
Train Accuracy: 34.0%		Avg Cost: 1.8493333333333333
32.77034957243105
Train Accuracy: 64.66666666666667%		Avg Cost: 1.8558
63.430034926792786
Train Accuracy: 66.66666666666667%		Avg Cost: 1.4814
65.88069149347257
Train Accuracy: 66.66666666666667%		Avg Cost: 1.2049333333333334
66.29381818591156
Train Accuracy: 33.333333333333336%		Avg Cost: 1.9095333333333333
32.039615565117664
Train Accuracy: 66.66666666666667%		Avg Cost: 1.7014
65.60376378354738
Train Accuracy: 66.66666666666667%		Avg Cost: 1.639
65.67849406714329
Train Accuracy: 33.333333333333336%		Avg Cost: 1.9071333333333333
32.042130849291986
Train Accuracy: 66.0%		Avg Cost: 1.6682
64.97650959834925
Train Accuracy: 33.333333333333336%		Avg Cost: 1.9071333333333333
32.042130849291986
Train Accuracy: 33.333333333333336%		Avg Cost: 1.9056
32.04373949409554
Train Accuracy: 33.333333333333336%		Avg Cost: 1.9101333333333332
32.03898723803334
Train Accuracy: 65.33333333333333%		Avg Cost: 1.9067333333333334
64.04255037103873
Train Accuracy: 28.0%		Avg Cost: 1.9044666666666668
26.711595991246455
Train Accuracy: 33.333333333333336%		Avg Cost: 1.9104
32.03870804490104
Train Accuracy: 33.333333333333336%		Avg Cost: 1.9095333333333333
32.039615565117664
Train Accuracy: 70.0%		Avg Cost: 1.4293333333333333
69.28558372979921
Train Accuracy: 66.66666666666667%		Avg Cost: 1.1946666666666668
66.31093225377752
Train Accuracy: 41.333333333333336%		Avg Cost: 1.8992
40.0504678435868
Train Accuracy: 52.0%		Avg Cost: 1.6931333333333334
50.946838288579
Train Accuracy: 54.0%		Avg Cost: 2.0063333333333335
52.607382312204955
Train Accuracy: 56.666666666666664%		Avg Cost: 1.7966666666666666
55.494800474161075
Train Accuracy: 58.666666666666664%		Avg Cost: 1.8381333333333334
57.449165538824275
Train Accuracy: 67.33333333333333%		Avg Cost: 1.2934
66.81878451327262
Train Accuracy: 48.666666666666664%		Avg Cost: 1.6010666666666666
47.725326519088874
Train Accuracy: 66.66666666666667%		Avg Cost: 1.3781333333333334
66.0252068136707
Generation score: 2258.5199553476327
Train Accuracy: 66.66666666666667%		Avg Cost: 1.5576666666666668
65.78028871656632
Train Accuracy: 66.66666666666667%		Avg Cost: 1.7256666666666667
65.57543976816336
Train Accuracy: 66.66666666666667%		Avg Cost: 1.639
65.67849406714329
Train Accuracy: 33.333333333333336%		Avg Cost: 1.9102666666666666
32.03884763659539
Train Accuracy: 66.66666666666667%		Avg Cost: 1.7231333333333334
65.57837798874904
Train Accuracy: 66.66666666666667%		Avg Cost: 1.6735333333333333
65.63679234705526
Train Accuracy: 33.333333333333336%		Avg Cost: 1.9095333333333333
32.039615565117664
Train Accuracy: 40.0%		Avg Cost: 1.8989333333333334
38.71741534996466
Train Accuracy: 33.333333333333336%		Avg Cost: 1.9056
32.04373949409554
Train Accuracy: 66.66666666666667%		Avg Cost: 1.5385333333333333
65.80500750332614
Train Accuracy: 33.333333333333336%		Avg Cost: 1.9095333333333333
32.039615565117664
Train Accuracy: 33.333333333333336%		Avg Cost: 1.9095333333333333
32.039615565117664
Train Accuracy: 52.0%		Avg Cost: 1.6931333333333334
50.946838288579
Train Accuracy: 33.333333333333336%		Avg Cost: 1.9082666666666668
32.04094268200503
Train Accuracy: 56.666666666666664%		Avg Cost: 1.7966666666666666
55.494800474161075
Train Accuracy: 33.333333333333336%		Avg Cost: 1.9114
32.03766141763345
Train Accuracy: 33.333333333333336%		Avg Cost: 1.8770666666666667
32.07391278404599
Train Accuracy: 66.66666666666667%		Avg Cost: 1.7014
65.60376378354738
Train Accuracy: 61.333333333333336%		Avg Cost: 1.8100666666666667
60.14660597930941
Train Accuracy: 27.333333333333332%		Avg Cost: 2.2648
25.698360423702226
Train Accuracy: 36.666666666666664%		Avg Cost: 1.9072
35.375394270888876
Train Accuracy: 33.333333333333336%		Avg Cost: 1.9071333333333333
32.042130849291986
Train Accuracy: 33.333333333333336%		Avg Cost: 1.9116
32.037452157889604
Train Accuracy: 33.333333333333336%		Avg Cost: 1.9062666666666668
32.043039924323814
Train Accuracy: 52.666666666666664%		Avg Cost: 1.8414
51.44561436292345
Train Accuracy: 33.333333333333336%		Avg Cost: 1.9023333333333334
32.047170927560416
Train Accuracy: 42.0%		Avg Cost: 1.6291333333333333
41.023903647847995
Train Accuracy: 33.333333333333336%		Avg Cost: 1.9102
32.038917436096334
Train Accuracy: 28.0%		Avg Cost: 1.9044666666666668
26.711595991246455
Train Accuracy: 33.333333333333336%		Avg Cost: 1.9095333333333333
32.039615565117664
Train Accuracy: 33.333333333333336%		Avg Cost: 1.9063333333333334
32.0429699808032
Train Accuracy: 66.0%		Avg Cost: 1.4440666666666666
65.26507358508674
Train Accuracy: 33.333333333333336%		Avg Cost: 1.9095333333333333
32.039615565117664
Train Accuracy: 66.66666666666667%		Avg Cost: 1.4814
65.88069149347257
Train Accuracy: 48.666666666666664%		Avg Cost: 1.6010666666666666
47.725326519088874
Train Accuracy: 33.333333333333336%		Avg Cost: 1.9095333333333333
32.039615565117664
Train Accuracy: 59.333333333333336%		Avg Cost: 1.8362666666666667
58.11786428346531
Train Accuracy: 33.333333333333336%		Avg Cost: 1.9095333333333333
32.039615565117664
Train Accuracy: 66.66666666666667%		Avg Cost: 1.4970666666666668
65.85965139075194
Train Accuracy: 33.333333333333336%		Avg Cost: 1.9085333333333334
32.04066321578505
Train Accuracy: 41.333333333333336%		Avg Cost: 1.8992
40.0504678435868
Train Accuracy: 33.333333333333336%		Avg Cost: 1.915
32.03389808806811
Train Accuracy: 70.0%		Avg Cost: 1.4293333333333333
69.28558372979921
Train Accuracy: 34.0%		Avg Cost: 1.8493333333333333
32.77034957243105
Train Accuracy: 67.33333333333333%		Avg Cost: 1.2934
66.81878451327262
Train Accuracy: 66.66666666666667%		Avg Cost: 1.3781333333333334
66.0252068136707
Train Accuracy: 33.333333333333336%		Avg Cost: 1.9098
32.0393362842654
Train Accuracy: 65.33333333333333%		Avg Cost: 1.9067333333333334
64.04255037103873
Train Accuracy: 66.66666666666667%		Avg Cost: 1.1948666666666667
66.31059746037216
Train Accuracy: 54.0%		Avg Cost: 2.0063333333333335
52.607382312204955
Generation score: 2278.8562146856993
Train Accuracy: 42.0%		Avg Cost: 1.6291333333333333
41.023903647847995
Train Accuracy: 33.333333333333336%		Avg Cost: 1.9062666666666668
32.043039924323814
Train Accuracy: 40.0%		Avg Cost: 1.8989333333333334
38.71741534996466
Train Accuracy: 28.0%		Avg Cost: 1.9044666666666668
26.711595991246455
Train Accuracy: 56.666666666666664%		Avg Cost: 1.8054666666666668
55.48502846774982
Train Accuracy: 48.666666666666664%		Avg Cost: 1.6008
47.72565965809189
Train Accuracy: 41.333333333333336%		Avg Cost: 1.8992
40.0504678435868
Train Accuracy: 65.33333333333333%		Avg Cost: 1.6527333333333334
64.32847236737811
Train Accuracy: 26.666666666666668%		Avg Cost: 1.9117333333333333
25.370645996889838
Train Accuracy: 66.66666666666667%		Avg Cost: 1.5576666666666668
65.78028871656632
Train Accuracy: 66.66666666666667%		Avg Cost: 1.3376
66.08491273997006
Train Accuracy: 66.66666666666667%		Avg Cost: 1.1948666666666667
66.31059746037216
Train Accuracy: 33.333333333333336%		Avg Cost: 1.9114
32.03766141763345
Train Accuracy: 33.333333333333336%		Avg Cost: 1.9102666666666666
32.03884763659539
Train Accuracy: 66.0%		Avg Cost: 1.4440666666666666
65.26507358508674
Train Accuracy: 54.0%		Avg Cost: 1.9120666666666666
52.70363063695032
Train Accuracy: 33.333333333333336%		Avg Cost: 1.915
32.03389808806811
Train Accuracy: 66.66666666666667%		Avg Cost: 1.6036666666666666
65.72208131856826
Train Accuracy: 59.333333333333336%		Avg Cost: 1.8362666666666667
58.11786428346531
Train Accuracy: 37.333333333333336%		Avg Cost: 1.9086666666666667
36.04052349731771
Train Accuracy: 44.0%		Avg Cost: 1.7483333333333333
42.8826740936397
Train Accuracy: 38.666666666666664%		Avg Cost: 1.8710666666666667
37.413649310213195
Train Accuracy: 33.333333333333336%		Avg Cost: 1.9095333333333333
32.039615565117664
Train Accuracy: 33.333333333333336%		Avg Cost: 1.8770666666666667
32.07391278404599
Train Accuracy: 66.66666666666667%		Avg Cost: 1.4830666666666668
65.87844263453141
Train Accuracy: 33.333333333333336%		Avg Cost: 1.9098
32.0393362842654
Train Accuracy: 33.333333333333336%		Avg Cost: 1.9095333333333333
32.039615565117664
Train Accuracy: 27.333333333333332%		Avg Cost: 2.2648
25.698360423702226
Train Accuracy: 33.333333333333336%		Avg Cost: 1.9071333333333333
32.042130849291986
Train Accuracy: 66.66666666666667%		Avg Cost: 1.6735333333333333
65.63679234705526
Train Accuracy: 66.66666666666667%		Avg Cost: 1.4970666666666668
65.85965139075194
Train Accuracy: 68.0%		Avg Cost: 1.5488
67.12503912491965
Train Accuracy: 33.333333333333336%		Avg Cost: 1.9102
32.038917436096334
Train Accuracy: 33.333333333333336%		Avg Cost: 1.9063333333333334
32.0429699808032
Train Accuracy: 33.333333333333336%		Avg Cost: 1.9095333333333333
32.039615565117664
Train Accuracy: 66.66666666666667%		Avg Cost: 1.7231333333333334
65.57837798874904
Train Accuracy: 33.333333333333336%		Avg Cost: 1.9095333333333333
32.039615565117664
Train Accuracy: 33.333333333333336%		Avg Cost: 1.9095333333333333
32.039615565117664
Train Accuracy: 61.333333333333336%		Avg Cost: 1.8100666666666667
60.14660597930941
Train Accuracy: 33.333333333333336%		Avg Cost: 1.9056
32.04373949409554
Train Accuracy: 66.66666666666667%		Avg Cost: 1.7256666666666667
65.57543976816336
Train Accuracy: 33.333333333333336%		Avg Cost: 1.9096
32.03954574124837
Train Accuracy: 44.0%		Avg Cost: 1.9084
42.70746961068037
Train Accuracy: 66.0%		Avg Cost: 1.9004
64.71587121933874
Train Accuracy: 33.333333333333336%		Avg Cost: 1.9095333333333333
32.039615565117664
Train Accuracy: 70.0%		Avg Cost: 1.4293333333333333
69.28558372979921
Train Accuracy: 33.333333333333336%		Avg Cost: 1.9116
32.037452157889604
Train Accuracy: 34.0%		Avg Cost: 1.8323333333333334
32.78881959957917
Train Accuracy: 66.66666666666667%		Avg Cost: 1.3555333333333333
66.05827670501468
Train Accuracy: 52.0%		Avg Cost: 1.6931333333333334
50.946838288579
Generation score: 2280.485198960142
Train Accuracy: 66.66666666666667%		Avg Cost: 1.3376
66.08491273997006
Train Accuracy: 48.666666666666664%		Avg Cost: 1.6010666666666666
47.725326519088874
Train Accuracy: 66.66666666666667%		Avg Cost: 1.5576666666666668
65.78028871656632
Train Accuracy: 60.0%		Avg Cost: 1.7654666666666667
58.86316988836929
Train Accuracy: 16.666666666666668%		Avg Cost: 1.841
15.446048862164787
Train Accuracy: 66.66666666666667%		Avg Cost: 1.6735333333333333
65.63679234705526
Train Accuracy: 28.0%		Avg Cost: 1.9044666666666668
26.711595991246455
Train Accuracy: 34.0%		Avg Cost: 1.8323333333333334
32.78881959957917
Train Accuracy: 33.333333333333336%		Avg Cost: 1.9095333333333333
32.039615565117664
Train Accuracy: 79.33333333333333%		Avg Cost: 1.3364
78.7533744703324
Train Accuracy: 66.66666666666667%		Avg Cost: 1.4970666666666668
65.85965139075194
Train Accuracy: 33.333333333333336%		Avg Cost: 1.9056
32.04373949409554
Train Accuracy: 54.0%		Avg Cost: 1.9120666666666666
52.70363063695032
Train Accuracy: 66.0%		Avg Cost: 1.6656666666666666
64.97954911261208
Train Accuracy: 59.333333333333336%		Avg Cost: 1.836
58.11815474893674
Train Accuracy: 33.333333333333336%		Avg Cost: 1.9095333333333333
32.039615565117664
Train Accuracy: 33.333333333333336%		Avg Cost: 1.9095333333333333
32.039615565117664
Train Accuracy: 33.333333333333336%		Avg Cost: 1.9095333333333333
32.039615565117664
Train Accuracy: 33.333333333333336%		Avg Cost: 1.9095333333333333
32.039615565117664
Train Accuracy: 33.333333333333336%		Avg Cost: 1.915
32.03389808806811
Train Accuracy: 66.66666666666667%		Avg Cost: 1.1101333333333334
66.45770641020563
Train Accuracy: 37.333333333333336%		Avg Cost: 1.9086666666666667
36.04052349731771
Train Accuracy: 30.666666666666668%		Avg Cost: 1.9048666666666667
29.37784263691053
Train Accuracy: 66.66666666666667%		Avg Cost: 1.5831333333333333
65.74785465544576
Train Accuracy: 66.66666666666667%		Avg Cost: 1.3696666666666666
66.03753186420035
Train Accuracy: 66.66666666666667%		Avg Cost: 1.7256666666666667
65.57543976816336
Train Accuracy: 33.333333333333336%		Avg Cost: 1.9114666666666666
32.03759166195272
Train Accuracy: 66.66666666666667%		Avg Cost: 1.0666
66.53771462829795
Train Accuracy: 66.66666666666667%		Avg Cost: 1.3813333333333333
66.02056823408853
Train Accuracy: 66.0%		Avg Cost: 1.9004
64.71587121933874
Train Accuracy: 70.0%		Avg Cost: 1.4288
69.2863301377198
Train Accuracy: 33.333333333333336%		Avg Cost: 1.9096
32.03954574124837
Train Accuracy: 33.333333333333336%		Avg Cost: 1.9102666666666666
32.03884763659539
Train Accuracy: 68.0%		Avg Cost: 1.5488
67.12503912491965
Train Accuracy: 40.0%		Avg Cost: 1.8989333333333334
38.71741534996466
Train Accuracy: 52.0%		Avg Cost: 1.6931333333333334
50.946838288579
Train Accuracy: 38.666666666666664%		Avg Cost: 1.8710666666666667
37.413649310213195
Train Accuracy: 62.0%		Avg Cost: 1.1098
61.79164036218067
Train Accuracy: 34.0%		Avg Cost: 1.646
33.00330379549025
Train Accuracy: 66.66666666666667%		Avg Cost: 1.4830666666666668
65.87844263453141
Train Accuracy: 41.333333333333336%		Avg Cost: 1.8992
40.0504678435868
Train Accuracy: 66.0%		Avg Cost: 1.4440666666666666
65.26507358508674
Train Accuracy: 33.333333333333336%		Avg Cost: 1.9095333333333333
32.039615565117664
Train Accuracy: 33.333333333333336%		Avg Cost: 1.9107333333333334
32.038359108284496
Train Accuracy: 35.333333333333336%		Avg Cost: 1.6762
34.300274679968
Train Accuracy: 33.333333333333336%		Avg Cost: 1.9102
32.038917436096334
Train Accuracy: 65.33333333333333%		Avg Cost: 1.6527333333333334
64.32847236737811
Train Accuracy: 33.333333333333336%		Avg Cost: 1.7566
32.206573088331574
Train Accuracy: 33.333333333333336%		Avg Cost: 1.9098
32.0393362842654
Train Accuracy: 60.0%		Avg Cost: 1.9044
58.71166600332354
Generation score: 2393.535483350178
Train Accuracy: 32.0%		Avg Cost: 1.9476666666666667
30.66673585019162
Train Accuracy: 33.333333333333336%		Avg Cost: 1.9102
32.038917436096334
Train Accuracy: 60.0%		Avg Cost: 1.7646666666666666
58.8640763697264
Train Accuracy: 41.333333333333336%		Avg Cost: 1.8992
40.0504678435868
Train Accuracy: 33.333333333333336%		Avg Cost: 1.9114666666666666
32.03759166195272
Train Accuracy: 59.333333333333336%		Avg Cost: 1.836
58.11815474893674
Train Accuracy: 62.0%		Avg Cost: 1.0842666666666667
61.83819224955233
Train Accuracy: 33.333333333333336%		Avg Cost: 1.8002
32.15753779365164
Train Accuracy: 66.66666666666667%		Avg Cost: 1.6735333333333333
65.63679234705526
Train Accuracy: 33.333333333333336%		Avg Cost: 1.9102666666666666
32.03884763659539
Train Accuracy: 33.333333333333336%		Avg Cost: 1.9095333333333333
32.039615565117664
Train Accuracy: 66.66666666666667%		Avg Cost: 1.7586666666666666
65.53755477429276
Train Accuracy: 66.66666666666667%		Avg Cost: 1.735
65.56465183986903
Train Accuracy: 33.333333333333336%		Avg Cost: 1.9056
32.04373949409554
Train Accuracy: 0.6666666666666666%		Avg Cost: 1.9358
-0.6543746887990357
Train Accuracy: 66.66666666666667%		Avg Cost: 1.4972666666666667
65.85938421942792
Train Accuracy: 60.0%		Avg Cost: 1.9044
58.71166600332354
Train Accuracy: 43.333333333333336%		Avg Cost: 1.7811333333333332
42.17883360170579
Train Accuracy: 68.0%		Avg Cost: 1.5488
67.12503912491965
Train Accuracy: 33.333333333333336%		Avg Cost: 1.9095333333333333
32.039615565117664
Train Accuracy: 40.0%		Avg Cost: 1.8989333333333334
38.71741534996466
Train Accuracy: 66.66666666666667%		Avg Cost: 1.5576666666666668
65.78028871656632
Train Accuracy: 30.666666666666668%		Avg Cost: 1.9051333333333333
29.3775626719057
Train Accuracy: 33.333333333333336%		Avg Cost: 1.9096
32.03954574124837
Train Accuracy: 66.66666666666667%		Avg Cost: 1.4830666666666668
65.87844263453141
Train Accuracy: 16.666666666666668%		Avg Cost: 1.841
15.446048862164787
Train Accuracy: 33.333333333333336%		Avg Cost: 1.9098666666666666
32.03926647014549
Train Accuracy: 60.0%		Avg Cost: 1.7654666666666667
58.86316988836929
Train Accuracy: 66.66666666666667%		Avg Cost: 1.1101333333333334
66.45770641020563
Train Accuracy: 33.333333333333336%		Avg Cost: 1.9095333333333333
32.039615565117664
Train Accuracy: 66.66666666666667%		Avg Cost: 1.8846666666666667
65.3991647254601
Train Accuracy: 79.33333333333333%		Avg Cost: 1.3364
78.7533744703324
Train Accuracy: 66.66666666666667%		Avg Cost: 1.3696666666666666
66.03753186420035
Train Accuracy: 54.0%		Avg Cost: 1.9120666666666666
52.70363063695032
Train Accuracy: 58.0%		Avg Cost: 1.6943333333333332
56.945421300406686
Train Accuracy: 66.0%		Avg Cost: 1.4440666666666666
65.26507358508674
Train Accuracy: 93.33333333333333%		Avg Cost: 1.0569333333333333
93.22259006670782
Train Accuracy: 33.333333333333336%		Avg Cost: 1.6844
32.29051449872206
Train Accuracy: 66.66666666666667%		Avg Cost: 1.0666
66.53771462829795
Train Accuracy: 33.333333333333336%		Avg Cost: 1.9095333333333333
32.039615565117664
Train Accuracy: 35.333333333333336%		Avg Cost: 1.6762
34.300274679968
Train Accuracy: 33.333333333333336%		Avg Cost: 1.9095333333333333
32.039615565117664
Train Accuracy: 66.66666666666667%		Avg Cost: 1.3376
66.08491273997006
Train Accuracy: 48.666666666666664%		Avg Cost: 1.6012666666666666
47.72507670124739
Train Accuracy: 33.333333333333336%		Avg Cost: 1.9107333333333334
32.038359108284496
Train Accuracy: 38.666666666666664%		Avg Cost: 1.8722666666666667
37.41236703056108
Train Accuracy: 66.66666666666667%		Avg Cost: 1.3813333333333333
66.02056823408853
Train Accuracy: 66.66666666666667%		Avg Cost: 1.5831333333333333
65.74785465544576
Train Accuracy: 33.333333333333336%		Avg Cost: 1.7566
32.206573088331574
Train Accuracy: 33.333333333333336%		Avg Cost: 1.9095333333333333
32.039615565117664
Generation score: 2395.9963251448485
Train Accuracy: 33.333333333333336%		Avg Cost: 1.9100666666666666
32.0390570424066
Train Accuracy: 38.666666666666664%		Avg Cost: 1.8722666666666667
37.41236703056108
Train Accuracy: 33.333333333333336%		Avg Cost: 1.9114666666666666
32.03759166195272
Train Accuracy: 0.6666666666666666%		Avg Cost: 1.9358
-0.6543746887990357
Train Accuracy: 48.666666666666664%		Avg Cost: 1.6012666666666666
47.72507670124739
Train Accuracy: 62.0%		Avg Cost: 1.0854
61.83610283470566
Train Accuracy: 33.333333333333336%		Avg Cost: 1.9095333333333333
32.039615565117664
Train Accuracy: 66.0%		Avg Cost: 1.4440666666666666
65.26507358508674
Train Accuracy: 66.66666666666667%		Avg Cost: 1.5576666666666668
65.78028871656632
Train Accuracy: 60.0%		Avg Cost: 1.9044
58.71166600332354
Train Accuracy: 66.66666666666667%		Avg Cost: 1.735
65.56465183986903
Train Accuracy: 33.333333333333336%		Avg Cost: 1.7566
32.206573088331574
Train Accuracy: 33.333333333333336%		Avg Cost: 1.6844
32.29051449872206
Train Accuracy: 79.33333333333333%		Avg Cost: 1.3364
78.7533744703324
Train Accuracy: 33.333333333333336%		Avg Cost: 1.8655333333333333
32.08623936967336
Train Accuracy: 66.66666666666667%		Avg Cost: 1.4830666666666668
65.87844263453141
Train Accuracy: 35.333333333333336%		Avg Cost: 1.6762
34.300274679968
Train Accuracy: 66.66666666666667%		Avg Cost: 1.7586666666666666
65.53755477429276
Train Accuracy: 66.66666666666667%		Avg Cost: 1.3926666666666667
66.00422591773415
Train Accuracy: 33.333333333333336%		Avg Cost: 1.9096
32.03954574124837
Train Accuracy: 33.333333333333336%		Avg Cost: 1.8781333333333334
32.07277658177143
Train Accuracy: 33.333333333333336%		Avg Cost: 1.9102666666666666
32.03884763659539
Train Accuracy: 60.0%		Avg Cost: 1.7654666666666667
58.86316988836929
Train Accuracy: 34.0%		Avg Cost: 1.9003333333333334
32.71594138123733
Train Accuracy: 66.66666666666667%		Avg Cost: 1.4872666666666667
65.87278669989007
Train Accuracy: 66.66666666666667%		Avg Cost: 1.5831333333333333
65.74785465544576
Train Accuracy: 66.66666666666667%		Avg Cost: 1.1101333333333334
66.45770641020563
Train Accuracy: 33.333333333333336%		Avg Cost: 1.9095333333333333
32.039615565117664
Train Accuracy: 66.66666666666667%		Avg Cost: 1.3813333333333333
66.02056823408853
Train Accuracy: 66.0%		Avg Cost: 1.4386
65.27265916309776
Train Accuracy: 93.33333333333333%		Avg Cost: 1.0132666666666668
93.3069744631091
Train Accuracy: 33.333333333333336%		Avg Cost: 1.9107333333333334
32.038359108284496
Train Accuracy: 53.333333333333336%		Avg Cost: 1.6684
52.30960316665203
Train Accuracy: 66.66666666666667%		Avg Cost: 1.0652
66.5403415167514
Train Accuracy: 60.0%		Avg Cost: 1.7646666666666666
58.8640763697264
Train Accuracy: 54.0%		Avg Cost: 1.9120666666666666
52.70363063695032
Train Accuracy: 33.333333333333336%		Avg Cost: 1.9097333333333333
32.03940610082241
Train Accuracy: 33.333333333333336%		Avg Cost: 1.9095333333333333
32.039615565117664
Train Accuracy: 68.0%		Avg Cost: 1.5488
67.12503912491965
Train Accuracy: 66.66666666666667%		Avg Cost: 1.6735333333333333
65.63679234705526
Train Accuracy: 32.0%		Avg Cost: 1.9476666666666667
30.66673585019162
Train Accuracy: 59.333333333333336%		Avg Cost: 1.836
58.11815474893674
Train Accuracy: 26.0%		Avg Cost: 1.843
24.777210642624627
Train Accuracy: 33.333333333333336%		Avg Cost: 1.9095333333333333
32.039615565117664
Train Accuracy: 43.333333333333336%		Avg Cost: 1.7811333333333332
42.17883360170579
Train Accuracy: 32.0%		Avg Cost: 1.9065333333333334
30.70942683158311
Train Accuracy: 66.66666666666667%		Avg Cost: 1.3095333333333334
66.12732498736682
Train Accuracy: 33.333333333333336%		Avg Cost: 1.9095333333333333
32.039615565117664
Train Accuracy: 66.66666666666667%		Avg Cost: 1.8338
65.45388603339934
Train Accuracy: 41.333333333333336%		Avg Cost: 1.8992
40.0504678435868
Generation score: 2429.3752724405085
Train Accuracy: 34.0%		Avg Cost: 1.9003333333333334
32.71594138123733
Train Accuracy: 81.33333333333333%		Avg Cost: 1.3591333333333333
80.71963884990774
Train Accuracy: 66.66666666666667%		Avg Cost: 1.6735333333333333
65.63679234705526
Train Accuracy: 66.66666666666667%		Avg Cost: 1.0648
66.54109269046914
Train Accuracy: 66.66666666666667%		Avg Cost: 1.735
65.56465183986903
Train Accuracy: 62.0%		Avg Cost: 1.0854
61.83610283470566
Train Accuracy: 33.333333333333336%		Avg Cost: 1.9095333333333333
32.039615565117664
Train Accuracy: 48.666666666666664%		Avg Cost: 1.6015333333333333
47.72474365932497
Train Accuracy: 66.66666666666667%		Avg Cost: 1.6732666666666667
65.63711105945784
Train Accuracy: 54.0%		Avg Cost: 1.9120666666666666
52.70363063695032
Train Accuracy: 66.66666666666667%		Avg Cost: 1.8338
65.45388603339934
Train Accuracy: 38.666666666666664%		Avg Cost: 1.8722666666666667
37.41236703056108
Train Accuracy: 33.333333333333336%		Avg Cost: 1.8781333333333334
32.07277658177143
Train Accuracy: 60.0%		Avg Cost: 1.7638666666666667
58.86498326212404
Train Accuracy: 53.333333333333336%		Avg Cost: 1.6684
52.30960316665203
Train Accuracy: 33.333333333333336%		Avg Cost: 1.9102666666666666
32.03884763659539
Train Accuracy: 33.333333333333336%		Avg Cost: 1.9095333333333333
32.039615565117664
Train Accuracy: 33.333333333333336%		Avg Cost: 1.9095333333333333
32.039615565117664
Train Accuracy: 60.0%		Avg Cost: 1.9044
58.71166600332354
Train Accuracy: 33.333333333333336%		Avg Cost: 1.9006
32.04899408174318
Train Accuracy: 26.666666666666668%		Avg Cost: 1.9498666666666666
25.331144678327608
Train Accuracy: 66.66666666666667%		Avg Cost: 1.5563333333333333
65.7820014120253
Train Accuracy: 33.333333333333336%		Avg Cost: 1.9107333333333334
32.038359108284496
Train Accuracy: 66.66666666666667%		Avg Cost: 1.1077333333333332
66.46203489572346
Train Accuracy: 66.66666666666667%		Avg Cost: 1.7928666666666666
65.49903500947994
Train Accuracy: 66.66666666666667%		Avg Cost: 1.4181333333333332
65.96798376098965
Train Accuracy: 33.333333333333336%		Avg Cost: 1.9096
32.03954574124837
Train Accuracy: 33.333333333333336%		Avg Cost: 1.9095333333333333
32.039615565117664
Train Accuracy: 66.66666666666667%		Avg Cost: 1.5831333333333333
65.74785465544576
Train Accuracy: 33.333333333333336%		Avg Cost: 1.8617333333333332
32.09031742649775
Train Accuracy: 66.66666666666667%		Avg Cost: 1.4872666666666667
65.87278669989007
Train Accuracy: 66.0%		Avg Cost: 1.4386
65.27265916309776
Train Accuracy: 59.333333333333336%		Avg Cost: 1.836
58.11815474893674
Train Accuracy: 66.0%		Avg Cost: 1.7024666666666666
64.93584364040112
Train Accuracy: 33.333333333333336%		Avg Cost: 1.8842666666666668
32.066255915424065
Train Accuracy: 33.333333333333336%		Avg Cost: 1.9058
32.04352959746944
Train Accuracy: 33.333333333333336%		Avg Cost: 1.9095333333333333
32.039615565117664
Train Accuracy: 93.33333333333333%		Avg Cost: 1.0132666666666668
93.3069744631091
Train Accuracy: 60.0%		Avg Cost: 1.7654666666666667
58.86316988836929
Train Accuracy: 33.333333333333336%		Avg Cost: 1.8655333333333333
32.08623936967336
Train Accuracy: 35.333333333333336%		Avg Cost: 1.6762
34.300274679968
Train Accuracy: 66.66666666666667%		Avg Cost: 1.7586666666666666
65.53755477429276
Train Accuracy: 66.66666666666667%		Avg Cost: 1.4732
65.89179285548913
Train Accuracy: 52.666666666666664%		Avg Cost: 1.6630666666666667
51.64934009146405
Train Accuracy: 71.33333333333333%		Avg Cost: 1.5413333333333334
70.46803764792939
Train Accuracy: 66.66666666666667%		Avg Cost: 1.3926666666666667
66.00422591773415
Train Accuracy: 33.333333333333336%		Avg Cost: 1.653
32.32814969565556
Train Accuracy: 32.0%		Avg Cost: 1.9065333333333334
30.70942683158311
Train Accuracy: 33.333333333333336%		Avg Cost: 1.9098666666666666
32.03926647014549
Train Accuracy: 66.66666666666667%		Avg Cost: 1.3095333333333334
66.12732498736682
Generation score: 2536.7701910467576
Train Accuracy: 33.333333333333336%		Avg Cost: 1.8655333333333333
32.08623936967336
Train Accuracy: 66.66666666666667%		Avg Cost: 1.1077333333333332
66.46203489572346
Train Accuracy: 60.0%		Avg Cost: 1.7654666666666667
58.86316988836929
Train Accuracy: 64.0%		Avg Cost: 1.6588666666666667
62.987730723444265
Train Accuracy: 33.333333333333336%		Avg Cost: 1.9135333333333333
32.035430441698836
Train Accuracy: 54.0%		Avg Cost: 1.9061333333333332
52.70984648537028
Train Accuracy: 33.333333333333336%		Avg Cost: 1.9095333333333333
32.039615565117664
Train Accuracy: 66.66666666666667%		Avg Cost: 1.7586666666666666
65.53755477429276
Train Accuracy: 60.0%		Avg Cost: 1.7654666666666667
58.86316988836929
Train Accuracy: 66.66666666666667%		Avg Cost: 1.5563333333333333
65.7820014120253
Train Accuracy: 81.33333333333333%		Avg Cost: 1.3591333333333333
80.71963884990774
Train Accuracy: 66.0%		Avg Cost: 1.2062666666666666
65.62493961899732
Train Accuracy: 62.0%		Avg Cost: 1.1039333333333334
61.80224088088372
Train Accuracy: 60.0%		Avg Cost: 1.9045333333333334
58.71152598162013
Train Accuracy: 66.66666666666667%		Avg Cost: 1.8446666666666667
65.44206948127342
Train Accuracy: 66.66666666666667%		Avg Cost: 1.603
65.72291291941184
Train Accuracy: 33.333333333333336%		Avg Cost: 1.8442666666666667
32.10916987765589
Train Accuracy: 66.0%		Avg Cost: 1.4386
65.27265916309776
Train Accuracy: 48.666666666666664%		Avg Cost: 1.6015333333333333
47.72474365932497
Train Accuracy: 66.66666666666667%		Avg Cost: 1.4652666666666667
65.90259216480082
Train Accuracy: 81.33333333333333%		Avg Cost: 1.3591333333333333
80.71963884990774
Train Accuracy: 34.0%		Avg Cost: 1.9003333333333334
32.71594138123733
Train Accuracy: 81.33333333333333%		Avg Cost: 1.3591333333333333
80.71963884990774
Train Accuracy: 66.66666666666667%		Avg Cost: 1.0648
66.54109269046914
Train Accuracy: 60.0%		Avg Cost: 1.9044
58.71166600332354
Train Accuracy: 71.33333333333333%		Avg Cost: 1.5338
70.47783670063609
Train Accuracy: 38.666666666666664%		Avg Cost: 1.8421333333333334
37.444818026062435
Train Accuracy: 33.333333333333336%		Avg Cost: 1.8779333333333332
32.07298957053647
Train Accuracy: 52.666666666666664%		Avg Cost: 1.6630666666666667
51.64934009146405
Train Accuracy: 38.666666666666664%		Avg Cost: 1.8722666666666667
37.41236703056108
Train Accuracy: 66.66666666666667%		Avg Cost: 1.5563333333333333
65.7820014120253
Train Accuracy: 33.333333333333336%		Avg Cost: 1.9058
32.04352959746944
Train Accuracy: 33.333333333333336%		Avg Cost: 1.8842666666666668
32.066255915424065
Train Accuracy: 93.33333333333333%		Avg Cost: 1.0074666666666667
93.31845547513933
Train Accuracy: 33.333333333333336%		Avg Cost: 1.9006
32.04899408174318
Train Accuracy: 33.333333333333336%		Avg Cost: 1.8617333333333332
32.09031742649775
Train Accuracy: 33.333333333333336%		Avg Cost: 1.653
32.32814969565556
Train Accuracy: 94.66666666666667%		Avg Cost: 0.8342666666666667
95.02907103371875
Train Accuracy: 66.66666666666667%		Avg Cost: 1.4181333333333332
65.96798376098965
Train Accuracy: 33.333333333333336%		Avg Cost: 1.8888
32.061449919755006
Train Accuracy: 66.66666666666667%		Avg Cost: 1.6667333333333334
65.64493542073464
Train Accuracy: 66.66666666666667%		Avg Cost: 1.4872666666666667
65.87278669989007
Train Accuracy: 33.333333333333336%		Avg Cost: 1.9095333333333333
32.039615565117664
Train Accuracy: 66.66666666666667%		Avg Cost: 1.2609333333333332
66.20296229168446
Train Accuracy: 66.66666666666667%		Avg Cost: 1.735
65.56465183986903
Train Accuracy: 66.0%		Avg Cost: 1.7486
64.8823690644707
Train Accuracy: 66.66666666666667%		Avg Cost: 1.7546
65.54218484524237
Train Accuracy: 53.333333333333336%		Avg Cost: 1.6686666666666667
52.30928352465039
Train Accuracy: 60.0%		Avg Cost: 1.7638666666666667
58.86498326212404
Train Accuracy: 66.66666666666667%		Avg Cost: 1.8338
65.45388603339934
Generation score: 2799.9784821007643
Train Accuracy: 81.33333333333333%		Avg Cost: 1.3591333333333333
80.71963884990774
Train Accuracy: 66.66666666666667%		Avg Cost: 1.735
65.56465183986903
Train Accuracy: 53.333333333333336%		Avg Cost: 1.6686666666666667
52.30928352465039
Train Accuracy: 71.33333333333333%		Avg Cost: 1.5338
70.47783670063609
Train Accuracy: 66.66666666666667%		Avg Cost: 1.7546
65.54218484524237
Train Accuracy: 33.333333333333336%		Avg Cost: 1.8655333333333333
32.08623936967336
Train Accuracy: 33.333333333333336%		Avg Cost: 1.9095333333333333
32.039615565117664
Train Accuracy: 33.333333333333336%		Avg Cost: 1.9135333333333333
32.035430441698836
Train Accuracy: 38.666666666666664%		Avg Cost: 1.8722
37.41243824675565
Train Accuracy: 66.66666666666667%		Avg Cost: 1.4858666666666667
65.8746702347962
Train Accuracy: 33.333333333333336%		Avg Cost: 1.8442666666666667
32.10916987765589
Train Accuracy: 60.0%		Avg Cost: 1.7720666666666667
58.855707052504854
Train Accuracy: 66.66666666666667%		Avg Cost: 1.7384
65.56073636674651
Train Accuracy: 66.66666666666667%		Avg Cost: 1.1077333333333332
66.46203489572346
Train Accuracy: 33.333333333333336%		Avg Cost: 1.8888
32.061449919755006
Train Accuracy: 66.66666666666667%		Avg Cost: 1.4181333333333332
65.96798376098965
Train Accuracy: 64.0%		Avg Cost: 1.6588666666666667
62.987730723444265
Train Accuracy: 33.333333333333336%		Avg Cost: 1.9058
32.04352959746944
Train Accuracy: 52.666666666666664%		Avg Cost: 1.4520666666666666
51.920691008604905
Train Accuracy: 62.0%		Avg Cost: 1.1039333333333334
61.80224088088372
Train Accuracy: 33.333333333333336%		Avg Cost: 1.7156666666666667
32.25372986932832
Train Accuracy: 54.0%		Avg Cost: 1.9061333333333332
52.70984648537028
Train Accuracy: 48.666666666666664%		Avg Cost: 1.6015333333333333
47.72474365932497
Train Accuracy: 66.66666666666667%		Avg Cost: 1.0562
66.55731154408528
Train Accuracy: 33.333333333333336%		Avg Cost: 1.878
32.07291857176119
Train Accuracy: 33.333333333333336%		Avg Cost: 1.8617333333333332
32.09031742649775
Train Accuracy: 66.66666666666667%		Avg Cost: 1.8798
65.40433589025854
Train Accuracy: 66.66666666666667%		Avg Cost: 1.5563333333333333
65.7820014120253
Train Accuracy: 33.333333333333336%		Avg Cost: 1.8167333333333333
32.139253300170495
Train Accuracy: 59.333333333333336%		Avg Cost: 1.7346
58.2317796547969
Train Accuracy: 66.0%		Avg Cost: 1.2062666666666666
65.62493961899732
Train Accuracy: 33.333333333333336%		Avg Cost: 1.9095333333333333
32.039615565117664
Train Accuracy: 66.66666666666667%		Avg Cost: 1.6667333333333334
65.64493542073464
Train Accuracy: 66.66666666666667%		Avg Cost: 1.2672666666666668
66.19294196642306
Train Accuracy: 94.66666666666667%		Avg Cost: 0.8342666666666667
95.02907103371875
Train Accuracy: 62.666666666666664%		Avg Cost: 1.6982
61.60752893350041
Train Accuracy: 81.33333333333333%		Avg Cost: 1.3591333333333333
80.71963884990774
Train Accuracy: 60.0%		Avg Cost: 1.7654666666666667
58.86316988836929
Train Accuracy: 80.0%		Avg Cost: 1.2207333333333332
79.60109645788526
Train Accuracy: 33.333333333333336%		Avg Cost: 1.9076666666666666
32.04157162381563
Train Accuracy: 33.333333333333336%		Avg Cost: 1.6468
32.33566531150611
Train Accuracy: 66.66666666666667%		Avg Cost: 1.7586666666666666
65.53755477429276
Train Accuracy: 81.33333333333333%		Avg Cost: 1.3588666666666667
80.72003129533456
Train Accuracy: 66.66666666666667%		Avg Cost: 1.603
65.72291291941184
Train Accuracy: 60.0%		Avg Cost: 1.9045333333333334
58.71152598162013
Train Accuracy: 52.666666666666664%		Avg Cost: 1.6630666666666667
51.64934009146405
Train Accuracy: 66.66666666666667%		Avg Cost: 1.5575333333333334
65.78045992012746
Train Accuracy: 60.0%		Avg Cost: 1.9043333333333334
58.71173601785157
Train Accuracy: 38.666666666666664%		Avg Cost: 1.8421333333333334
37.444818026062435
Train Accuracy: 66.66666666666667%		Avg Cost: 1.8446666666666667
65.44206948127342
Generation score: 2768.2201246931586
Train Accuracy: 33.333333333333336%		Avg Cost: 1.8442666666666667
32.10916987765589
Train Accuracy: 60.0%		Avg Cost: 1.7654666666666667
58.86316988836929
Train Accuracy: 33.333333333333336%		Avg Cost: 1.9135333333333333
32.035430441698836
Train Accuracy: 36.666666666666664%		Avg Cost: 1.8279333333333334
35.46029466139307
Train Accuracy: 62.0%		Avg Cost: 1.4938
61.19735358211834
Train Accuracy: 66.66666666666667%		Avg Cost: 1.735
65.56465183986903
Train Accuracy: 62.0%		Avg Cost: 1.1039333333333334
61.80224088088372
Train Accuracy: 59.333333333333336%		Avg Cost: 1.7654
58.19657874612535
Train Accuracy: 33.333333333333336%		Avg Cost: 1.9094
32.039755220169745
Train Accuracy: 66.66666666666667%		Avg Cost: 1.4858666666666667
65.8746702347962
Train Accuracy: 65.33333333333333%		Avg Cost: 1.43
64.6179844447897
Train Accuracy: 66.66666666666667%		Avg Cost: 1.0525333333333333
66.56426675326989
Train Accuracy: 33.333333333333336%		Avg Cost: 1.6468
32.33566531150611
Train Accuracy: 33.333333333333336%		Avg Cost: 1.8655333333333333
32.08623936967336
Train Accuracy: 33.333333333333336%		Avg Cost: 1.9095333333333333
32.039615565117664
Train Accuracy: 66.66666666666667%		Avg Cost: 1.5575333333333334
65.78045992012746
Train Accuracy: 66.66666666666667%		Avg Cost: 1.8457333333333332
65.44091332834
Train Accuracy: 33.333333333333336%		Avg Cost: 1.9095333333333333
32.039615565117664
Train Accuracy: 33.333333333333336%		Avg Cost: 1.9007333333333334
32.048853780094575
Train Accuracy: 33.333333333333336%		Avg Cost: 1.8617333333333332
32.09031742649775
Train Accuracy: 63.333333333333336%		Avg Cost: 1.5183333333333333
62.49810684924571
Train Accuracy: 66.66666666666667%		Avg Cost: 1.7386666666666666
65.56042959475418
Train Accuracy: 66.66666666666667%		Avg Cost: 1.7546
65.54218484524237
Train Accuracy: 33.333333333333336%		Avg Cost: 1.9095333333333333
32.039615565117664
Train Accuracy: 33.333333333333336%		Avg Cost: 1.8167333333333333
32.139253300170495
Train Accuracy: 81.33333333333333%		Avg Cost: 1.3593333333333333
80.71934456636502
Train Accuracy: 79.33333333333333%		Avg Cost: 1.3590666666666666
78.7197369540453
Train Accuracy: 33.333333333333336%		Avg Cost: 1.9049333333333334
32.044439308651825
Train Accuracy: 66.66666666666667%		Avg Cost: 1.8748
65.40966269253384
Train Accuracy: 66.66666666666667%		Avg Cost: 1.1077333333333332
66.46203489572346
Train Accuracy: 71.33333333333333%		Avg Cost: 1.5338
70.47783670063609
Train Accuracy: 66.66666666666667%		Avg Cost: 1.4626666666666666
65.90614415917692
Train Accuracy: 66.66666666666667%		Avg Cost: 1.8798
65.40433589025854
Train Accuracy: 60.0%		Avg Cost: 1.9095333333333333
58.70628223178433
Train Accuracy: 80.0%		Avg Cost: 1.2244
79.59509814382176
Train Accuracy: 53.333333333333336%		Avg Cost: 1.6686666666666667
52.30928352465039
Train Accuracy: 52.666666666666664%		Avg Cost: 1.6630666666666667
51.64934009146405
Train Accuracy: 33.333333333333336%		Avg Cost: 1.878
32.07291857176119
Train Accuracy: 33.333333333333336%		Avg Cost: 1.8932
32.056796295233426
Train Accuracy: 66.66666666666667%		Avg Cost: 1.5564
65.78191574241015
Train Accuracy: 51.333333333333336%		Avg Cost: 1.4285333333333334
50.620036779500325
Train Accuracy: 38.666666666666664%		Avg Cost: 1.8722
37.41243824675565
Train Accuracy: 81.33333333333333%		Avg Cost: 1.2017333333333333
80.9658034152693
Train Accuracy: 76.66666666666667%		Avg Cost: 1.053
76.563380200363
Train Accuracy: 59.333333333333336%		Avg Cost: 1.7346
58.2317796547969
Train Accuracy: 66.66666666666667%		Avg Cost: 1.7709333333333332
65.52365323751415
Train Accuracy: 62.666666666666664%		Avg Cost: 1.6982
61.60752893350041
Train Accuracy: 64.0%		Avg Cost: 1.6588666666666667
62.987730723444265
Train Accuracy: 66.66666666666667%		Avg Cost: 1.2672666666666668
66.19294196642306
Train Accuracy: 60.0%		Avg Cost: 1.9043333333333334
58.71173601785157
Generation score: 2732.0990359360794
Train Accuracy: 59.333333333333336%		Avg Cost: 1.7655333333333334
58.19642770013177
Train Accuracy: 79.33333333333333%		Avg Cost: 1.3590666666666666
78.7197369540453
Train Accuracy: 66.0%		Avg Cost: 1.7549333333333332
64.87513826101667
Train Accuracy: 33.333333333333336%		Avg Cost: 1.9109333333333334
32.03814977553245
Train Accuracy: 66.66666666666667%		Avg Cost: 1.5564
65.78191574241015
Train Accuracy: 66.66666666666667%		Avg Cost: 1.7386666666666666
65.56042959475418
Train Accuracy: 62.0%		Avg Cost: 1.1039333333333334
61.80224088088372
Train Accuracy: 60.0%		Avg Cost: 1.9097333333333333
58.706072767489076
Train Accuracy: 81.33333333333333%		Avg Cost: 1.3593333333333333
80.71934456636502
Train Accuracy: 66.66666666666667%		Avg Cost: 1.5641333333333334
65.77200288670403
Train Accuracy: 60.0%		Avg Cost: 1.7654666666666667
58.86316988836929
Train Accuracy: 33.333333333333336%		Avg Cost: 1.878
32.07291857176119
Train Accuracy: 62.0%		Avg Cost: 1.7988
60.82576044817117
Train Accuracy: 53.333333333333336%		Avg Cost: 1.6688666666666667
52.30904382666956
Train Accuracy: 33.333333333333336%		Avg Cost: 1.8932
32.056796295233426
Train Accuracy: 33.333333333333336%		Avg Cost: 1.9084
32.040802944013706
Train Accuracy: 33.333333333333336%		Avg Cost: 1.9371333333333334
32.010914899285325
Train Accuracy: 66.66666666666667%		Avg Cost: 1.1077333333333332
66.46203489572346
Train Accuracy: 59.333333333333336%		Avg Cost: 1.7346
58.2317796547969
Train Accuracy: 33.333333333333336%		Avg Cost: 1.8655333333333333
32.08623936967336
Train Accuracy: 36.666666666666664%		Avg Cost: 1.8279333333333334
35.46029466139307
Train Accuracy: 52.666666666666664%		Avg Cost: 1.6630666666666667
51.64934009146405
Train Accuracy: 66.66666666666667%		Avg Cost: 1.0525333333333333
66.56426675326989
Train Accuracy: 65.33333333333333%		Avg Cost: 1.43
64.6179844447897
Train Accuracy: 66.66666666666667%		Avg Cost: 1.735
65.56465183986903
Train Accuracy: 33.333333333333336%		Avg Cost: 1.9095333333333333
32.039615565117664
Train Accuracy: 46.666666666666664%		Avg Cost: 1.4327333333333334
45.947498583184945
Train Accuracy: 60.0%		Avg Cost: 1.5352
59.1426786685773
Train Accuracy: 33.333333333333336%		Avg Cost: 1.8442666666666667
32.10916987765589
Train Accuracy: 66.66666666666667%		Avg Cost: 1.4858666666666667
65.8746702347962
Train Accuracy: 66.66666666666667%		Avg Cost: 1.7709333333333332
65.52365323751415
Train Accuracy: 33.333333333333336%		Avg Cost: 1.8167333333333333
32.139253300170495
Train Accuracy: 33.333333333333336%		Avg Cost: 1.9007333333333334
32.048853780094575
Train Accuracy: 33.333333333333336%		Avg Cost: 1.8617333333333332
32.09031742649775
Train Accuracy: 63.333333333333336%		Avg Cost: 1.5183333333333333
62.49810684924571
Train Accuracy: 33.333333333333336%		Avg Cost: 1.9095333333333333
32.039615565117664
Train Accuracy: 71.33333333333333%		Avg Cost: 1.5338
70.47783670063609
Train Accuracy: 76.66666666666667%		Avg Cost: 1.0525333333333333
76.56426675326989
Train Accuracy: 38.666666666666664%		Avg Cost: 1.8722
37.41243824675565
Train Accuracy: 66.66666666666667%		Avg Cost: 1.2672666666666668
66.19294196642306
Train Accuracy: 66.0%		Avg Cost: 1.4384
65.27293723052956
Train Accuracy: 66.66666666666667%		Avg Cost: 1.6239333333333332
65.69696428667916
Train Accuracy: 80.0%		Avg Cost: 1.2350666666666668
79.57775010054075
Train Accuracy: 66.66666666666667%		Avg Cost: 1.7546
65.54218484524237
Train Accuracy: 64.66666666666667%		Avg Cost: 1.5600666666666667
63.77720955588454
Train Accuracy: 66.66666666666667%		Avg Cost: 1.8457333333333332
65.44091332834
Train Accuracy: 66.66666666666667%		Avg Cost: 1.8748
65.40966269253384
Train Accuracy: 62.666666666666664%		Avg Cost: 1.7037333333333333
61.60102282339089
Train Accuracy: 81.33333333333333%		Avg Cost: 1.2017333333333333
80.9658034152693
Train Accuracy: 60.0%		Avg Cost: 1.9043333333333334
58.71173601785157
Generation score: 2787.084558765135
Train Accuracy: 66.66666666666667%		Avg Cost: 1.8748
65.40966269253384
Train Accuracy: 81.33333333333333%		Avg Cost: 1.2017333333333333
80.9658034152693
Train Accuracy: 66.66666666666667%		Avg Cost: 1.5564
65.78191574241015
Train Accuracy: 46.666666666666664%		Avg Cost: 1.4327333333333334
45.947498583184945
Train Accuracy: 66.66666666666667%		Avg Cost: 1.2263333333333333
66.25860929175762
Train Accuracy: 62.0%		Avg Cost: 1.1039333333333334
61.80224088088372
Train Accuracy: 61.333333333333336%		Avg Cost: 1.6330666666666667
60.3524140577071
Train Accuracy: 66.66666666666667%		Avg Cost: 1.4334
65.94656817751131
Train Accuracy: 60.0%		Avg Cost: 1.9097333333333333
58.706072767489076
Train Accuracy: 82.0%		Avg Cost: 1.144
81.73093821408479
Train Accuracy: 33.333333333333336%		Avg Cost: 1.8442666666666667
32.10916987765589
Train Accuracy: 76.66666666666667%		Avg Cost: 1.0525333333333333
76.56426675326989
Train Accuracy: 81.33333333333333%		Avg Cost: 1.3593333333333333
80.71934456636502
Train Accuracy: 66.66666666666667%		Avg Cost: 1.5641333333333334
65.77200288670403
Train Accuracy: 64.66666666666667%		Avg Cost: 1.5600666666666667
63.77720955588454
Train Accuracy: 60.0%		Avg Cost: 1.9043333333333334
58.71173601785157
Train Accuracy: 60.0%		Avg Cost: 1.7654666666666667
58.86316988836929
Train Accuracy: 66.66666666666667%		Avg Cost: 1.8524666666666667
65.43363049801864
Train Accuracy: 62.0%		Avg Cost: 1.4607333333333334
61.24212281455333
Train Accuracy: 36.666666666666664%		Avg Cost: 1.8279333333333334
35.46029466139307
Train Accuracy: 63.333333333333336%		Avg Cost: 1.5183333333333333
62.49810684924571
Train Accuracy: 65.33333333333333%		Avg Cost: 1.447
64.59434843803463
Train Accuracy: 33.333333333333336%		Avg Cost: 1.8661333333333334
32.08559622540698
Train Accuracy: 66.66666666666667%		Avg Cost: 1.7387333333333332
65.56035290910782
Train Accuracy: 73.33333333333333%		Avg Cost: 1.3728
72.69962843383021
Train Accuracy: 66.66666666666667%		Avg Cost: 1.735
65.56465183986903
Train Accuracy: 86.66666666666667%		Avg Cost: 1.1291333333333333
86.42376591305312
Train Accuracy: 66.0%		Avg Cost: 1.4384
65.27293723052956
Train Accuracy: 66.66666666666667%		Avg Cost: 1.6563333333333334
65.65745401876252
Train Accuracy: 38.666666666666664%		Avg Cost: 1.8722
37.41243824675565
Train Accuracy: 53.333333333333336%		Avg Cost: 1.6688666666666667
52.30904382666956
Train Accuracy: 33.333333333333336%		Avg Cost: 1.9108666666666667
32.03821955068204
Train Accuracy: 33.333333333333336%		Avg Cost: 1.8799333333333332
32.07086070289295
Train Accuracy: 66.66666666666667%		Avg Cost: 1.5581333333333334
65.7796896194867
Train Accuracy: 66.66666666666667%		Avg Cost: 1.0678666666666667
66.53534088906811
Train Accuracy: 62.0%		Avg Cost: 1.7988
60.82576044817117
Train Accuracy: 52.666666666666664%		Avg Cost: 1.6630666666666667
51.64934009146405
Train Accuracy: 71.33333333333333%		Avg Cost: 1.5338
70.47783670063609
Train Accuracy: 80.0%		Avg Cost: 1.2350666666666668
79.57775010054075
Train Accuracy: 71.33333333333333%		Avg Cost: 1.5338
70.47783670063609
Train Accuracy: 63.333333333333336%		Avg Cost: 1.6871333333333334
62.28727166092463
Train Accuracy: 66.66666666666667%		Avg Cost: 1.7546
65.54218484524237
Train Accuracy: 66.66666666666667%		Avg Cost: 1.1077333333333332
66.46203489572346
Train Accuracy: 66.0%		Avg Cost: 1.7549333333333332
64.87513826101667
Train Accuracy: 66.0%		Avg Cost: 1.4384
65.27293723052956
Train Accuracy: 62.666666666666664%		Avg Cost: 1.7037333333333333
61.60102282339089
Train Accuracy: 66.66666666666667%		Avg Cost: 1.4856666666666667
65.87493945607406
Train Accuracy: 66.66666666666667%		Avg Cost: 1.2672666666666668
66.19294196642306
Train Accuracy: 52.666666666666664%		Avg Cost: 1.7304666666666666
51.5698844233624
Train Accuracy: 33.333333333333336%		Avg Cost: 1.8167333333333333
32.139253300170495
Generation score: 3052.883238940598
Train Accuracy: 66.0%		Avg Cost: 1.4384
65.27293723052956
Train Accuracy: 66.66666666666667%		Avg Cost: 1.8748
65.40966269253384
Train Accuracy: 38.0%		Avg Cost: 1.4994
37.18986994382635
Train Accuracy: 66.66666666666667%		Avg Cost: 1.8526666666666667
65.43341458136227
Train Accuracy: 36.666666666666664%		Avg Cost: 1.8279333333333334
35.46029466139307
Train Accuracy: 60.0%		Avg Cost: 1.7655333333333334
58.863094366798435
Train Accuracy: 66.66666666666667%		Avg Cost: 1.9056666666666666
65.37700285943922
Train Accuracy: 53.333333333333336%		Avg Cost: 1.6688666666666667
52.30904382666956
Train Accuracy: 82.0%		Avg Cost: 1.3348666666666666
81.4223371765834
Train Accuracy: 62.0%		Avg Cost: 1.1039333333333334
61.80224088088372
Train Accuracy: 62.666666666666664%		Avg Cost: 1.7037333333333333
61.60102282339089
Train Accuracy: 63.333333333333336%		Avg Cost: 1.6871333333333334
62.28727166092463
Train Accuracy: 66.66666666666667%		Avg Cost: 1.5581333333333334
65.7796896194867
Train Accuracy: 33.333333333333336%		Avg Cost: 1.8560666666666668
32.09641422681504
Train Accuracy: 66.66666666666667%		Avg Cost: 1.6025333333333334
65.7234952458099
Train Accuracy: 66.66666666666667%		Avg Cost: 1.7387333333333332
65.56035290910782
Train Accuracy: 33.333333333333336%		Avg Cost: 1.8326666666666667
32.12178913118345
Train Accuracy: 72.66666666666667%		Avg Cost: 1.3912
72.0063332985508
Train Accuracy: 38.666666666666664%		Avg Cost: 1.8722666666666667
37.41236703056108
Train Accuracy: 73.33333333333333%		Avg Cost: 1.3787333333333334
72.69100292679667
Train Accuracy: 61.333333333333336%		Avg Cost: 1.6330666666666667
60.3524140577071
Train Accuracy: 46.666666666666664%		Avg Cost: 1.4327333333333334
45.947498583184945
Train Accuracy: 66.66666666666667%		Avg Cost: 1.0678666666666667
66.53534088906811
Train Accuracy: 66.66666666666667%		Avg Cost: 1.4856666666666667
65.87493945607406
Train Accuracy: 60.0%		Avg Cost: 1.9097333333333333
58.706072767489076
Train Accuracy: 78.66666666666667%		Avg Cost: 1.2496
78.22101966646011
Train Accuracy: 66.0%		Avg Cost: 1.7549333333333332
64.87513826101667
Train Accuracy: 66.66666666666667%		Avg Cost: 1.5899333333333334
65.73928249340281
Train Accuracy: 60.0%		Avg Cost: 1.9043333333333334
58.71173601785157
Train Accuracy: 66.66666666666667%		Avg Cost: 1.4334
65.94656817751131
Train Accuracy: 66.66666666666667%		Avg Cost: 1.1112
66.45578564175068
Train Accuracy: 66.66666666666667%		Avg Cost: 1.6841333333333333
65.62416448816752
Train Accuracy: 33.333333333333336%		Avg Cost: 1.8661333333333334
32.08559622540698
Train Accuracy: 64.66666666666667%		Avg Cost: 1.7378
63.561426775820735
Train Accuracy: 76.0%		Avg Cost: 1.2198666666666667
75.60251687368974
Train Accuracy: 66.66666666666667%		Avg Cost: 1.7546
65.54218484524237
Train Accuracy: 76.66666666666667%		Avg Cost: 1.0525333333333333
76.56426675326989
Train Accuracy: 64.66666666666667%		Avg Cost: 1.5600666666666667
63.77720955588454
Train Accuracy: 66.66666666666667%		Avg Cost: 1.2263333333333333
66.25860929175762
Train Accuracy: 86.66666666666667%		Avg Cost: 1.1291333333333333
86.42376591305312
Train Accuracy: 62.0%		Avg Cost: 1.7988
60.82576044817117
Train Accuracy: 71.33333333333333%		Avg Cost: 1.5328
70.47914107686441
Train Accuracy: 52.666666666666664%		Avg Cost: 1.7304666666666666
51.5698844233624
Train Accuracy: 66.66666666666667%		Avg Cost: 1.6563333333333334
65.65745401876252
Train Accuracy: 66.66666666666667%		Avg Cost: 1.0117333333333334
66.64333660360566
Train Accuracy: 71.33333333333333%		Avg Cost: 1.5338
70.47783670063609
Train Accuracy: 66.66666666666667%		Avg Cost: 1.5612
65.77575715401802
Train Accuracy: 66.66666666666667%		Avg Cost: 1.5641333333333334
65.77200288670403
Train Accuracy: 58.0%		Avg Cost: 1.6264666666666667
57.0271800543636
Train Accuracy: 62.0%		Avg Cost: 1.4607333333333334
61.24212281455333
Generation score: 3084.0956500074967
Train Accuracy: 66.66666666666667%		Avg Cost: 1.6025333333333334
65.7234952458099
Train Accuracy: 73.33333333333333%		Avg Cost: 1.3787333333333334
72.69100292679667
Train Accuracy: 59.333333333333336%		Avg Cost: 1.6893333333333334
58.28466538575177
Train Accuracy: 69.33333333333333%		Avg Cost: 1.5596666666666668
68.4443890869014
Train Accuracy: 50.0%		Avg Cost: 1.5772666666666666
49.08861321774412
Train Accuracy: 62.0%		Avg Cost: 1.5788666666666666
61.086585419843225
Train Accuracy: 86.66666666666667%		Avg Cost: 1.1291333333333333
86.42376591305312
Train Accuracy: 66.66666666666667%		Avg Cost: 1.8748
65.40966269253384
Train Accuracy: 66.66666666666667%		Avg Cost: 1.1292666666666666
66.4235297576626
Train Accuracy: 60.0%		Avg Cost: 1.7655333333333334
58.863094366798435
Train Accuracy: 66.66666666666667%		Avg Cost: 1.5641333333333334
65.77200288670403
Train Accuracy: 86.66666666666667%		Avg Cost: 1.1291333333333333
86.42376591305312
Train Accuracy: 76.66666666666667%		Avg Cost: 1.0533333333333332
76.56274718880525
Train Accuracy: 62.0%		Avg Cost: 1.4607333333333334
61.24212281455333
Train Accuracy: 66.66666666666667%		Avg Cost: 1.5899333333333334
65.73928249340281
Train Accuracy: 66.66666666666667%		Avg Cost: 1.6841333333333333
65.62416448816752
Train Accuracy: 78.66666666666667%		Avg Cost: 1.2496
78.22101966646011
Train Accuracy: 78.66666666666667%		Avg Cost: 1.2496
78.22101966646011
Train Accuracy: 76.0%		Avg Cost: 1.2198666666666667
75.60251687368974
Train Accuracy: 66.66666666666667%		Avg Cost: 1.5579333333333334
65.77994635340376
Train Accuracy: 66.66666666666667%		Avg Cost: 1.2278666666666667
66.25611017427273
Train Accuracy: 66.66666666666667%		Avg Cost: 1.1113333333333333
66.45554567534569
Train Accuracy: 57.333333333333336%		Avg Cost: 1.645
56.33785256489867
Train Accuracy: 66.66666666666667%		Avg Cost: 1.0678666666666667
66.53534088906811
Train Accuracy: 66.66666666666667%		Avg Cost: 1.8526666666666667
65.43341458136227
Train Accuracy: 66.0%		Avg Cost: 1.4384
65.27293723052956
Train Accuracy: 66.66666666666667%		Avg Cost: 1.4974
65.85920612503777
Train Accuracy: 60.666666666666664%		Avg Cost: 1.7831333333333332
59.50992243383093
Train Accuracy: 66.66666666666667%		Avg Cost: 1.6563333333333334
65.65745401876252
Train Accuracy: 60.0%		Avg Cost: 1.9097333333333333
58.706072767489076
Train Accuracy: 66.66666666666667%		Avg Cost: 1.4334
65.94656817751131
Train Accuracy: 62.666666666666664%		Avg Cost: 1.4606
61.90897204625892
Train Accuracy: 66.0%		Avg Cost: 1.7549333333333332
64.87513826101667
Train Accuracy: 60.0%		Avg Cost: 1.9043333333333334
58.71173601785157
Train Accuracy: 62.666666666666664%		Avg Cost: 1.7037333333333333
61.60102282339089
Train Accuracy: 62.666666666666664%		Avg Cost: 1.5179333333333334
61.83196714551903
Train Accuracy: 66.66666666666667%		Avg Cost: 1.7387333333333332
65.56035290910782
Train Accuracy: 82.0%		Avg Cost: 1.3348666666666666
81.4223371765834
Train Accuracy: 62.0%		Avg Cost: 1.1040666666666668
61.80199933498971
Train Accuracy: 71.33333333333333%		Avg Cost: 1.525
70.48934451321458
Train Accuracy: 65.33333333333333%		Avg Cost: 1.8334
64.12098900024225
Train Accuracy: 64.66666666666667%		Avg Cost: 1.7378
63.561426775820735
Train Accuracy: 66.66666666666667%		Avg Cost: 1.7546
65.54218484524237
Train Accuracy: 80.0%		Avg Cost: 1.2888
79.49257689423874
Train Accuracy: 64.66666666666667%		Avg Cost: 1.5600666666666667
63.77720955588454
Train Accuracy: 66.66666666666667%		Avg Cost: 1.0110666666666666
66.6446549083136
Train Accuracy: 66.66666666666667%		Avg Cost: 1.4334
65.94656817751131
Train Accuracy: 66.66666666666667%		Avg Cost: 1.9056666666666666
65.37700285943922
Train Accuracy: 63.333333333333336%		Avg Cost: 1.6871333333333334
62.28727166092463
Train Accuracy: 71.33333333333333%		Avg Cost: 1.5341333333333333
70.47740209753566
Generation score: 3329.027973998789
Train Accuracy: 71.33333333333333%		Avg Cost: 1.0628
71.21151946352629
Train Accuracy: 82.0%		Avg Cost: 1.3348666666666666
81.4223371765834
Train Accuracy: 77.33333333333333%		Avg Cost: 1.243
76.89827770827618
Train Accuracy: 78.66666666666667%		Avg Cost: 1.2496
78.22101966646011
Train Accuracy: 66.66666666666667%		Avg Cost: 1.4334
65.94656817751131
Train Accuracy: 33.333333333333336%		Avg Cost: 1.9048666666666667
32.0445093035772
Train Accuracy: 85.33333333333333%		Avg Cost: 1.1356666666666666
85.07889363331189
Train Accuracy: 66.66666666666667%		Avg Cost: 1.5641333333333334
65.77200288670403
Train Accuracy: 66.0%		Avg Cost: 1.4384
65.27293723052956
Train Accuracy: 82.66666666666667%		Avg Cost: 1.2661333333333333
82.19473139313646
Train Accuracy: 79.33333333333333%		Avg Cost: 1.2366
78.90860197704866
Train Accuracy: 66.66666666666667%		Avg Cost: 1.5579333333333334
65.77994635340376
Train Accuracy: 33.333333333333336%		Avg Cost: 1.9089333333333334
32.040244089661485
Train Accuracy: 66.66666666666667%		Avg Cost: 1.6841333333333333
65.62416448816752
Train Accuracy: 81.33333333333333%		Avg Cost: 0.963
81.40873706770135
Train Accuracy: 66.66666666666667%		Avg Cost: 1.6025333333333334
65.7234952458099
Train Accuracy: 66.66666666666667%		Avg Cost: 1.256
66.21080253057465
Train Accuracy: 66.66666666666667%		Avg Cost: 1.7546
65.54218484524237
Train Accuracy: 66.66666666666667%		Avg Cost: 1.0678666666666667
66.53534088906811
Train Accuracy: 76.0%		Avg Cost: 1.2198666666666667
75.60251687368974
Train Accuracy: 66.66666666666667%		Avg Cost: 1.4321333333333333
65.94833631851938
Train Accuracy: 76.0%		Avg Cost: 1.2198666666666667
75.60251687368974
Train Accuracy: 66.66666666666667%		Avg Cost: 1.5899333333333334
65.73928249340281
Train Accuracy: 66.66666666666667%		Avg Cost: 1.1018
66.47277625455371
Train Accuracy: 71.33333333333333%		Avg Cost: 1.5118666666666667
70.50664315243846
Train Accuracy: 62.666666666666664%		Avg Cost: 1.7037333333333333
61.60102282339089
Train Accuracy: 71.33333333333333%		Avg Cost: 1.5341333333333333
70.47740209753566
Train Accuracy: 86.66666666666667%		Avg Cost: 1.1291333333333333
86.42376591305312
Train Accuracy: 66.0%		Avg Cost: 1.6592666666666667
64.98724852461528
Train Accuracy: 66.66666666666667%		Avg Cost: 1.2932666666666666
66.15232403217315
Train Accuracy: 66.66666666666667%		Avg Cost: 1.4833333333333334
65.8780830516466
Train Accuracy: 82.0%		Avg Cost: 1.3348666666666666
81.4223371765834
Train Accuracy: 66.66666666666667%		Avg Cost: 1.6188666666666667
65.70321403478523
Train Accuracy: 62.666666666666664%		Avg Cost: 1.5179333333333334
61.83196714551903
Train Accuracy: 62.666666666666664%		Avg Cost: 1.4606
61.90897204625892
Train Accuracy: 66.66666666666667%		Avg Cost: 1.5899333333333334
65.73928249340281
Train Accuracy: 76.0%		Avg Cost: 1.2198666666666667
75.60251687368974
Train Accuracy: 64.66666666666667%		Avg Cost: 1.7412
63.55751760527466
Train Accuracy: 33.333333333333336%		Avg Cost: 1.8678
32.08381079794638
Train Accuracy: 66.66666666666667%		Avg Cost: 1.0110666666666666
66.6446549083136
Train Accuracy: 66.66666666666667%		Avg Cost: 1.7387333333333332
65.56035290910782
Train Accuracy: 66.66666666666667%		Avg Cost: 1.8746666666666667
65.40980493498617
Train Accuracy: 69.33333333333333%		Avg Cost: 1.5596666666666668
68.4443890869014
Train Accuracy: 73.33333333333333%		Avg Cost: 1.3787333333333334
72.69100292679667
Train Accuracy: 66.0%		Avg Cost: 1.7728666666666666
64.85480435568282
Train Accuracy: 66.0%		Avg Cost: 1.7549333333333332
64.87513826101667
Train Accuracy: 66.66666666666667%		Avg Cost: 1.7546
65.54218484524237
Train Accuracy: 78.66666666666667%		Avg Cost: 0.9954
78.67588789178204
Train Accuracy: 33.333333333333336%		Avg Cost: 1.8975333333333333
32.05222373911846
Train Accuracy: 33.333333333333336%		Avg Cost: 1.8538
32.098858160414146
Generation score: 3311.9271527278243
Train Accuracy: 81.33333333333333%		Avg Cost: 0.963
81.40873706770135
Train Accuracy: 76.0%		Avg Cost: 1.2198666666666667
75.60251687368974
Train Accuracy: 82.0%		Avg Cost: 1.3348666666666666
81.4223371765834
Train Accuracy: 68.66666666666667%		Avg Cost: 1.2553333333333334
68.21186438353297
Train Accuracy: 76.66666666666667%		Avg Cost: 1.2198666666666667
76.26918354035641
Train Accuracy: 66.66666666666667%		Avg Cost: 1.5899333333333334
65.73928249340281
Train Accuracy: 70.0%		Avg Cost: 1.4454
69.2632278002665
Train Accuracy: 66.66666666666667%		Avg Cost: 1.256
66.21080253057465
Train Accuracy: 77.33333333333333%		Avg Cost: 1.243
76.89827770827618
Train Accuracy: 66.66666666666667%		Avg Cost: 1.5899333333333334
65.73928249340281
Train Accuracy: 33.333333333333336%		Avg Cost: 1.8975333333333333
32.05222373911846
Train Accuracy: 66.0%		Avg Cost: 1.4278666666666666
65.28763702224705
Train Accuracy: 66.66666666666667%		Avg Cost: 1.8508
65.43543071056526
Train Accuracy: 34.666666666666664%		Avg Cost: 1.8456666666666666
33.440985568321224
Train Accuracy: 62.666666666666664%		Avg Cost: 1.5179333333333334
61.83196714551903
Train Accuracy: 66.66666666666667%		Avg Cost: 1.1018
66.47277625455371
Train Accuracy: 66.66666666666667%		Avg Cost: 1.6166666666666667
65.7059338341041
Train Accuracy: 33.333333333333336%		Avg Cost: 1.8572666666666666
32.0951215876318
Train Accuracy: 66.66666666666667%		Avg Cost: 1.4232666666666667
65.96075726853071
Train Accuracy: 71.33333333333333%		Avg Cost: 1.5338
70.47783670063609
Train Accuracy: 66.66666666666667%		Avg Cost: 1.7546
65.54218484524237
Train Accuracy: 69.33333333333333%		Avg Cost: 1.5414
68.46795114460981
Train Accuracy: 66.66666666666667%		Avg Cost: 1.7546
65.54218484524237
Train Accuracy: 33.333333333333336%		Avg Cost: 1.9050666666666667
32.04429932614958
Train Accuracy: 61.333333333333336%		Avg Cost: 1.7261333333333333
60.241565654171225
Train Accuracy: 82.0%		Avg Cost: 1.3348666666666666
81.4223371765834
Train Accuracy: 33.333333333333336%		Avg Cost: 1.7589333333333332
32.20391820390327
Train Accuracy: 66.66666666666667%		Avg Cost: 1.7361333333333333
65.56334583025802
Train Accuracy: 66.66666666666667%		Avg Cost: 1.0678666666666667
66.53534088906811
Train Accuracy: 66.0%		Avg Cost: 1.7573333333333334
64.8724049829358
Train Accuracy: 66.66666666666667%		Avg Cost: 1.4321333333333333
65.94833631851938
Train Accuracy: 66.66666666666667%		Avg Cost: 1.2932666666666666
66.15232403217315
Train Accuracy: 66.66666666666667%		Avg Cost: 1.4833333333333334
65.8780830516466
Train Accuracy: 33.333333333333336%		Avg Cost: 1.8678
32.08381079794638
Train Accuracy: 79.33333333333333%		Avg Cost: 1.2366
78.90860197704866
Train Accuracy: 76.66666666666667%		Avg Cost: 1.2198666666666667
76.26918354035641
Train Accuracy: 66.0%		Avg Cost: 1.6592666666666667
64.98724852461528
Train Accuracy: 42.666666666666664%		Avg Cost: 1.4738
41.89097846796514
Train Accuracy: 92.0%		Avg Cost: 1.1451333333333333
91.72895784289464
Train Accuracy: 66.66666666666667%		Avg Cost: 1.0110666666666666
66.6446549083136
Train Accuracy: 62.666666666666664%		Avg Cost: 1.4606
61.90897204625892
Train Accuracy: 66.66666666666667%		Avg Cost: 1.5576666666666668
65.78028871656632
Train Accuracy: 77.33333333333333%		Avg Cost: 1.3675333333333333
76.70731607253775
Train Accuracy: 66.0%		Avg Cost: 1.7709333333333332
64.85698657084748
Train Accuracy: 87.33333333333333%		Avg Cost: 0.8389333333333333
87.68458140402579
Train Accuracy: 71.33333333333333%		Avg Cost: 1.5118666666666667
70.50664315243846
Train Accuracy: 66.0%		Avg Cost: 1.7549333333333332
64.87513826101667
Train Accuracy: 75.33333333333333%		Avg Cost: 1.3479333333333334
74.73618822276742
Train Accuracy: 66.66666666666667%		Avg Cost: 1.6188666666666667
65.70321403478523
Train Accuracy: 78.66666666666667%		Avg Cost: 0.9954
78.67588789178204
Generation score: 3249.889110631683
Train Accuracy: 77.33333333333333%		Avg Cost: 1.2457333333333334
76.89388457479622
Train Accuracy: 82.0%		Avg Cost: 1.3348666666666666
81.4223371765834
Train Accuracy: 82.0%		Avg Cost: 1.3348666666666666
81.4223371765834
Train Accuracy: 66.66666666666667%		Avg Cost: 1.5899333333333334
65.73928249340281
Train Accuracy: 76.66666666666667%		Avg Cost: 1.2198666666666667
76.26918354035641
Train Accuracy: 78.66666666666667%		Avg Cost: 0.9954
78.67588789178204
Train Accuracy: 66.66666666666667%		Avg Cost: 1.4833333333333334
65.8780830516466
Train Accuracy: 70.0%		Avg Cost: 0.9588
70.08414555284382
Train Accuracy: 66.66666666666667%		Avg Cost: 1.5899333333333334
65.73928249340281
Train Accuracy: 82.0%		Avg Cost: 1.3348666666666666
81.4223371765834
Train Accuracy: 70.66666666666667%		Avg Cost: 1.2579333333333333
70.20772634125994
Train Accuracy: 76.0%		Avg Cost: 1.2198666666666667
75.60251687368974
Train Accuracy: 66.66666666666667%		Avg Cost: 1.1018
66.47277625455371
Train Accuracy: 69.33333333333333%		Avg Cost: 1.5414
68.46795114460981
Train Accuracy: 66.66666666666667%		Avg Cost: 1.8508
65.43543071056526
Train Accuracy: 84.66666666666667%		Avg Cost: 1.1278
84.42612900188479
Train Accuracy: 66.66666666666667%		Avg Cost: 1.4784
65.8847458228561
Train Accuracy: 81.33333333333333%		Avg Cost: 0.963
81.40873706770135
Train Accuracy: 66.66666666666667%		Avg Cost: 1.2542
66.2136708284131
Train Accuracy: 71.33333333333333%		Avg Cost: 1.5324666666666666
70.47957605805318
Train Accuracy: 71.33333333333333%		Avg Cost: 1.5117333333333334
70.50681954261364
Train Accuracy: 66.0%		Avg Cost: 1.6592666666666667
64.98724852461528
Train Accuracy: 88.0%		Avg Cost: 1.1977333333333333
87.63913823659038
Train Accuracy: 70.0%		Avg Cost: 1.4454
69.2632278002665
Train Accuracy: 77.33333333333333%		Avg Cost: 1.3675333333333333
76.70731607253775
Train Accuracy: 33.333333333333336%		Avg Cost: 1.9116666666666666
32.03738240950689
Train Accuracy: 87.33333333333333%		Avg Cost: 0.8389333333333333
87.68458140402579
Train Accuracy: 81.33333333333333%		Avg Cost: 0.963
81.40873706770135
Train Accuracy: 92.66666666666667%		Avg Cost: 1.1461333333333332
92.39387875019067
Train Accuracy: 75.33333333333333%		Avg Cost: 1.0348
75.26491699067385
Train Accuracy: 66.0%		Avg Cost: 1.7622
64.86687394309901
Train Accuracy: 76.66666666666667%		Avg Cost: 1.2198666666666667
76.26918354035641
Train Accuracy: 66.0%		Avg Cost: 1.7552666666666668
64.87475841561262
Train Accuracy: 66.66666666666667%		Avg Cost: 1.2932666666666666
66.15232403217315
Train Accuracy: 80.0%		Avg Cost: 1.2510666666666668
79.55200695846871
Train Accuracy: 66.66666666666667%		Avg Cost: 1.6613333333333333
65.65142568103259
Train Accuracy: 66.66666666666667%		Avg Cost: 1.0678666666666667
66.53534088906811
Train Accuracy: 66.66666666666667%		Avg Cost: 1.5576666666666668
65.78028871656632
Train Accuracy: 82.0%		Avg Cost: 1.3348666666666666
81.4223371765834
Train Accuracy: 66.66666666666667%		Avg Cost: 1.4321333333333333
65.94833631851938
Train Accuracy: 66.0%		Avg Cost: 1.4278666666666666
65.28763702224705
Train Accuracy: 75.33333333333333%		Avg Cost: 1.3555333333333333
74.72494337168133
Train Accuracy: 75.33333333333333%		Avg Cost: 1.3470666666666666
74.73747455552667
Train Accuracy: 72.66666666666667%		Avg Cost: 1.0117333333333334
72.64333660360566
Train Accuracy: 66.66666666666667%		Avg Cost: 1.7546
65.54218484524237
Train Accuracy: 66.66666666666667%		Avg Cost: 1.7361333333333333
65.56334583025802
Train Accuracy: 66.66666666666667%		Avg Cost: 1.0040666666666667
66.65854982641167
Train Accuracy: 62.666666666666664%		Avg Cost: 1.4606
61.90897204625892
Train Accuracy: 92.0%		Avg Cost: 1.1451333333333333
91.72895784289464
Train Accuracy: 52.0%		Avg Cost: 1.755
50.875062286164344
Generation score: 3582.7626079320607
Train Accuracy: 66.66666666666667%		Avg Cost: 1.4833333333333334
65.8780830516466
Train Accuracy: 80.0%		Avg Cost: 1.2510666666666668
79.55200695846871
Train Accuracy: 73.33333333333333%		Avg Cost: 1.4617333333333333
72.57408744103306
Train Accuracy: 77.33333333333333%		Avg Cost: 1.243
76.89827770827618
Train Accuracy: 69.33333333333333%		Avg Cost: 1.5414
68.46795114460981
Train Accuracy: 76.0%		Avg Cost: 1.2221333333333333
75.59880406891067
Train Accuracy: 66.66666666666667%		Avg Cost: 1.5899333333333334
65.73928249340281
Train Accuracy: 71.33333333333333%		Avg Cost: 1.5117333333333334
70.50681954261364
Train Accuracy: 33.333333333333336%		Avg Cost: 1.9083333333333334
32.04087281178895
Train Accuracy: 66.66666666666667%		Avg Cost: 1.1092
66.4593885971477
Train Accuracy: 84.66666666666667%		Avg Cost: 1.1278
84.42612900188479
Train Accuracy: 81.33333333333333%		Avg Cost: 1.3018
80.80583748902103
Train Accuracy: 66.66666666666667%		Avg Cost: 1.0678666666666667
66.53534088906811
Train Accuracy: 78.66666666666667%		Avg Cost: 0.9954666666666667
78.67575394676642
Train Accuracy: 70.0%		Avg Cost: 1.4454
69.2632278002665
Train Accuracy: 82.0%		Avg Cost: 1.3348666666666666
81.4223371765834
Train Accuracy: 66.66666666666667%		Avg Cost: 1.2932666666666666
66.15232403217315
Train Accuracy: 82.0%		Avg Cost: 1.3348666666666666
81.4223371765834
Train Accuracy: 70.66666666666667%		Avg Cost: 1.2579333333333333
70.20772634125994
Train Accuracy: 66.66666666666667%		Avg Cost: 1.1025333333333334
66.47144554227114
Train Accuracy: 86.66666666666667%		Avg Cost: 1.1283333333333334
86.42518343127442
Train Accuracy: 66.66666666666667%		Avg Cost: 1.4321333333333333
65.94833631851938
Train Accuracy: 76.66666666666667%		Avg Cost: 1.2198666666666667
76.26918354035641
Train Accuracy: 71.33333333333333%		Avg Cost: 1.5324666666666666
70.47957605805318
Train Accuracy: 70.0%		Avg Cost: 0.9588666666666666
70.08400649496092
Train Accuracy: 87.33333333333333%		Avg Cost: 0.8248666666666666
87.71840037707408
Train Accuracy: 66.66666666666667%		Avg Cost: 1.5576666666666668
65.78028871656632
Train Accuracy: 33.333333333333336%		Avg Cost: 1.8465333333333334
32.106713318696706
Train Accuracy: 66.66666666666667%		Avg Cost: 1.6613333333333333
65.65142568103259
Train Accuracy: 66.66666666666667%		Avg Cost: 1.4784
65.8847458228561
Train Accuracy: 75.33333333333333%		Avg Cost: 1.3555333333333333
74.72494337168133
Train Accuracy: 79.33333333333333%		Avg Cost: 1.2017333333333333
78.9658034152693
Train Accuracy: 92.0%		Avg Cost: 1.1397333333333333
91.73841136617072
Train Accuracy: 81.33333333333333%		Avg Cost: 0.963
81.40873706770135
Train Accuracy: 82.0%		Avg Cost: 1.3348666666666666
81.4223371765834
Train Accuracy: 82.0%		Avg Cost: 1.3348666666666666
81.4223371765834
Train Accuracy: 75.33333333333333%		Avg Cost: 1.0348
75.26491699067385
Train Accuracy: 76.66666666666667%		Avg Cost: 1.0017333333333334
76.66320300097715
Train Accuracy: 66.66666666666667%		Avg Cost: 1.4321333333333333
65.94833631851938
Train Accuracy: 81.33333333333333%		Avg Cost: 0.963
81.40873706770135
Train Accuracy: 82.0%		Avg Cost: 1.3348666666666666
81.4223371765834
Train Accuracy: 81.33333333333333%		Avg Cost: 0.963
81.40873706770135
Train Accuracy: 51.333333333333336%		Avg Cost: 1.6414
50.34223426090639
Train Accuracy: 81.33333333333333%		Avg Cost: 0.9505333333333333
81.43479743014687
Train Accuracy: 95.33333333333333%		Avg Cost: 1.1940666666666666
Agent has passed the test, score of 94.9786036370515
Train Accuracy: 76.66666666666667%		Avg Cost: 1.2198666666666667
76.26918354035641

[0]Input Node (-7,none):	0.00,0.20
			Incoming node indices - 
			Outgoing node indices - 13,10,4,
[1]Input Node (-6,none):	0.00,0.40
			Incoming node indices - 
			Outgoing node indices - 
[2]Input Node (-5,none):	0.00,0.60
			Incoming node indices - 
			Outgoing node indices - 14,13,12,5,
[3]Input Node (-4,none):	0.00,0.80
			Incoming node indices - 
			Outgoing node indices - 15,10,6,11,7,
[4]Hidden Node (66,sigmoid):	0.10,0.20
			Incoming node indices - 0,
			Outgoing node indices - 10,8,
[5]Hidden Node (75,sigmoid):	0.20,0.60
			Incoming node indices - 2,
			Outgoing node indices - 12,9,
[6]Hidden Node (33,sigmoid):	0.30,0.80
			Incoming node indices - 3,
			Outgoing node indices - 10,
[7]Hidden Node (97,sigmoid):	0.40,0.80
			Incoming node indices - 3,
			Outgoing node indices - 11,
[8]Hidden Node (122,sigmoid):	0.50,0.46
			Incoming node indices - 4,
			Outgoing node indices - 10,
[9]Hidden Node (105,sigmoid):	0.60,0.75
			Incoming node indices - 5,
			Outgoing node indices - 12,
[10]Hidden Node (1,sigmoid):	0.70,0.72
			Incoming node indices - 3,0,6,4,8,
			Outgoing node indices - 15,12,11,
[11]Hidden Node (29,sin):	0.80,0.67
			Incoming node indices - 10,3,7,
			Outgoing node indices - 12,15,14,
[12]Hidden Node (2,reLU):	0.90,0.75
			Incoming node indices - 10,2,11,5,9,
			Outgoing node indices - 15,
[13]Output Node (-3,none):	1.00,0.25
			Incoming node indices - 0,2,
			Outgoing node indices - 
[14]Output Node (-2,none):	1.00,0.50
			Incoming node indices - 2,11,
			Outgoing node indices - 
[15]Output Node (-1,none):	1.00,0.75
			Incoming node indices - 3,10,12,11,
			Outgoing node indices - 
[0]edge (0) from (0.00,0.80) to (1.00,0.75), or -4 -> -1
[1]edge (1) from (0.00,0.80) to (0.70,0.72), or -4 -> 1
[2]edge (2) from (0.70,0.72) to (1.00,0.75), or 1 -> -1
[3]edge (3) from (0.00,0.60) to (1.00,0.50), or -5 -> -2
[4]edge (4) from (0.70,0.72) to (0.90,0.75), or 1 -> 2
[5]edge (5) from (0.90,0.75) to (1.00,0.75), or 2 -> -1
[6]edge (24) from (0.00,0.20) to (1.00,0.25), or -7 -> -3
[7]edge (35) from (0.00,0.60) to (1.00,0.25), or -5 -> -3
[8]edge (58) from (0.00,0.60) to (0.90,0.75), or -5 -> 2
[9]edge (80) from (0.00,0.20) to (0.70,0.72), or -7 -> 1
[10]edge (90) from (0.70,0.72) to (0.80,0.67), or 1 -> 29
[11]edge (91) from (0.80,0.67) to (0.90,0.75), or 29 -> 2
[12]edge (103) from (0.00,0.80) to (0.30,0.80), or -4 -> 33
[13]edge (104) from (0.30,0.80) to (0.70,0.72), or 33 -> 1
[14]edge (105) from (0.00,0.80) to (0.80,0.67), or -4 -> 29
[15]edge (140) from (0.80,0.67) to (1.00,0.75), or 29 -> -1
[16]edge (204) from (0.00,0.20) to (0.10,0.20), or -7 -> 66
[17]edge (205) from (0.10,0.20) to (0.70,0.72), or 66 -> 1
[18]edge (228) from (0.00,0.60) to (0.20,0.60), or -5 -> 75
[19]edge (229) from (0.20,0.60) to (0.90,0.75), or 75 -> 2
[20]edge (263) from (0.80,0.67) to (1.00,0.50), or 29 -> -2
[21]edge (303) from (0.00,0.80) to (0.40,0.80), or -4 -> 97
[22]edge (304) from (0.40,0.80) to (0.80,0.67), or 97 -> 29
[23]edge (333) from (0.20,0.60) to (0.60,0.75), or 75 -> 105
[24]edge (334) from (0.60,0.75) to (0.90,0.75), or 105 -> 2
[25]edge (390) from (0.10,0.20) to (0.50,0.46), or 66 -> 122
[26]edge (391) from (0.50,0.46) to (0.70,0.72), or 122 -> 1






Infinity
Train Accuracy: 91.33333333333333%		Avg Cost: 1.1201333333333334
91.10643788165244
Train Accuracy: 66.66666666666667%		Avg Cost: 1.0040666666666667
66.65854982641167
Train Accuracy: 78.66666666666667%		Avg Cost: 1.0029333333333332
78.66080858765491
Train Accuracy: 75.33333333333333%		Avg Cost: 1.3470666666666666
74.73747455552667
]]></system-out>
  <system-err><![CDATA[]]></system-err>
</testsuite>
