<?xml version="1.0" encoding="UTF-8"?>
<testsuite name="IrisDatasetTest" tests="1" skipped="0" failures="1" errors="0" timestamp="2025-01-12T21:21:03" hostname="LEOQIAN" time="96.397">
  <properties/>
  <testcase name="testDataset()" classname="IrisDatasetTest" time="96.397">
    <failure message="java.lang.IndexOutOfBoundsException: Index 14 out of bounds for length 13" type="java.lang.IndexOutOfBoundsException">java.lang.IndexOutOfBoundsException: Index 14 out of bounds for length 13
	at java.base/jdk.internal.util.Preconditions.outOfBounds(Preconditions.java:100)
	at java.base/jdk.internal.util.Preconditions.outOfBoundsCheckIndex(Preconditions.java:106)
	at java.base/jdk.internal.util.Preconditions.checkIndex(Preconditions.java:302)
	at java.base/java.util.Objects.checkIndex(Objects.java:385)
	at java.base/java.util.ArrayList.get(ArrayList.java:427)
	at Genome.NN.classInv(NN.java:404)
	at Genome.Innovation.resetNodeCoords(Innovation.java:71)
	at Genome.Mutation.mutateNode(Mutation.java:129)
	at Genome.NN.mutate(NN.java:364)
	at Evolution.Agent.mutate(Agent.java:66)
	at Evolution.Evolution.nextGen(Evolution.java:75)
	at IrisDatasetTest.testDataset(IrisDatasetTest.java:67)
	at java.base/jdk.internal.reflect.DirectMethodHandleAccessor.invoke(DirectMethodHandleAccessor.java:103)
	at java.base/java.lang.reflect.Method.invoke(Method.java:580)
	at org.junit.platform.commons.util.ReflectionUtils.invokeMethod(ReflectionUtils.java:728)
	at org.junit.jupiter.engine.execution.MethodInvocation.proceed(MethodInvocation.java:60)
	at org.junit.jupiter.engine.execution.InvocationInterceptorChain$ValidatingInvocation.proceed(InvocationInterceptorChain.java:131)
	at org.junit.jupiter.engine.extension.TimeoutExtension.intercept(TimeoutExtension.java:156)
	at org.junit.jupiter.engine.extension.TimeoutExtension.interceptTestableMethod(TimeoutExtension.java:147)
	at org.junit.jupiter.engine.extension.TimeoutExtension.interceptTestMethod(TimeoutExtension.java:86)
	at org.junit.jupiter.engine.execution.InterceptingExecutableInvoker$ReflectiveInterceptorCall.lambda$ofVoidMethod$0(InterceptingExecutableInvoker.java:103)
	at org.junit.jupiter.engine.execution.InterceptingExecutableInvoker.lambda$invoke$0(InterceptingExecutableInvoker.java:93)
	at org.junit.jupiter.engine.execution.InvocationInterceptorChain$InterceptedInvocation.proceed(InvocationInterceptorChain.java:106)
	at org.junit.jupiter.engine.execution.InvocationInterceptorChain.proceed(InvocationInterceptorChain.java:64)
	at org.junit.jupiter.engine.execution.InvocationInterceptorChain.chainAndInvoke(InvocationInterceptorChain.java:45)
	at org.junit.jupiter.engine.execution.InvocationInterceptorChain.invoke(InvocationInterceptorChain.java:37)
	at org.junit.jupiter.engine.execution.InterceptingExecutableInvoker.invoke(InterceptingExecutableInvoker.java:92)
	at org.junit.jupiter.engine.execution.InterceptingExecutableInvoker.invoke(InterceptingExecutableInvoker.java:86)
	at org.junit.jupiter.engine.descriptor.TestMethodTestDescriptor.lambda$invokeTestMethod$7(TestMethodTestDescriptor.java:218)
	at org.junit.platform.engine.support.hierarchical.ThrowableCollector.execute(ThrowableCollector.java:73)
	at org.junit.jupiter.engine.descriptor.TestMethodTestDescriptor.invokeTestMethod(TestMethodTestDescriptor.java:214)
	at org.junit.jupiter.engine.descriptor.TestMethodTestDescriptor.execute(TestMethodTestDescriptor.java:139)
	at org.junit.jupiter.engine.descriptor.TestMethodTestDescriptor.execute(TestMethodTestDescriptor.java:69)
	at org.junit.platform.engine.support.hierarchical.NodeTestTask.lambda$executeRecursively$6(NodeTestTask.java:151)
	at org.junit.platform.engine.support.hierarchical.ThrowableCollector.execute(ThrowableCollector.java:73)
	at org.junit.platform.engine.support.hierarchical.NodeTestTask.lambda$executeRecursively$8(NodeTestTask.java:141)
	at org.junit.platform.engine.support.hierarchical.Node.around(Node.java:137)
	at org.junit.platform.engine.support.hierarchical.NodeTestTask.lambda$executeRecursively$9(NodeTestTask.java:139)
	at org.junit.platform.engine.support.hierarchical.ThrowableCollector.execute(ThrowableCollector.java:73)
	at org.junit.platform.engine.support.hierarchical.NodeTestTask.executeRecursively(NodeTestTask.java:138)
	at org.junit.platform.engine.support.hierarchical.NodeTestTask.execute(NodeTestTask.java:95)
	at java.base/java.util.ArrayList.forEach(ArrayList.java:1596)
	at org.junit.platform.engine.support.hierarchical.SameThreadHierarchicalTestExecutorService.invokeAll(SameThreadHierarchicalTestExecutorService.java:41)
	at org.junit.platform.engine.support.hierarchical.NodeTestTask.lambda$executeRecursively$6(NodeTestTask.java:155)
	at org.junit.platform.engine.support.hierarchical.ThrowableCollector.execute(ThrowableCollector.java:73)
	at org.junit.platform.engine.support.hierarchical.NodeTestTask.lambda$executeRecursively$8(NodeTestTask.java:141)
	at org.junit.platform.engine.support.hierarchical.Node.around(Node.java:137)
	at org.junit.platform.engine.support.hierarchical.NodeTestTask.lambda$executeRecursively$9(NodeTestTask.java:139)
	at org.junit.platform.engine.support.hierarchical.ThrowableCollector.execute(ThrowableCollector.java:73)
	at org.junit.platform.engine.support.hierarchical.NodeTestTask.executeRecursively(NodeTestTask.java:138)
	at org.junit.platform.engine.support.hierarchical.NodeTestTask.execute(NodeTestTask.java:95)
	at java.base/java.util.ArrayList.forEach(ArrayList.java:1596)
	at org.junit.platform.engine.support.hierarchical.SameThreadHierarchicalTestExecutorService.invokeAll(SameThreadHierarchicalTestExecutorService.java:41)
	at org.junit.platform.engine.support.hierarchical.NodeTestTask.lambda$executeRecursively$6(NodeTestTask.java:155)
	at org.junit.platform.engine.support.hierarchical.ThrowableCollector.execute(ThrowableCollector.java:73)
	at org.junit.platform.engine.support.hierarchical.NodeTestTask.lambda$executeRecursively$8(NodeTestTask.java:141)
	at org.junit.platform.engine.support.hierarchical.Node.around(Node.java:137)
	at org.junit.platform.engine.support.hierarchical.NodeTestTask.lambda$executeRecursively$9(NodeTestTask.java:139)
	at org.junit.platform.engine.support.hierarchical.ThrowableCollector.execute(ThrowableCollector.java:73)
	at org.junit.platform.engine.support.hierarchical.NodeTestTask.executeRecursively(NodeTestTask.java:138)
	at org.junit.platform.engine.support.hierarchical.NodeTestTask.execute(NodeTestTask.java:95)
	at org.junit.platform.engine.support.hierarchical.SameThreadHierarchicalTestExecutorService.submit(SameThreadHierarchicalTestExecutorService.java:35)
	at org.junit.platform.engine.support.hierarchical.HierarchicalTestExecutor.execute(HierarchicalTestExecutor.java:57)
	at org.junit.platform.engine.support.hierarchical.HierarchicalTestEngine.execute(HierarchicalTestEngine.java:54)
	at org.junit.platform.launcher.core.EngineExecutionOrchestrator.execute(EngineExecutionOrchestrator.java:107)
	at org.junit.platform.launcher.core.EngineExecutionOrchestrator.execute(EngineExecutionOrchestrator.java:88)
	at org.junit.platform.launcher.core.EngineExecutionOrchestrator.lambda$execute$0(EngineExecutionOrchestrator.java:54)
	at org.junit.platform.launcher.core.EngineExecutionOrchestrator.withInterceptedStreams(EngineExecutionOrchestrator.java:67)
	at org.junit.platform.launcher.core.EngineExecutionOrchestrator.execute(EngineExecutionOrchestrator.java:52)
	at org.junit.platform.launcher.core.DefaultLauncher.execute(DefaultLauncher.java:114)
	at org.junit.platform.launcher.core.DefaultLauncher.execute(DefaultLauncher.java:86)
	at org.junit.platform.launcher.core.DefaultLauncherSession$DelegatingLauncher.execute(DefaultLauncherSession.java:86)
	at org.gradle.api.internal.tasks.testing.junitplatform.JUnitPlatformTestClassProcessor$CollectAllTestClassesExecutor.processAllTestClasses(JUnitPlatformTestClassProcessor.java:119)
	at org.gradle.api.internal.tasks.testing.junitplatform.JUnitPlatformTestClassProcessor$CollectAllTestClassesExecutor.access$000(JUnitPlatformTestClassProcessor.java:94)
	at org.gradle.api.internal.tasks.testing.junitplatform.JUnitPlatformTestClassProcessor.stop(JUnitPlatformTestClassProcessor.java:89)
	at org.gradle.api.internal.tasks.testing.SuiteTestClassProcessor.stop(SuiteTestClassProcessor.java:62)
	at java.base/jdk.internal.reflect.DirectMethodHandleAccessor.invoke(DirectMethodHandleAccessor.java:103)
	at java.base/java.lang.reflect.Method.invoke(Method.java:580)
	at org.gradle.internal.dispatch.ReflectionDispatch.dispatch(ReflectionDispatch.java:36)
	at org.gradle.internal.dispatch.ReflectionDispatch.dispatch(ReflectionDispatch.java:24)
	at org.gradle.internal.dispatch.ContextClassLoaderDispatch.dispatch(ContextClassLoaderDispatch.java:33)
	at org.gradle.internal.dispatch.ProxyDispatchAdapter$DispatchingInvocationHandler.invoke(ProxyDispatchAdapter.java:94)
	at jdk.proxy1/jdk.proxy1.$Proxy2.stop(Unknown Source)
	at org.gradle.api.internal.tasks.testing.worker.TestWorker$3.run(TestWorker.java:193)
	at org.gradle.api.internal.tasks.testing.worker.TestWorker.executeAndMaintainThreadName(TestWorker.java:129)
	at org.gradle.api.internal.tasks.testing.worker.TestWorker.execute(TestWorker.java:100)
	at org.gradle.api.internal.tasks.testing.worker.TestWorker.execute(TestWorker.java:60)
	at org.gradle.process.internal.worker.child.ActionExecutionWorker.execute(ActionExecutionWorker.java:56)
	at org.gradle.process.internal.worker.child.SystemApplicationClassLoaderWorker.call(SystemApplicationClassLoaderWorker.java:119)
	at org.gradle.process.internal.worker.child.SystemApplicationClassLoaderWorker.call(SystemApplicationClassLoaderWorker.java:66)
	at worker.org.gradle.process.internal.worker.GradleWorkerMain.run(GradleWorkerMain.java:69)
	at worker.org.gradle.process.internal.worker.GradleWorkerMain.main(GradleWorkerMain.java:74)
</failure>
  </testcase>
  <system-out><![CDATA[Train Accuracy: 33.333333333333336%		Avg Cost: 1.9600666666666666
128.0620445925926
Train Accuracy: 33.333333333333336%		Avg Cost: 1.9095333333333333
121.54391837037038
Train Accuracy: 33.333333333333336%		Avg Cost: 1.9095333333333333
121.54391837037038
Train Accuracy: 33.333333333333336%		Avg Cost: 1.9095333333333333
121.54391837037038
Train Accuracy: 33.333333333333336%		Avg Cost: 1.9602
128.079468
Train Accuracy: 33.333333333333336%		Avg Cost: 1.9095333333333333
121.54391837037038
Train Accuracy: 33.333333333333336%		Avg Cost: 1.9095333333333333
121.54391837037038
Train Accuracy: 33.333333333333336%		Avg Cost: 1.9682666666666666
129.13578903703703
Train Accuracy: 33.333333333333336%		Avg Cost: 1.9095333333333333
121.54391837037038
Train Accuracy: 33.333333333333336%		Avg Cost: 1.9095333333333333
121.54391837037038
Train Accuracy: 33.333333333333336%		Avg Cost: 1.9095333333333333
121.54391837037038
Train Accuracy: 33.333333333333336%		Avg Cost: 1.9095333333333333
121.54391837037038
Train Accuracy: 33.333333333333336%		Avg Cost: 2.105933333333333
147.83184014814813
Train Accuracy: 33.333333333333336%		Avg Cost: 1.9265333333333334
123.7176894814815
Train Accuracy: 33.333333333333336%		Avg Cost: 1.9095333333333333
121.54391837037038
Train Accuracy: 33.333333333333336%		Avg Cost: 1.9095333333333333
121.54391837037038
Train Accuracy: 33.333333333333336%		Avg Cost: 1.9095333333333333
121.54391837037038
Train Accuracy: 33.333333333333336%		Avg Cost: 1.9608
128.15788800000004
Train Accuracy: 33.333333333333336%		Avg Cost: 1.8866666666666667
118.65037037037038
Train Accuracy: 33.333333333333336%		Avg Cost: 1.9095333333333333
121.54391837037038
Train Accuracy: 33.333333333333336%		Avg Cost: 1.9095333333333333
121.54391837037038
Train Accuracy: 33.333333333333336%		Avg Cost: 1.9095333333333333
121.54391837037038
Train Accuracy: 33.333333333333336%		Avg Cost: 1.9132
122.01114133333334
Train Accuracy: 33.333333333333336%		Avg Cost: 1.9095333333333333
121.54391837037038
Train Accuracy: 33.333333333333336%		Avg Cost: 1.9583333333333333
127.83564814814815
Train Accuracy: 33.333333333333336%		Avg Cost: 1.9095333333333333
121.54391837037038
Train Accuracy: 33.333333333333336%		Avg Cost: 1.9095333333333333
121.54391837037038
Train Accuracy: 33.333333333333336%		Avg Cost: 1.9857333333333334
131.4378957037037
Train Accuracy: 33.333333333333336%		Avg Cost: 2.046866666666667
139.6554383703704
Train Accuracy: 33.333333333333336%		Avg Cost: 1.9095333333333333
121.54391837037038
Train Accuracy: 33.333333333333336%		Avg Cost: 1.9095333333333333
121.54391837037038
Train Accuracy: 33.333333333333336%		Avg Cost: 1.9753333333333334
130.06472592592593
Train Accuracy: 33.333333333333336%		Avg Cost: 1.9095333333333333
121.54391837037038
Train Accuracy: 33.333333333333336%		Avg Cost: 1.9095333333333333
121.54391837037038
Train Accuracy: 33.333333333333336%		Avg Cost: 1.9095333333333333
121.54391837037038
Train Accuracy: 33.333333333333336%		Avg Cost: 1.9095333333333333
121.54391837037038
Train Accuracy: 33.333333333333336%		Avg Cost: 1.9095333333333333
121.54391837037038
Train Accuracy: 33.333333333333336%		Avg Cost: 1.9095333333333333
121.54391837037038
Train Accuracy: 33.333333333333336%		Avg Cost: 1.9095333333333333
121.54391837037038
Train Accuracy: 33.333333333333336%		Avg Cost: 1.9095333333333333
121.54391837037038
Train Accuracy: 33.333333333333336%		Avg Cost: 1.9095333333333333
121.54391837037038
Train Accuracy: 33.333333333333336%		Avg Cost: 1.9095333333333333
121.54391837037038
Train Accuracy: 33.333333333333336%		Avg Cost: 1.9095333333333333
121.54391837037038
Train Accuracy: 33.333333333333336%		Avg Cost: 1.9095333333333333
121.54391837037038
Train Accuracy: 33.333333333333336%		Avg Cost: 1.9095333333333333
121.54391837037038
Train Accuracy: 33.333333333333336%		Avg Cost: 1.8322
111.89856133333335
Train Accuracy: 33.333333333333336%		Avg Cost: 1.9095333333333333
121.54391837037038
Train Accuracy: 32.666666666666664%		Avg Cost: 1.9544666666666666
124.7847050696296
Train Accuracy: 33.333333333333336%		Avg Cost: 1.9095333333333333
121.54391837037038
Train Accuracy: 33.333333333333336%		Avg Cost: 1.9095333333333333
121.54391837037038
Train Accuracy: 33.333333333333336%		Avg Cost: 1.9095333333333333
121.54391837037038
Train Accuracy: 33.333333333333336%		Avg Cost: 1.9095333333333333
121.54391837037038
Train Accuracy: 33.333333333333336%		Avg Cost: 1.9519333333333333
127.00145792592593
Train Accuracy: 33.333333333333336%		Avg Cost: 1.9140666666666666
122.12170681481481
Train Accuracy: 33.333333333333336%		Avg Cost: 1.954
127.27053333333335
Train Accuracy: 33.333333333333336%		Avg Cost: 1.9095333333333333
121.54391837037038
Train Accuracy: 33.333333333333336%		Avg Cost: 1.9095333333333333
121.54391837037038
Train Accuracy: 33.333333333333336%		Avg Cost: 1.9095333333333333
121.54391837037038
Train Accuracy: 33.333333333333336%		Avg Cost: 1.9261333333333333
123.6663205925926
Train Accuracy: 33.333333333333336%		Avg Cost: 1.9095333333333333
121.54391837037038
Train Accuracy: 33.333333333333336%		Avg Cost: 1.9095333333333333
121.54391837037038
Train Accuracy: 33.333333333333336%		Avg Cost: 1.9095333333333333
121.54391837037038
Train Accuracy: 33.333333333333336%		Avg Cost: 1.9095333333333333
121.54391837037038
Train Accuracy: 33.333333333333336%		Avg Cost: 1.9482
126.51610799999999
Train Accuracy: 33.333333333333336%		Avg Cost: 1.9578
127.766028
Train Accuracy: 33.333333333333336%		Avg Cost: 1.8848666666666667
118.4240783703704
Train Accuracy: 33.333333333333336%		Avg Cost: 1.9095333333333333
121.54391837037038
Train Accuracy: 33.333333333333336%		Avg Cost: 1.9095333333333333
121.54391837037038
Train Accuracy: 33.333333333333336%		Avg Cost: 1.9095333333333333
121.54391837037038
Train Accuracy: 33.333333333333336%		Avg Cost: 1.9200666666666666
122.88853348148149
Train Accuracy: 33.333333333333336%		Avg Cost: 1.986
131.4732
Train Accuracy: 33.333333333333336%		Avg Cost: 1.9095333333333333
121.54391837037038
Train Accuracy: 33.333333333333336%		Avg Cost: 1.9519333333333333
127.00145792592593
Train Accuracy: 33.333333333333336%		Avg Cost: 1.9095333333333333
121.54391837037038
Train Accuracy: 33.333333333333336%		Avg Cost: 1.9660666666666666
128.84727125925926
Train Accuracy: 33.333333333333336%		Avg Cost: 1.9095333333333333
121.54391837037038
Train Accuracy: 33.333333333333336%		Avg Cost: 1.9095333333333333
121.54391837037038
Train Accuracy: 33.333333333333336%		Avg Cost: 1.9095333333333333
121.54391837037038
Train Accuracy: 33.333333333333336%		Avg Cost: 1.9095333333333333
121.54391837037038
Train Accuracy: 33.333333333333336%		Avg Cost: 1.9095333333333333
121.54391837037038
Train Accuracy: 33.333333333333336%		Avg Cost: 1.9095333333333333
121.54391837037038
Train Accuracy: 33.333333333333336%		Avg Cost: 1.9095333333333333
121.54391837037038
Train Accuracy: 33.333333333333336%		Avg Cost: 1.9095333333333333
121.54391837037038
Train Accuracy: 33.333333333333336%		Avg Cost: 1.9095333333333333
121.54391837037038
Train Accuracy: 33.333333333333336%		Avg Cost: 1.9095333333333333
121.54391837037038
Train Accuracy: 33.333333333333336%		Avg Cost: 1.9095333333333333
121.54391837037038
Train Accuracy: 33.333333333333336%		Avg Cost: 1.9095333333333333
121.54391837037038
Train Accuracy: 33.333333333333336%		Avg Cost: 1.9095333333333333
121.54391837037038
Train Accuracy: 33.333333333333336%		Avg Cost: 1.9095333333333333
121.54391837037038
Train Accuracy: 33.333333333333336%		Avg Cost: 1.9095333333333333
121.54391837037038
Train Accuracy: 33.333333333333336%		Avg Cost: 1.9095333333333333
121.54391837037038
Train Accuracy: 33.333333333333336%		Avg Cost: 1.9095333333333333
121.54391837037038
Train Accuracy: 33.333333333333336%		Avg Cost: 1.9095333333333333
121.54391837037038
Train Accuracy: 33.333333333333336%		Avg Cost: 2.0552
140.79490133333337
Train Accuracy: 33.333333333333336%		Avg Cost: 1.9095333333333333
121.54391837037038
Train Accuracy: 33.333333333333336%		Avg Cost: 1.9095333333333333
121.54391837037038
Train Accuracy: 33.333333333333336%		Avg Cost: 1.9095333333333333
121.54391837037038
Train Accuracy: 33.333333333333336%		Avg Cost: 1.9095333333333333
121.54391837037038
Train Accuracy: 33.333333333333336%		Avg Cost: 1.9095333333333333
121.54391837037038
Train Accuracy: 33.333333333333336%		Avg Cost: 1.9095333333333333
121.54391837037038
Generation score: 12309.344761958533
Train Accuracy: 33.333333333333336%		Avg Cost: 1.9095333333333333
121.54391837037038
Train Accuracy: 33.333333333333336%		Avg Cost: 1.9095333333333333
121.54391837037038
Train Accuracy: 33.333333333333336%		Avg Cost: 1.9095333333333333
121.54391837037038
Train Accuracy: 33.333333333333336%		Avg Cost: 1.9524666666666666
127.07086948148148
Train Accuracy: 33.333333333333336%		Avg Cost: 1.9095333333333333
121.54391837037038
Train Accuracy: 33.333333333333336%		Avg Cost: 1.915
122.24083333333334
Train Accuracy: 33.333333333333336%		Avg Cost: 1.9095333333333333
121.54391837037038
Train Accuracy: 33.333333333333336%		Avg Cost: 1.9095333333333333
121.54391837037038
Train Accuracy: 33.333333333333336%		Avg Cost: 1.9095333333333333
121.54391837037038
Train Accuracy: 33.333333333333336%		Avg Cost: 1.9265333333333334
123.7176894814815
Train Accuracy: 33.333333333333336%		Avg Cost: 1.9095333333333333
121.54391837037038
Train Accuracy: 33.333333333333336%		Avg Cost: 1.9095333333333333
121.54391837037038
Train Accuracy: 33.333333333333336%		Avg Cost: 1.9095333333333333
121.54391837037038
Train Accuracy: 33.333333333333336%		Avg Cost: 1.9095333333333333
121.54391837037038
Train Accuracy: 33.333333333333336%		Avg Cost: 1.9095333333333333
121.54391837037038
Train Accuracy: 33.333333333333336%		Avg Cost: 1.9095333333333333
121.54391837037038
Train Accuracy: 33.333333333333336%		Avg Cost: 1.9095333333333333
121.54391837037038
Train Accuracy: 33.333333333333336%		Avg Cost: 1.9095333333333333
121.54391837037038
Train Accuracy: 33.333333333333336%		Avg Cost: 1.9095333333333333
121.54391837037038
Train Accuracy: 33.333333333333336%		Avg Cost: 1.9095333333333333
121.54391837037038
Train Accuracy: 33.333333333333336%		Avg Cost: 1.9782666666666666
130.45130014814816
Train Accuracy: 33.333333333333336%		Avg Cost: 1.9095333333333333
121.54391837037038
Train Accuracy: 33.333333333333336%		Avg Cost: 1.9095333333333333
121.54391837037038
Train Accuracy: 33.333333333333336%		Avg Cost: 1.9283333333333332
123.9489814814815
Train Accuracy: 32.666666666666664%		Avg Cost: 1.9544666666666666
124.7847050696296
Train Accuracy: 33.333333333333336%		Avg Cost: 1.9095333333333333
121.54391837037038
Train Accuracy: 33.333333333333336%		Avg Cost: 1.951
126.88003333333336
Train Accuracy: 33.333333333333336%		Avg Cost: 1.9095333333333333
121.54391837037038
Train Accuracy: 33.333333333333336%		Avg Cost: 1.9095333333333333
121.54391837037038
Train Accuracy: 33.333333333333336%		Avg Cost: 1.9095333333333333
121.54391837037038
Train Accuracy: 33.333333333333336%		Avg Cost: 1.9095333333333333
121.54391837037038
Train Accuracy: 33.333333333333336%		Avg Cost: 1.9095333333333333
121.54391837037038
Train Accuracy: 33.333333333333336%		Avg Cost: 2.105933333333333
147.83184014814813
Train Accuracy: 33.333333333333336%		Avg Cost: 1.9095333333333333
121.54391837037038
Train Accuracy: 33.333333333333336%		Avg Cost: 1.9095333333333333
121.54391837037038
Train Accuracy: 33.333333333333336%		Avg Cost: 1.9095333333333333
121.54391837037038
Train Accuracy: 33.333333333333336%		Avg Cost: 1.9526
127.08822533333334
Train Accuracy: 33.333333333333336%		Avg Cost: 1.9095333333333333
121.54391837037038
Train Accuracy: 33.333333333333336%		Avg Cost: 1.985
131.34083333333334
Train Accuracy: 33.333333333333336%		Avg Cost: 2.0496
140.028672
Train Accuracy: 33.333333333333336%		Avg Cost: 2.131066666666667
151.38150459259262
Train Accuracy: 33.333333333333336%		Avg Cost: 1.9095333333333333
121.54391837037038
Train Accuracy: 33.333333333333336%		Avg Cost: 1.9519333333333333
127.00145792592593
Train Accuracy: 33.333333333333336%		Avg Cost: 1.9095333333333333
121.54391837037038
Train Accuracy: 33.333333333333336%		Avg Cost: 2.0552
140.79490133333337
Train Accuracy: 33.333333333333336%		Avg Cost: 1.9095333333333333
121.54391837037038
Train Accuracy: 33.333333333333336%		Avg Cost: 1.9095333333333333
121.54391837037038
Train Accuracy: 33.333333333333336%		Avg Cost: 1.9522666666666666
127.04483792592592
Train Accuracy: 33.333333333333336%		Avg Cost: 1.9095333333333333
121.54391837037038
Train Accuracy: 33.333333333333336%		Avg Cost: 1.9095333333333333
121.54391837037038
Train Accuracy: 33.333333333333336%		Avg Cost: 1.9095333333333333
121.54391837037038
Train Accuracy: 33.333333333333336%		Avg Cost: 1.9511333333333334
126.89737614814818
Train Accuracy: 33.333333333333336%		Avg Cost: 1.9439333333333333
125.96256014814816
Train Accuracy: 33.333333333333336%		Avg Cost: 1.9880666666666666
131.74696903703705
Train Accuracy: 33.333333333333336%		Avg Cost: 1.9095333333333333
121.54391837037038
Train Accuracy: 33.333333333333336%		Avg Cost: 1.9753333333333334
130.06472592592593
Train Accuracy: 33.333333333333336%		Avg Cost: 1.9095333333333333
121.54391837037038
Train Accuracy: 33.333333333333336%		Avg Cost: 1.9095333333333333
121.54391837037038
Train Accuracy: 33.333333333333336%		Avg Cost: 1.9303333333333332
124.20622592592592
Train Accuracy: 33.333333333333336%		Avg Cost: 1.964
128.57653333333334
Train Accuracy: 33.333333333333336%		Avg Cost: 1.9095333333333333
121.54391837037038
Train Accuracy: 33.333333333333336%		Avg Cost: 1.9095333333333333
121.54391837037038
Train Accuracy: 33.333333333333336%		Avg Cost: 1.9095333333333333
121.54391837037038
Train Accuracy: 33.333333333333336%		Avg Cost: 1.9095333333333333
121.54391837037038
Train Accuracy: 33.333333333333336%		Avg Cost: 1.9095333333333333
121.54391837037038
Train Accuracy: 33.333333333333336%		Avg Cost: 1.9200666666666666
122.88853348148149
Train Accuracy: 33.333333333333336%		Avg Cost: 1.9095333333333333
121.54391837037038
Train Accuracy: 33.333333333333336%		Avg Cost: 1.943
125.84163333333336
Train Accuracy: 33.333333333333336%		Avg Cost: 1.9095333333333333
121.54391837037038
Train Accuracy: 33.333333333333336%		Avg Cost: 1.9536666666666667
127.22711481481481
Train Accuracy: 33.333333333333336%		Avg Cost: 1.9095333333333333
121.54391837037038
Train Accuracy: 33.333333333333336%		Avg Cost: 1.9095333333333333
121.54391837037038
Train Accuracy: 33.333333333333336%		Avg Cost: 1.9095333333333333
121.54391837037038
Train Accuracy: 33.333333333333336%		Avg Cost: 1.9132
122.01114133333334
Train Accuracy: 33.333333333333336%		Avg Cost: 1.9482
126.51610799999999
Train Accuracy: 33.333333333333336%		Avg Cost: 1.9095333333333333
121.54391837037038
Train Accuracy: 33.333333333333336%		Avg Cost: 1.9095333333333333
121.54391837037038
Train Accuracy: 33.333333333333336%		Avg Cost: 1.9095333333333333
121.54391837037038
Train Accuracy: 33.333333333333336%		Avg Cost: 1.9095333333333333
121.54391837037038
Train Accuracy: 33.333333333333336%		Avg Cost: 1.9095333333333333
121.54391837037038
Train Accuracy: 33.333333333333336%		Avg Cost: 1.96
128.05333333333334
Train Accuracy: 33.333333333333336%		Avg Cost: 1.9095333333333333
121.54391837037038
Train Accuracy: 33.333333333333336%		Avg Cost: 2.0342666666666664
137.94136237037034
Train Accuracy: 33.333333333333336%		Avg Cost: 1.9095333333333333
121.54391837037038
Train Accuracy: 32.666666666666664%		Avg Cost: 1.9544666666666666
124.7847050696296
Train Accuracy: 33.333333333333336%		Avg Cost: 1.9095333333333333
121.54391837037038
Train Accuracy: 33.333333333333336%		Avg Cost: 1.9095333333333333
121.54391837037038
Train Accuracy: 33.333333333333336%		Avg Cost: 1.9095333333333333
121.54391837037038
Train Accuracy: 33.333333333333336%		Avg Cost: 1.9095333333333333
121.54391837037038
Train Accuracy: 33.333333333333336%		Avg Cost: 1.9857333333333334
131.4378957037037
Train Accuracy: 33.333333333333336%		Avg Cost: 1.9566
127.60945199999999
Train Accuracy: 32.666666666666664%		Avg Cost: 1.9544666666666666
124.7847050696296
Train Accuracy: 33.333333333333336%		Avg Cost: 1.9140666666666666
122.12170681481481
Train Accuracy: 33.333333333333336%		Avg Cost: 1.9095333333333333
121.54391837037038
Train Accuracy: 33.333333333333336%		Avg Cost: 1.9802666666666666
130.71520237037038
Train Accuracy: 33.333333333333336%		Avg Cost: 1.986
131.4732
Train Accuracy: 33.333333333333336%		Avg Cost: 1.8848666666666667
118.4240783703704
Train Accuracy: 33.333333333333336%		Avg Cost: 1.9921333333333333
132.28650725925928
Train Accuracy: 33.333333333333336%		Avg Cost: 1.9095333333333333
121.54391837037038
Train Accuracy: 33.333333333333336%		Avg Cost: 1.9095333333333333
121.54391837037038
Generation score: 12430.444612097783
Train Accuracy: 32.666666666666664%		Avg Cost: 1.9544666666666666
124.7847050696296
Train Accuracy: 33.333333333333336%		Avg Cost: 1.9265333333333334
123.7176894814815
Train Accuracy: 33.333333333333336%		Avg Cost: 1.9200666666666666
122.88853348148149
Train Accuracy: 33.333333333333336%		Avg Cost: 1.994
132.53453333333334
Train Accuracy: 33.333333333333336%		Avg Cost: 1.9095333333333333
121.54391837037038
Train Accuracy: 33.333333333333336%		Avg Cost: 1.9095333333333333
121.54391837037038
Train Accuracy: 33.333333333333336%		Avg Cost: 1.9095333333333333
121.54391837037038
Train Accuracy: 33.333333333333336%		Avg Cost: 1.9095333333333333
121.54391837037038
Train Accuracy: 33.333333333333336%		Avg Cost: 1.9095333333333333
121.54391837037038
Train Accuracy: 33.333333333333336%		Avg Cost: 1.9095333333333333
121.54391837037038
Train Accuracy: 33.333333333333336%		Avg Cost: 1.9095333333333333
121.54391837037038
Train Accuracy: 33.333333333333336%		Avg Cost: 1.9095333333333333
121.54391837037038
Train Accuracy: 33.333333333333336%		Avg Cost: 1.9888666666666666
131.85302059259257
Train Accuracy: 33.333333333333336%		Avg Cost: 1.9316
124.36928533333334
Train Accuracy: 33.333333333333336%		Avg Cost: 1.9095333333333333
121.54391837037038
Train Accuracy: 33.333333333333336%		Avg Cost: 1.9095333333333333
121.54391837037038
Train Accuracy: 33.333333333333336%		Avg Cost: 1.9095333333333333
121.54391837037038
Train Accuracy: 33.333333333333336%		Avg Cost: 1.9095333333333333
121.54391837037038
Train Accuracy: 33.333333333333336%		Avg Cost: 1.9095333333333333
121.54391837037038
Train Accuracy: 33.333333333333336%		Avg Cost: 1.916
122.36853333333333
Train Accuracy: 33.333333333333336%		Avg Cost: 1.9095333333333333
121.54391837037038
Train Accuracy: 33.333333333333336%		Avg Cost: 1.9095333333333333
121.54391837037038
Train Accuracy: 33.333333333333336%		Avg Cost: 1.9095333333333333
121.54391837037038
Train Accuracy: 33.333333333333336%		Avg Cost: 1.9667333333333332
128.9346668148148
Train Accuracy: 33.333333333333336%		Avg Cost: 1.9095333333333333
121.54391837037038
Train Accuracy: 33.333333333333336%		Avg Cost: 1.953
127.14030000000002
Train Accuracy: 33.333333333333336%		Avg Cost: 1.9741333333333333
129.90674725925925
Train Accuracy: 33.333333333333336%		Avg Cost: 1.9466
126.30838533333335
Train Accuracy: 33.333333333333336%		Avg Cost: 1.9095333333333333
121.54391837037038
Train Accuracy: 33.333333333333336%		Avg Cost: 1.9095333333333333
121.54391837037038
Train Accuracy: 33.333333333333336%		Avg Cost: 1.9095333333333333
121.54391837037038
Train Accuracy: 33.333333333333336%		Avg Cost: 1.9095333333333333
121.54391837037038
Train Accuracy: 33.333333333333336%		Avg Cost: 1.9095333333333333
121.54391837037038
Train Accuracy: 33.333333333333336%		Avg Cost: 1.9095333333333333
121.54391837037038
Train Accuracy: 33.333333333333336%		Avg Cost: 1.957
127.66163333333334
Train Accuracy: 33.333333333333336%		Avg Cost: 2.050133333333333
140.10155614814812
Train Accuracy: 33.333333333333336%		Avg Cost: 1.9753333333333334
130.06472592592593
Train Accuracy: 32.666666666666664%		Avg Cost: 1.9544666666666666
124.7847050696296
Train Accuracy: 33.333333333333336%		Avg Cost: 1.9095333333333333
121.54391837037038
Train Accuracy: 33.333333333333336%		Avg Cost: 1.9466
126.30838533333335
Train Accuracy: 33.333333333333336%		Avg Cost: 1.9581333333333333
127.80953837037036
Train Accuracy: 33.333333333333336%		Avg Cost: 1.9095333333333333
121.54391837037038
Train Accuracy: 33.333333333333336%		Avg Cost: 1.9095333333333333
121.54391837037038
Train Accuracy: 33.333333333333336%		Avg Cost: 1.9095333333333333
121.54391837037038
Train Accuracy: 33.333333333333336%		Avg Cost: 1.9095333333333333
121.54391837037038
Train Accuracy: 33.333333333333336%		Avg Cost: 1.9095333333333333
121.54391837037038
Train Accuracy: 33.333333333333336%		Avg Cost: 1.9302
124.189068
Train Accuracy: 33.333333333333336%		Avg Cost: 1.9095333333333333
121.54391837037038
Train Accuracy: 33.333333333333336%		Avg Cost: 1.9303333333333332
124.20622592592592
Train Accuracy: 33.333333333333336%		Avg Cost: 1.9095333333333333
121.54391837037038
Train Accuracy: 33.333333333333336%		Avg Cost: 1.9095333333333333
121.54391837037038
Train Accuracy: 33.333333333333336%		Avg Cost: 1.9095333333333333
121.54391837037038
Train Accuracy: 33.333333333333336%		Avg Cost: 1.9095333333333333
121.54391837037038
Train Accuracy: 33.333333333333336%		Avg Cost: 1.9576
127.73992533333336
Train Accuracy: 33.333333333333336%		Avg Cost: 1.9479333333333333
126.4814757037037
Train Accuracy: 33.333333333333336%		Avg Cost: 1.9514
126.93206533333334
Train Accuracy: 33.333333333333336%		Avg Cost: 1.9518666666666666
126.99278281481483
Train Accuracy: 33.333333333333336%		Avg Cost: 1.9095333333333333
121.54391837037038
Train Accuracy: 33.333333333333336%		Avg Cost: 1.9095333333333333
121.54391837037038
Train Accuracy: 33.333333333333336%		Avg Cost: 1.9095333333333333
121.54391837037038
Train Accuracy: 33.333333333333336%		Avg Cost: 1.9594
127.97494533333334
Train Accuracy: 33.333333333333336%		Avg Cost: 1.9452
126.12676800000001
Train Accuracy: 33.333333333333336%		Avg Cost: 1.9484666666666666
126.55074503703703
Train Accuracy: 33.333333333333336%		Avg Cost: 1.986
131.4732
Train Accuracy: 33.333333333333336%		Avg Cost: 1.9095333333333333
121.54391837037038
Train Accuracy: 33.333333333333336%		Avg Cost: 1.9095333333333333
121.54391837037038
Train Accuracy: 33.333333333333336%		Avg Cost: 1.9095333333333333
121.54391837037038
Train Accuracy: 33.333333333333336%		Avg Cost: 2.001333333333333
133.51117037037037
Train Accuracy: 33.333333333333336%		Avg Cost: 1.9095333333333333
121.54391837037038
Train Accuracy: 33.333333333333336%		Avg Cost: 1.9095333333333333
121.54391837037038
Train Accuracy: 33.333333333333336%		Avg Cost: 1.9095333333333333
121.54391837037038
Train Accuracy: 33.333333333333336%		Avg Cost: 1.9095333333333333
121.54391837037038
Train Accuracy: 33.333333333333336%		Avg Cost: 1.9095333333333333
121.54391837037038
Train Accuracy: 33.333333333333336%		Avg Cost: 1.985
131.34083333333334
Train Accuracy: 33.333333333333336%		Avg Cost: 2.131066666666667
151.38150459259262
Train Accuracy: 33.333333333333336%		Avg Cost: 1.9558666666666666
127.51381392592593
Train Accuracy: 33.333333333333336%		Avg Cost: 1.9095333333333333
121.54391837037038
Train Accuracy: 33.333333333333336%		Avg Cost: 1.9265333333333334
123.7176894814815
Train Accuracy: 33.333333333333336%		Avg Cost: 1.9095333333333333
121.54391837037038
Train Accuracy: 33.333333333333336%		Avg Cost: 1.9095333333333333
121.54391837037038
Train Accuracy: 33.333333333333336%		Avg Cost: 1.9842
131.234988
Train Accuracy: 33.333333333333336%		Avg Cost: 1.9095333333333333
121.54391837037038
Train Accuracy: 33.333333333333336%		Avg Cost: 1.9486666666666668
126.57672592592594
Train Accuracy: 33.333333333333336%		Avg Cost: 2.1411333333333333
152.81506503703704
Train Accuracy: 33.333333333333336%		Avg Cost: 1.9095333333333333
121.54391837037038
Train Accuracy: 33.333333333333336%		Avg Cost: 1.9503333333333333
126.79333703703705
Train Accuracy: 33.333333333333336%		Avg Cost: 2.0342666666666664
137.94136237037034
Train Accuracy: 33.333333333333336%		Avg Cost: 1.9095333333333333
121.54391837037038
Train Accuracy: 33.333333333333336%		Avg Cost: 1.9095333333333333
121.54391837037038
Train Accuracy: 33.333333333333336%		Avg Cost: 1.9095333333333333
121.54391837037038
Train Accuracy: 33.333333333333336%		Avg Cost: 1.9880666666666666
131.74696903703705
Train Accuracy: 33.333333333333336%		Avg Cost: 1.9095333333333333
121.54391837037038
Train Accuracy: 33.333333333333336%		Avg Cost: 1.8857333333333333
118.53300681481481
Train Accuracy: 33.333333333333336%		Avg Cost: 1.9095333333333333
121.54391837037038
Train Accuracy: 33.333333333333336%		Avg Cost: 2.0126
135.01862533333335
Train Accuracy: 33.333333333333336%		Avg Cost: 1.9482
126.51610799999999
Train Accuracy: 33.333333333333336%		Avg Cost: 1.9095333333333333
Train Accuracy: 33.333333333333336%		Avg Cost: 1.9095333333333333
121.54391837037038
121.54391837037038
Train Accuracy: 33.333333333333336%		Avg Cost: 1.9443333333333332
126.0144037037037
Train Accuracy: 33.333333333333336%		Avg Cost: 1.9095333333333333
121.54391837037038
Generation score: 12470.407014139264
Train Accuracy: 33.333333333333336%		Avg Cost: 1.9095333333333333
121.54391837037038
Train Accuracy: 33.333333333333336%		Avg Cost: 1.9888666666666666
131.85302059259257
Train Accuracy: 33.333333333333336%		Avg Cost: 1.9303333333333332
124.20622592592592
Train Accuracy: 33.333333333333336%		Avg Cost: 1.9095333333333333
121.54391837037038
Train Accuracy: 33.333333333333336%		Avg Cost: 1.9095333333333333
121.54391837037038
Train Accuracy: 33.333333333333336%		Avg Cost: 1.9095333333333333
121.54391837037038
Train Accuracy: 33.333333333333336%		Avg Cost: 1.9584666666666666
127.85305614814816
Train Accuracy: 33.333333333333336%		Avg Cost: 1.9095333333333333
121.54391837037038
Train Accuracy: 33.333333333333336%		Avg Cost: 1.9480666666666666
126.49879125925925
Train Accuracy: 33.333333333333336%		Avg Cost: 1.9095333333333333
121.54391837037038
Train Accuracy: 33.333333333333336%		Avg Cost: 1.9095333333333333
121.54391837037038
Train Accuracy: 33.333333333333336%		Avg Cost: 1.9095333333333333
121.54391837037038
Train Accuracy: 33.333333333333336%		Avg Cost: 1.9095333333333333
121.54391837037038
Train Accuracy: 33.333333333333336%		Avg Cost: 1.9095333333333333
121.54391837037038
Train Accuracy: 33.333333333333336%		Avg Cost: 1.9095333333333333
121.54391837037038
Train Accuracy: 33.333333333333336%		Avg Cost: 1.9095333333333333
121.54391837037038
Train Accuracy: 33.333333333333336%		Avg Cost: 1.9095333333333333
121.54391837037038
Train Accuracy: 32.666666666666664%		Avg Cost: 1.9544666666666666
124.7847050696296
Train Accuracy: 33.333333333333336%		Avg Cost: 2.0126
135.01862533333335
Train Accuracy: 33.333333333333336%		Avg Cost: 1.9463333333333332
126.27378148148148
Train Accuracy: 33.333333333333336%		Avg Cost: 2.0502
140.110668
Train Accuracy: 33.333333333333336%		Avg Cost: 1.9753333333333334
130.06472592592593
Train Accuracy: 33.333333333333336%		Avg Cost: 2.0108
134.77722133333336
Train Accuracy: 33.333333333333336%		Avg Cost: 1.9095333333333333
121.54391837037038
Train Accuracy: 33.333333333333336%		Avg Cost: 1.9594
127.97494533333334
Train Accuracy: 33.333333333333336%		Avg Cost: 1.9095333333333333
121.54391837037038
Train Accuracy: 33.333333333333336%		Avg Cost: 1.9880666666666666
131.74696903703705
Train Accuracy: 33.333333333333336%		Avg Cost: 1.9095333333333333
121.54391837037038
Train Accuracy: 33.333333333333336%		Avg Cost: 1.9342666666666666
124.71291792592592
Train Accuracy: 33.333333333333336%		Avg Cost: 1.9588
127.89658133333334
Train Accuracy: 33.333333333333336%		Avg Cost: 2.0342666666666664
137.94136237037034
Train Accuracy: 33.333333333333336%		Avg Cost: 1.9095333333333333
121.54391837037038
Train Accuracy: 33.333333333333336%		Avg Cost: 1.9095333333333333
121.54391837037038
Train Accuracy: 33.333333333333336%		Avg Cost: 1.9947333333333332
132.6320357037037
Train Accuracy: 33.333333333333336%		Avg Cost: 1.9095333333333333
121.54391837037038
Train Accuracy: 33.333333333333336%		Avg Cost: 1.9095333333333333
121.54391837037038
Train Accuracy: 33.333333333333336%		Avg Cost: 1.9272666666666667
123.81189348148149
Train Accuracy: 33.333333333333336%		Avg Cost: 1.9095333333333333
121.54391837037038
Train Accuracy: 33.333333333333336%		Avg Cost: 1.9095333333333333
121.54391837037038
Train Accuracy: 33.333333333333336%		Avg Cost: 1.9095333333333333
121.54391837037038
Train Accuracy: 33.333333333333336%		Avg Cost: 1.9095333333333333
121.54391837037038
Train Accuracy: 33.333333333333336%		Avg Cost: 1.9446666666666668
126.05761481481485
Train Accuracy: 33.333333333333336%		Avg Cost: 1.9095333333333333
121.54391837037038
Train Accuracy: 33.333333333333336%		Avg Cost: 1.9095333333333333
121.54391837037038
Train Accuracy: 33.333333333333336%		Avg Cost: 1.9095333333333333
121.54391837037038
Train Accuracy: 33.333333333333336%		Avg Cost: 1.9841333333333333
131.2261694814815
Train Accuracy: 33.333333333333336%		Avg Cost: 1.9095333333333333
121.54391837037038
Train Accuracy: 33.333333333333336%		Avg Cost: 1.9227333333333334
123.23011570370372
Train Accuracy: 33.333333333333336%		Avg Cost: 1.9095333333333333
121.54391837037038
Train Accuracy: 33.333333333333336%		Avg Cost: 1.9095333333333333
121.54391837037038
Train Accuracy: 33.333333333333336%		Avg Cost: 1.9095333333333333
121.54391837037038
Train Accuracy: 33.333333333333336%		Avg Cost: 1.9095333333333333
121.54391837037038
Train Accuracy: 33.333333333333336%		Avg Cost: 2.0342666666666664
137.94136237037034
Train Accuracy: 33.333333333333336%		Avg Cost: 2.002066666666667
133.6090312592593
Train Accuracy: 33.333333333333336%		Avg Cost: 1.9274
123.82902533333333
Train Accuracy: 33.333333333333336%		Avg Cost: 1.9650666666666667
128.7162334814815
Train Accuracy: 33.333333333333336%		Avg Cost: 1.9571333333333334
127.67902948148149
Train Accuracy: 33.333333333333336%		Avg Cost: 1.9696
129.31080533333335
Train Accuracy: 33.333333333333336%		Avg Cost: 1.9095333333333333
121.54391837037038
Train Accuracy: 33.333333333333336%		Avg Cost: 1.9095333333333333
121.54391837037038
Train Accuracy: 33.333333333333336%		Avg Cost: 1.9095333333333333
121.54391837037038
Train Accuracy: 33.333333333333336%		Avg Cost: 1.957
127.66163333333334
Train Accuracy: 33.333333333333336%		Avg Cost: 1.9095333333333333
121.54391837037038
Train Accuracy: 33.333333333333336%		Avg Cost: 1.9095333333333333
121.54391837037038
Train Accuracy: 33.333333333333336%		Avg Cost: 1.9462666666666666
126.26513125925928
Train Accuracy: 33.333333333333336%		Avg Cost: 1.9095333333333333
121.54391837037038
Train Accuracy: 33.333333333333336%		Avg Cost: 1.9095333333333333
121.54391837037038
Train Accuracy: 33.333333333333336%		Avg Cost: 1.9095333333333333
121.54391837037038
Train Accuracy: 33.333333333333336%		Avg Cost: 1.9095333333333333
121.54391837037038
Train Accuracy: 33.333333333333336%		Avg Cost: 1.9518666666666666
126.99278281481483
Train Accuracy: 33.333333333333336%		Avg Cost: 2.1411333333333333
152.81506503703704
Train Accuracy: 33.333333333333336%		Avg Cost: 1.9095333333333333
121.54391837037038
Train Accuracy: 33.333333333333336%		Avg Cost: 1.9095333333333333
121.54391837037038
Train Accuracy: 33.333333333333336%		Avg Cost: 1.9466
126.30838533333335
Train Accuracy: 33.333333333333336%		Avg Cost: 1.9594
127.97494533333334
Train Accuracy: 33.333333333333336%		Avg Cost: 1.916
122.36853333333333
Train Accuracy: 33.333333333333336%		Avg Cost: 1.9473333333333334
126.40357037037037
Train Accuracy: 33.333333333333336%		Avg Cost: 1.9095333333333333
121.54391837037038
Train Accuracy: 33.333333333333336%		Avg Cost: 1.9095333333333333
121.54391837037038
Train Accuracy: 33.333333333333336%		Avg Cost: 1.9095333333333333
121.54391837037038
Train Accuracy: 33.333333333333336%		Avg Cost: 1.9095333333333333
121.54391837037038
Train Accuracy: 33.333333333333336%		Avg Cost: 1.9095333333333333
121.54391837037038
Train Accuracy: 33.333333333333336%		Avg Cost: 1.9095333333333333
121.54391837037038
Train Accuracy: 33.333333333333336%		Avg Cost: 1.9916666666666667
132.22453703703707
Train Accuracy: 33.333333333333336%		Avg Cost: 1.9517333333333333
126.9754334814815
Train Accuracy: 33.333333333333336%		Avg Cost: 1.9095333333333333
121.54391837037038
Train Accuracy: 33.333333333333336%		Avg Cost: 1.9095333333333333
121.54391837037038
Train Accuracy: 33.333333333333336%		Avg Cost: 1.985
131.34083333333334
Train Accuracy: 33.333333333333336%		Avg Cost: 1.9842
131.234988
Train Accuracy: 33.333333333333336%		Avg Cost: 1.9095333333333333
121.54391837037038
Train Accuracy: 33.333333333333336%		Avg Cost: 1.9580666666666666
127.80083570370371
Train Accuracy: 33.333333333333336%		Avg Cost: 1.9502666666666666
126.78466903703703
Train Accuracy: 32.666666666666664%		Avg Cost: 1.9546666666666668
124.81024474074074
Train Accuracy: 33.333333333333336%		Avg Cost: 1.9095333333333333
121.54391837037038
Train Accuracy: 33.333333333333336%		Avg Cost: 2.131066666666667
151.38150459259262
Train Accuracy: 33.333333333333336%		Avg Cost: 1.9095333333333333
121.54391837037038
Train Accuracy: 33.333333333333336%		Avg Cost: 1.8857333333333333
118.53300681481481
Train Accuracy: 33.333333333333336%		Avg Cost: 1.9095333333333333
121.54391837037038
Train Accuracy: 33.333333333333336%		Avg Cost: 1.986
131.4732
Train Accuracy: 33.333333333333336%		Avg Cost: 1.9452666666666667
126.1354134814815
Generation score: 12520.157136921485
Train Accuracy: 33.333333333333336%		Avg Cost: 1.9160666666666666
122.37704903703704
Train Accuracy: 33.333333333333336%		Avg Cost: 1.9095333333333333
121.54391837037038
Train Accuracy: 33.333333333333336%		Avg Cost: 1.9303333333333332
124.20622592592592
Train Accuracy: 33.333333333333336%		Avg Cost: 1.9753333333333334
130.06472592592593
Train Accuracy: 33.333333333333336%		Avg Cost: 1.9888666666666666
131.85302059259257
Train Accuracy: 33.333333333333336%		Avg Cost: 1.9571333333333334
127.67902948148149
Train Accuracy: 33.333333333333336%		Avg Cost: 1.9095333333333333
121.54391837037038
Train Accuracy: 33.333333333333336%		Avg Cost: 1.9364666666666666
124.99677170370371
Train Accuracy: 33.333333333333336%		Avg Cost: 1.9456666666666667
126.18729259259258
Train Accuracy: 33.333333333333336%		Avg Cost: 1.9271333333333334
123.79476281481482
Train Accuracy: 33.333333333333336%		Avg Cost: 1.995
132.66750000000005
Train Accuracy: 33.333333333333336%		Avg Cost: 1.9095333333333333
121.54391837037038
Train Accuracy: 33.333333333333336%		Avg Cost: 1.9472666666666667
126.39491570370372
Train Accuracy: 33.333333333333336%		Avg Cost: 1.9095333333333333
121.54391837037038
Train Accuracy: 33.333333333333336%		Avg Cost: 1.9095333333333333
121.54391837037038
Train Accuracy: 33.333333333333336%		Avg Cost: 1.9095333333333333
121.54391837037038
Train Accuracy: 33.333333333333336%		Avg Cost: 1.9095333333333333
121.54391837037038
Train Accuracy: 33.333333333333336%		Avg Cost: 1.9095333333333333
121.54391837037038
Train Accuracy: 33.333333333333336%		Avg Cost: 1.9095333333333333
121.54391837037038
Train Accuracy: 33.333333333333336%		Avg Cost: 1.9095333333333333
121.54391837037038
Train Accuracy: 33.333333333333336%		Avg Cost: 1.9095333333333333
121.54391837037038
Train Accuracy: 33.333333333333336%		Avg Cost: 1.9095333333333333
121.54391837037038
Train Accuracy: 33.333333333333336%		Avg Cost: 1.9095333333333333
121.54391837037038
Train Accuracy: 33.333333333333336%		Avg Cost: 1.9095333333333333
121.54391837037038
Train Accuracy: 33.333333333333336%		Avg Cost: 1.9095333333333333
121.54391837037038
Train Accuracy: 33.333333333333336%		Avg Cost: 1.9258
123.62352133333334
Train Accuracy: 33.333333333333336%		Avg Cost: 1.9576
127.73992533333336
Train Accuracy: 33.333333333333336%		Avg Cost: 1.9095333333333333
121.54391837037038
Train Accuracy: 33.333333333333336%		Avg Cost: 2.0342666666666664
137.94136237037034
Train Accuracy: 33.333333333333336%		Avg Cost: 1.9545333333333332
127.34001837037036
Train Accuracy: 33.333333333333336%		Avg Cost: 1.9095333333333333
121.54391837037038
Train Accuracy: 33.333333333333336%		Avg Cost: 1.9095333333333333
121.54391837037038
Train Accuracy: 33.333333333333336%		Avg Cost: 1.9095333333333333
121.54391837037038
Train Accuracy: 33.333333333333336%		Avg Cost: 1.9095333333333333
121.54391837037038
Train Accuracy: 33.333333333333336%		Avg Cost: 1.985
131.34083333333334
Train Accuracy: 33.333333333333336%		Avg Cost: 1.9095333333333333
121.54391837037038
Train Accuracy: 33.333333333333336%		Avg Cost: 1.9095333333333333
121.54391837037038
Train Accuracy: 33.333333333333336%		Avg Cost: 1.9095333333333333
121.54391837037038
Train Accuracy: 33.333333333333336%		Avg Cost: 1.9095333333333333
121.54391837037038
Train Accuracy: 33.333333333333336%		Avg Cost: 1.9095333333333333
121.54391837037038
Train Accuracy: 33.333333333333336%		Avg Cost: 1.9095333333333333
121.54391837037038
Train Accuracy: 33.333333333333336%		Avg Cost: 1.9918
132.24224133333337
Train Accuracy: 33.333333333333336%		Avg Cost: 1.9095333333333333
121.54391837037038
Train Accuracy: 33.333333333333336%		Avg Cost: 1.9095333333333333
121.54391837037038
Train Accuracy: 33.333333333333336%		Avg Cost: 1.9594
127.97494533333334
Train Accuracy: 33.333333333333336%		Avg Cost: 1.9095333333333333
121.54391837037038
Train Accuracy: 33.333333333333336%		Avg Cost: 1.9095333333333333
121.54391837037038
Train Accuracy: 33.333333333333336%		Avg Cost: 1.9095333333333333
121.54391837037038
Train Accuracy: 33.333333333333336%		Avg Cost: 1.9095333333333333
121.54391837037038
Train Accuracy: 33.333333333333336%		Avg Cost: 2.1411333333333333
152.81506503703704
Train Accuracy: 33.333333333333336%		Avg Cost: 1.9095333333333333
121.54391837037038
Train Accuracy: 33.333333333333336%		Avg Cost: 1.9456
126.17864533333335
Train Accuracy: 33.333333333333336%		Avg Cost: 1.9095333333333333
121.54391837037038
Train Accuracy: 33.333333333333336%		Avg Cost: 1.9308666666666667
124.2748694814815
Train Accuracy: 33.333333333333336%		Avg Cost: 1.9784666666666666
130.47767837037037
Train Accuracy: 33.333333333333336%		Avg Cost: 1.9095333333333333
121.54391837037038
Train Accuracy: 33.333333333333336%		Avg Cost: 1.9982
133.09344133333335
Train Accuracy: 33.333333333333336%		Avg Cost: 1.9095333333333333
121.54391837037038
Train Accuracy: 33.333333333333336%		Avg Cost: 1.9599333333333333
128.04462237037038
Train Accuracy: 33.333333333333336%		Avg Cost: 1.9095333333333333
121.54391837037038
Train Accuracy: 33.333333333333336%		Avg Cost: 1.9448666666666667
126.08354503703706
Train Accuracy: 33.333333333333336%		Avg Cost: 1.9095333333333333
121.54391837037038
Train Accuracy: 33.333333333333336%		Avg Cost: 1.9893333333333334
131.91490370370371
Train Accuracy: 33.333333333333336%		Avg Cost: 1.9095333333333333
121.54391837037038
Train Accuracy: 33.333333333333336%		Avg Cost: 1.9095333333333333
121.54391837037038
Train Accuracy: 33.333333333333336%		Avg Cost: 1.9536
127.218432
Train Accuracy: 33.333333333333336%		Avg Cost: 1.9095333333333333
121.54391837037038
Train Accuracy: 33.333333333333336%		Avg Cost: 1.9095333333333333
121.54391837037038
Train Accuracy: 33.333333333333336%		Avg Cost: 1.9095333333333333
121.54391837037038
Train Accuracy: 33.333333333333336%		Avg Cost: 1.9095333333333333
121.54391837037038
Train Accuracy: 33.333333333333336%		Avg Cost: 1.9874666666666667
131.66745837037038
Train Accuracy: 33.333333333333336%		Avg Cost: 1.9095333333333333
121.54391837037038
Train Accuracy: 33.333333333333336%		Avg Cost: 1.9841333333333333
131.2261694814815
Train Accuracy: 33.333333333333336%		Avg Cost: 1.9095333333333333
121.54391837037038
Train Accuracy: 33.333333333333336%		Avg Cost: 1.9719333333333333
129.61736903703707
Train Accuracy: 33.333333333333336%		Avg Cost: 2.0502
140.110668
Train Accuracy: 33.333333333333336%		Avg Cost: 2.131066666666667
151.38150459259262
Train Accuracy: 33.333333333333336%		Avg Cost: 1.9095333333333333
121.54391837037038
Train Accuracy: 33.333333333333336%		Avg Cost: 1.9597333333333333
128.01849125925926
Train Accuracy: 33.333333333333336%		Avg Cost: 1.9833333333333334
131.12037037037038
Train Accuracy: 33.333333333333336%		Avg Cost: 2.0025333333333335
133.67132503703706
Train Accuracy: 33.333333333333336%		Avg Cost: 1.9874666666666667
131.66745837037038
Train Accuracy: 33.333333333333336%		Avg Cost: 1.9095333333333333
121.54391837037038
Train Accuracy: 33.333333333333336%		Avg Cost: 1.9884666666666666
131.7999894814815
Train Accuracy: 32.666666666666664%		Avg Cost: 1.9546
124.80173122666663
Train Accuracy: 33.333333333333336%		Avg Cost: 1.9455333333333333
126.16999837037037
Train Accuracy: 33.333333333333336%		Avg Cost: 1.9466
126.30838533333335
Train Accuracy: 33.333333333333336%		Avg Cost: 1.9650666666666667
128.7162334814815
Train Accuracy: 33.333333333333336%		Avg Cost: 1.9502666666666666
126.78466903703703
Train Accuracy: 33.333333333333336%		Avg Cost: 1.9095333333333333
121.54391837037038
Train Accuracy: 33.333333333333336%		Avg Cost: 1.9095333333333333
121.54391837037038
Train Accuracy: 33.333333333333336%		Avg Cost: 1.9095333333333333
121.54391837037038
Train Accuracy: 33.333333333333336%		Avg Cost: 1.9095333333333333
121.54391837037038
Train Accuracy: 33.333333333333336%		Avg Cost: 1.9599333333333333
128.04462237037038
Train Accuracy: 33.333333333333336%		Avg Cost: 1.9432666666666667
125.87617792592593
Train Accuracy: 33.333333333333336%		Avg Cost: 1.9095333333333333
121.54391837037038
Train Accuracy: 33.333333333333336%		Avg Cost: 2.0126
135.01862533333335
Train Accuracy: 33.333333333333336%		Avg Cost: 1.9580666666666666
127.80083570370371
Train Accuracy: 33.333333333333336%		Avg Cost: 1.9408666666666667
125.56544725925927
Train Accuracy: 33.333333333333336%		Avg Cost: 1.9454
126.15270533333336
Generation score: 12541.873252856309
Train Accuracy: 33.333333333333336%		Avg Cost: 1.9095333333333333
121.54391837037038
Train Accuracy: 33.333333333333336%		Avg Cost: 1.9470666666666667
126.36895348148151
Train Accuracy: 33.333333333333336%		Avg Cost: 2.0021333333333335
133.61792948148153
Train Accuracy: 33.333333333333336%		Avg Cost: 1.9450666666666667
126.10947792592593
Train Accuracy: 33.333333333333336%		Avg Cost: 1.9364666666666666
124.99677170370371
Train Accuracy: 33.333333333333336%		Avg Cost: 1.9753333333333334
130.06472592592593
Train Accuracy: 33.333333333333336%		Avg Cost: 1.9160666666666666
122.37704903703704
Train Accuracy: 33.333333333333336%		Avg Cost: 1.9095333333333333
121.54391837037038
Train Accuracy: 33.333333333333336%		Avg Cost: 1.9983333333333333
133.1112037037037
Train Accuracy: 33.333333333333336%		Avg Cost: 1.925
123.52083333333334
Train Accuracy: 33.333333333333336%		Avg Cost: 1.959
127.92270000000002
Train Accuracy: 33.333333333333336%		Avg Cost: 1.9095333333333333
121.54391837037038
Train Accuracy: 33.333333333333336%		Avg Cost: 1.9922
132.29536133333332
Train Accuracy: 33.333333333333336%		Avg Cost: 1.9095333333333333
121.54391837037038
Train Accuracy: 33.333333333333336%		Avg Cost: 1.9095333333333333
121.54391837037038
Train Accuracy: 33.333333333333336%		Avg Cost: 1.9095333333333333
121.54391837037038
Train Accuracy: 33.333333333333336%		Avg Cost: 1.9450666666666667
126.10947792592593
Train Accuracy: 33.333333333333336%		Avg Cost: 1.9095333333333333
121.54391837037038
Train Accuracy: 33.333333333333336%		Avg Cost: 1.9246666666666667
123.47805925925928
Train Accuracy: 33.333333333333336%		Avg Cost: 1.9449333333333334
126.09218903703704
Train Accuracy: 33.333333333333336%		Avg Cost: 1.9095333333333333
121.54391837037038
Train Accuracy: 33.333333333333336%		Avg Cost: 1.9095333333333333
121.54391837037038
Train Accuracy: 33.333333333333336%		Avg Cost: 1.9095333333333333
121.54391837037038
Train Accuracy: 33.333333333333336%		Avg Cost: 1.9784666666666666
130.47767837037037
Train Accuracy: 33.333333333333336%		Avg Cost: 1.9095333333333333
121.54391837037038
Train Accuracy: 33.333333333333336%		Avg Cost: 1.9441333333333333
125.98848059259258
Train Accuracy: 33.333333333333336%		Avg Cost: 1.9095333333333333
121.54391837037038
Train Accuracy: 33.333333333333336%		Avg Cost: 1.9871333333333334
131.62329614814817
Train Accuracy: 33.333333333333336%		Avg Cost: 1.9733333333333334
129.8014814814815
Train Accuracy: 33.333333333333336%		Avg Cost: 1.9564
127.58336533333333
Train Accuracy: 33.333333333333336%		Avg Cost: 1.9749333333333334
130.0120557037037
Train Accuracy: 33.333333333333336%		Avg Cost: 1.9650666666666667
128.7162334814815
Train Accuracy: 33.333333333333336%		Avg Cost: 1.9095333333333333
121.54391837037038
Train Accuracy: 33.333333333333336%		Avg Cost: 1.9095333333333333
121.54391837037038
Train Accuracy: 33.333333333333336%		Avg Cost: 1.9545333333333332
127.34001837037036
Train Accuracy: 33.333333333333336%		Avg Cost: 2.0028
133.70692800000003
Train Accuracy: 33.333333333333336%		Avg Cost: 1.9893333333333334
131.91490370370371
Train Accuracy: 33.333333333333336%		Avg Cost: 1.9095333333333333
121.54391837037038
Train Accuracy: 33.333333333333336%		Avg Cost: 1.9095333333333333
121.54391837037038
Train Accuracy: 33.333333333333336%		Avg Cost: 1.9596666666666667
128.0097814814815
Train Accuracy: 33.333333333333336%		Avg Cost: 1.9095333333333333
121.54391837037038
Train Accuracy: 33.333333333333336%		Avg Cost: 1.9951333333333334
132.68523392592593
Train Accuracy: 33.333333333333336%		Avg Cost: 2.1581333333333332
155.25131614814816
Train Accuracy: 33.333333333333336%		Avg Cost: 1.9449333333333334
126.09218903703704
Train Accuracy: 33.333333333333336%		Avg Cost: 1.9874666666666667
131.66745837037038
Train Accuracy: 33.333333333333336%		Avg Cost: 1.9095333333333333
121.54391837037038
Train Accuracy: 33.333333333333336%		Avg Cost: 1.9455333333333333
126.16999837037037
Train Accuracy: 33.333333333333336%		Avg Cost: 1.9596666666666667
128.0097814814815
Train Accuracy: 33.333333333333336%		Avg Cost: 1.9095333333333333
121.54391837037038
Train Accuracy: 33.333333333333336%		Avg Cost: 1.977
130.28430000000003
Train Accuracy: 33.333333333333336%		Avg Cost: 1.9095333333333333
121.54391837037038
Train Accuracy: 33.333333333333336%		Avg Cost: 1.9095333333333333
121.54391837037038
Train Accuracy: 33.333333333333336%		Avg Cost: 1.9095333333333333
121.54391837037038
Train Accuracy: 33.333333333333336%		Avg Cost: 1.9599333333333333
128.04462237037038
Train Accuracy: 33.333333333333336%		Avg Cost: 1.9095333333333333
121.54391837037038
Train Accuracy: 33.333333333333336%		Avg Cost: 1.9841333333333333
131.2261694814815
Train Accuracy: 33.333333333333336%		Avg Cost: 1.9095333333333333
121.54391837037038
Train Accuracy: 33.333333333333336%		Avg Cost: 1.9095333333333333
121.54391837037038
Train Accuracy: 33.333333333333336%		Avg Cost: 1.9095333333333333
121.54391837037038
Train Accuracy: 33.333333333333336%		Avg Cost: 1.9095333333333333
121.54391837037038
Train Accuracy: 33.333333333333336%		Avg Cost: 1.9095333333333333
121.54391837037038
Train Accuracy: 33.333333333333336%		Avg Cost: 1.9095333333333333
121.54391837037038
Train Accuracy: 33.333333333333336%		Avg Cost: 1.9095333333333333
121.54391837037038
Train Accuracy: 33.333333333333336%		Avg Cost: 1.9095333333333333
121.54391837037038
Train Accuracy: 33.333333333333336%		Avg Cost: 1.9580666666666666
127.80083570370371
Train Accuracy: 33.333333333333336%		Avg Cost: 1.9095333333333333
121.54391837037038
Train Accuracy: 33.333333333333336%		Avg Cost: 1.9095333333333333
121.54391837037038
Train Accuracy: 33.333333333333336%		Avg Cost: 1.9095333333333333
121.54391837037038
Train Accuracy: 33.333333333333336%		Avg Cost: 1.9426666666666668
125.79845925925927
Train Accuracy: 33.333333333333336%		Avg Cost: 1.9095333333333333
121.54391837037038
Train Accuracy: 33.333333333333336%		Avg Cost: 1.9456
126.17864533333335
Train Accuracy: 33.333333333333336%		Avg Cost: 1.9095333333333333
121.54391837037038
Train Accuracy: 33.333333333333336%		Avg Cost: 1.9885333333333333
131.80882725925926
Train Accuracy: 33.333333333333336%		Avg Cost: 1.9095333333333333
121.54391837037038
Train Accuracy: 33.333333333333336%		Avg Cost: 1.9408666666666667
125.56544725925927
Train Accuracy: 33.333333333333336%		Avg Cost: 1.9095333333333333
121.54391837037038
Train Accuracy: 33.333333333333336%		Avg Cost: 1.9284666666666668
123.96612281481484
Train Accuracy: 33.333333333333336%		Avg Cost: 1.9592666666666667
127.95752903703706
Train Accuracy: 33.333333333333336%		Avg Cost: 1.9095333333333333
121.54391837037038
Train Accuracy: 33.333333333333336%		Avg Cost: 1.9095333333333333
121.54391837037038
Train Accuracy: 33.333333333333336%		Avg Cost: 1.985
131.34083333333334
Train Accuracy: 33.333333333333336%		Avg Cost: 1.9351333333333334
124.82470059259259
Train Accuracy: 33.333333333333336%		Avg Cost: 2.1169333333333333
149.3802245925926
Train Accuracy: 33.333333333333336%		Avg Cost: 1.9095333333333333
121.54391837037038
Train Accuracy: 33.333333333333336%		Avg Cost: 1.9095333333333333
121.54391837037038
Train Accuracy: 33.333333333333336%		Avg Cost: 1.9095333333333333
121.54391837037038
Train Accuracy: 33.333333333333336%		Avg Cost: 1.9529333333333334
127.13162014814816
Train Accuracy: 33.333333333333336%		Avg Cost: 1.9095333333333333
121.54391837037038
Train Accuracy: 33.333333333333336%		Avg Cost: 1.9095333333333333
121.54391837037038
Train Accuracy: 33.333333333333336%		Avg Cost: 1.9095333333333333
121.54391837037038
Train Accuracy: 33.333333333333336%		Avg Cost: 1.9095333333333333
121.54391837037038
Train Accuracy: 33.333333333333336%		Avg Cost: 1.9952
132.69410133333335
Train Accuracy: 33.333333333333336%		Avg Cost: 1.9095333333333333
121.54391837037038
Train Accuracy: 33.333333333333336%		Avg Cost: 2.0126
135.01862533333335
Train Accuracy: 33.333333333333336%		Avg Cost: 1.9432
125.86754133333335
Train Accuracy: 33.333333333333336%		Avg Cost: 1.9095333333333333
121.54391837037038
Train Accuracy: 33.333333333333336%		Avg Cost: 1.9454666666666667
126.16135170370372
Train Accuracy: 33.333333333333336%		Avg Cost: 1.9596
128.00107200000002
Train Accuracy: 33.333333333333336%		Avg Cost: 1.9095333333333333
121.54391837037038
Train Accuracy: 33.333333333333336%		Avg Cost: 1.9095333333333333
121.54391837037038
Generation score: 12538.905797925932
Train Accuracy: 33.333333333333336%		Avg Cost: 1.9095333333333333
121.54391837037038
Train Accuracy: 33.333333333333336%		Avg Cost: 1.9095333333333333
121.54391837037038
Train Accuracy: 33.333333333333336%		Avg Cost: 1.9095333333333333
121.54391837037038
Train Accuracy: 33.333333333333336%		Avg Cost: 1.9095333333333333
121.54391837037038
Train Accuracy: 33.333333333333336%		Avg Cost: 1.9822
130.97056133333334
Train Accuracy: 33.333333333333336%		Avg Cost: 1.9095333333333333
121.54391837037038
Train Accuracy: 33.333333333333336%		Avg Cost: 1.9095333333333333
121.54391837037038
Train Accuracy: 33.333333333333336%		Avg Cost: 1.9095333333333333
121.54391837037038
Train Accuracy: 33.333333333333336%		Avg Cost: 1.9095333333333333
121.54391837037038
Train Accuracy: 33.333333333333336%		Avg Cost: 1.9095333333333333
121.54391837037038
Train Accuracy: 33.333333333333336%		Avg Cost: 1.9441333333333333
125.98848059259258
Train Accuracy: 33.333333333333336%		Avg Cost: 1.9902
132.029868
Train Accuracy: 33.333333333333336%		Avg Cost: 1.9095333333333333
121.54391837037038
Train Accuracy: 33.333333333333336%		Avg Cost: 1.9924
132.32192533333335
Train Accuracy: 33.333333333333336%		Avg Cost: 1.9584
127.844352
Train Accuracy: 33.333333333333336%		Avg Cost: 1.9885333333333333
131.80882725925926
Train Accuracy: 33.333333333333336%		Avg Cost: 1.9326
124.49809200000001
Train Accuracy: 33.333333333333336%		Avg Cost: 1.9784666666666666
130.47767837037037
Train Accuracy: 33.333333333333336%		Avg Cost: 1.9470666666666667
126.36895348148151
Train Accuracy: 33.333333333333336%		Avg Cost: 1.9951333333333334
132.68523392592593
Train Accuracy: 33.333333333333336%		Avg Cost: 1.9449333333333334
126.09218903703704
Train Accuracy: 33.333333333333336%		Avg Cost: 1.9560666666666666
127.53989348148147
Train Accuracy: 33.333333333333336%		Avg Cost: 1.9515333333333333
126.9494117037037
Train Accuracy: 33.333333333333336%		Avg Cost: 1.9095333333333333
121.54391837037038
Train Accuracy: 33.333333333333336%		Avg Cost: 1.9893333333333334
131.91490370370371
Train Accuracy: 33.333333333333336%		Avg Cost: 1.9572
127.68772800000002
Train Accuracy: 33.333333333333336%		Avg Cost: 1.9322
124.44656133333332
Train Accuracy: 33.333333333333336%		Avg Cost: 1.9364666666666666
124.99677170370371
Train Accuracy: 33.333333333333336%		Avg Cost: 1.9095333333333333
121.54391837037038
Train Accuracy: 33.333333333333336%		Avg Cost: 1.9095333333333333
121.54391837037038
Train Accuracy: 33.333333333333336%		Avg Cost: 1.9650666666666667
128.7162334814815
Train Accuracy: 33.333333333333336%		Avg Cost: 1.9523333333333333
127.05351481481482
Train Accuracy: 33.333333333333336%		Avg Cost: 1.9984666666666666
133.12896725925927
Train Accuracy: 33.333333333333336%		Avg Cost: 1.9095333333333333
121.54391837037038
Train Accuracy: 33.333333333333336%		Avg Cost: 1.9793333333333334
130.59201481481483
Train Accuracy: 33.333333333333336%		Avg Cost: 1.9095333333333333
121.54391837037038
Train Accuracy: 33.333333333333336%		Avg Cost: 1.9095333333333333
121.54391837037038
Train Accuracy: 33.333333333333336%		Avg Cost: 1.9095333333333333
121.54391837037038
Train Accuracy: 33.333333333333336%		Avg Cost: 1.9544666666666666
127.3313317037037
Train Accuracy: 33.333333333333336%		Avg Cost: 1.9095333333333333
121.54391837037038
Train Accuracy: 33.333333333333336%		Avg Cost: 1.9095333333333333
121.54391837037038
Train Accuracy: 33.333333333333336%		Avg Cost: 1.9095333333333333
121.54391837037038
Train Accuracy: 33.333333333333336%		Avg Cost: 1.9095333333333333
121.54391837037038
Train Accuracy: 33.333333333333336%		Avg Cost: 1.9580666666666666
127.80083570370371
Train Accuracy: 33.333333333333336%		Avg Cost: 1.9095333333333333
121.54391837037038
Train Accuracy: 33.333333333333336%		Avg Cost: 1.9753333333333334
130.06472592592593
Train Accuracy: 33.333333333333336%		Avg Cost: 1.9095333333333333
121.54391837037038
Train Accuracy: 33.333333333333336%		Avg Cost: 1.9095333333333333
121.54391837037038
Train Accuracy: 33.333333333333336%		Avg Cost: 1.9408666666666667
125.56544725925927
Train Accuracy: 33.333333333333336%		Avg Cost: 1.9597333333333333
128.01849125925926
Train Accuracy: 33.333333333333336%		Avg Cost: 1.9422666666666666
125.74666014814815
Train Accuracy: 33.333333333333336%		Avg Cost: 1.9095333333333333
121.54391837037038
Train Accuracy: 33.333333333333336%		Avg Cost: 1.9095333333333333
121.54391837037038
Train Accuracy: 33.333333333333336%		Avg Cost: 2.0533333333333332
140.53925925925924
Train Accuracy: 33.333333333333336%		Avg Cost: 1.9449333333333334
126.09218903703704
Train Accuracy: 33.333333333333336%		Avg Cost: 1.9095333333333333
121.54391837037038
Train Accuracy: 33.333333333333336%		Avg Cost: 1.9095333333333333
121.54391837037038
Train Accuracy: 33.333333333333336%		Avg Cost: 1.9095333333333333
121.54391837037038
Train Accuracy: 33.333333333333336%		Avg Cost: 1.9446666666666668
126.05761481481485
Train Accuracy: 33.333333333333336%		Avg Cost: 1.9095333333333333
121.54391837037038
Train Accuracy: 33.333333333333336%		Avg Cost: 2.0214
136.20193199999997
Train Accuracy: 33.333333333333336%		Avg Cost: 1.9952
132.69410133333335
Train Accuracy: 33.333333333333336%		Avg Cost: 1.9599333333333333
128.04462237037038
Train Accuracy: 33.333333333333336%		Avg Cost: 1.9095333333333333
121.54391837037038
Train Accuracy: 33.333333333333336%		Avg Cost: 1.9095333333333333
121.54391837037038
Train Accuracy: 33.333333333333336%		Avg Cost: 1.9240666666666666
123.40108459259258
Train Accuracy: 33.333333333333336%		Avg Cost: 1.9095333333333333
121.54391837037038
Train Accuracy: 33.333333333333336%		Avg Cost: 1.9095333333333333
121.54391837037038
Train Accuracy: 33.333333333333336%		Avg Cost: 1.9095333333333333
121.54391837037038
Train Accuracy: 33.333333333333336%		Avg Cost: 1.9676
129.04832533333334
Train Accuracy: 33.333333333333336%		Avg Cost: 1.9198
122.85440133333334
Train Accuracy: 33.333333333333336%		Avg Cost: 1.9095333333333333
121.54391837037038
Train Accuracy: 33.333333333333336%		Avg Cost: 1.9095333333333333
121.54391837037038
Train Accuracy: 33.333333333333336%		Avg Cost: 1.9424
125.76392533333333
Train Accuracy: 33.333333333333336%		Avg Cost: 1.9095333333333333
121.54391837037038
Train Accuracy: 33.333333333333336%		Avg Cost: 1.9095333333333333
121.54391837037038
Train Accuracy: 33.333333333333336%		Avg Cost: 1.9095333333333333
121.54391837037038
Train Accuracy: 33.333333333333336%		Avg Cost: 1.9456666666666667
126.18729259259258
Train Accuracy: 33.333333333333336%		Avg Cost: 1.9160666666666666
122.37704903703704
Train Accuracy: 33.333333333333336%		Avg Cost: 1.9095333333333333
121.54391837037038
Train Accuracy: 33.333333333333336%		Avg Cost: 1.9655333333333334
128.77737614814816
Train Accuracy: 33.333333333333336%		Avg Cost: 1.9095333333333333
121.54391837037038
Train Accuracy: 33.333333333333336%		Avg Cost: 1.9213333333333333
123.05072592592595
Train Accuracy: 33.333333333333336%		Avg Cost: 1.9095333333333333
121.54391837037038
Train Accuracy: 33.333333333333336%		Avg Cost: 2.1581333333333332
155.25131614814816
Train Accuracy: 33.333333333333336%		Avg Cost: 2.0033333333333334
133.77814814814818
Train Accuracy: 33.333333333333336%		Avg Cost: 1.9095333333333333
121.54391837037038
Train Accuracy: 33.333333333333336%		Avg Cost: 1.9740666666666666
129.8979734814815
Train Accuracy: 33.333333333333336%		Avg Cost: 1.9594
Train Accuracy: 33.333333333333336%		Avg Cost: 1.9095333333333333
127.97494533333334
121.54391837037038
Train Accuracy: 33.333333333333336%		Avg Cost: 1.9095333333333333
121.54391837037038
Train Accuracy: 33.333333333333336%		Avg Cost: 1.9095333333333333
121.54391837037038
Train Accuracy: 33.333333333333336%		Avg Cost: 1.9095333333333333
121.54391837037038
Train Accuracy: 33.333333333333336%		Avg Cost: 1.9095333333333333
121.54391837037038
Train Accuracy: 33.333333333333336%		Avg Cost: 1.985
Train Accuracy: 33.333333333333336%		Avg Cost: 1.9095333333333333
121.54391837037038
131.34083333333334
Train Accuracy: 33.333333333333336%		Avg Cost: 1.9303333333333332
124.20622592592592
Train Accuracy: 33.333333333333336%		Avg Cost: 1.9446
126.04897200000002
Train Accuracy: 33.333333333333336%		Avg Cost: 1.9455333333333333
126.16999837037037
Train Accuracy: 33.333333333333336%		Avg Cost: 1.9856666666666667
131.4290703703704
Generation score: 12523.022954370377
]]></system-out>
  <system-err><![CDATA[]]></system-err>
</testsuite>
